[   63252ms] [ERROR] Failed to load resource: the server responded with a status of 404 (Not Found) @ http://localhost:1423/src/routes/rail-demo/+page.svelte?t=1782564318442:0
[   63253ms] [ERROR] [vite] Failed to reload /src/routes/rail-demo/+page.svelte. This could be due to syntax errors or importing non-existent modules. (see errors above) @ http://localhost:1423/@vite/client:881
[   63255ms] TypeError: Cannot read properties of undefined (reading 'default')
    at http://localhost:1423/src/routes/rail-demo/+page.svelte:93:30
    at http://localhost:1423/@vite/client:46:60
    at http://localhost:1423/@vite/client:213:11
    at http://localhost:1423/@vite/client:186:58
    at Array.forEach (<anonymous>)
    at HMRClient.queueUpdate (http://localhost:1423/@vite/client:186:36)
    at async Promise.all (index 0)
    at async handleMessage (http://localhost:1423/@vite/client:927:7)
[   63409ms] [ERROR] Failed to load resource: the server responded with a status of 404 (Not Found) @ http://localhost:1423/rail-demo:0
[   63444ms] [WARNING] The next HMR update will cause the page to reload @ http://localhost:1423/node_modules/@sveltejs/kit/src/runtime/client/client.js?v=7577d241:3377
[   63444ms] [ERROR] SvelteKitError: Not found: /rail-demo
    at navigate (http://localhost:1423/node_modules/@sveltejs/kit/src/runtime/client/client.js?v=7577d241:1748:24)
    at async Module.start (http://localhost:1423/node_modules/@sveltejs/kit/src/runtime/client/client.js?v=7577d241:393:3) @ http://localhost:1423/@fs/home/tim/Repositories/arlen/apps/harness/.svelte-kit/generated/client/app.js:23
[   93174ms] [ERROR] Failed to load resource: the server responded with a status of 404 (Not Found) @ http://localhost:1423/rail-demo:0
[   93208ms] [WARNING] The next HMR update will cause the page to reload @ http://localhost:1423/node_modules/@sveltejs/kit/src/runtime/client/client.js?v=7577d241:3377
[   93208ms] [ERROR] SvelteKitError: Not found: /rail-demo
    at navigate (http://localhost:1423/node_modules/@sveltejs/kit/src/runtime/client/client.js?v=7577d241:1748:24)
    at async Module.start (http://localhost:1423/node_modules/@sveltejs/kit/src/runtime/client/client.js?v=7577d241:393:3) @ http://localhost:1423/@fs/home/tim/Repositories/arlen/apps/harness/.svelte-kit/generated/client/app.js:23
