[   50005ms] [ERROR] Failed to load resource: the server responded with a status of 404 (Not Found) @ http://localhost:1423/src/routes/po-demo/+page.svelte?t=1782578811329:0
[   50005ms] [ERROR] [vite] Failed to reload /src/routes/po-demo/+page.svelte. This could be due to syntax errors or importing non-existent modules. (see errors above) @ http://localhost:1423/@vite/client:881
[   50068ms] TypeError: Cannot read properties of undefined (reading 'default')
    at http://localhost:1423/src/routes/po-demo/+page.svelte:53:30
    at http://localhost:1423/@vite/client:46:60
    at http://localhost:1423/@vite/client:213:11
    at http://localhost:1423/@vite/client:186:58
    at Array.forEach (<anonymous>)
    at HMRClient.queueUpdate (http://localhost:1423/@vite/client:186:36)
    at async Promise.all (index 0)
    at async handleMessage (http://localhost:1423/@vite/client:927:7)
[   50163ms] [ERROR] Failed to load resource: the server responded with a status of 404 (Not Found) @ http://localhost:1423/po-demo:0
[   50193ms] [WARNING] The next HMR update will cause the page to reload @ http://localhost:1423/node_modules/@sveltejs/kit/src/runtime/client/client.js?v=7577d241:3377
[   50193ms] [ERROR] SvelteKitError: Not found: /po-demo
    at navigate (http://localhost:1423/node_modules/@sveltejs/kit/src/runtime/client/client.js?v=7577d241:1748:24)
    at async Module.start (http://localhost:1423/node_modules/@sveltejs/kit/src/runtime/client/client.js?v=7577d241:393:3) @ http://localhost:1423/@fs/home/tim/Repositories/arlen/apps/harness/.svelte-kit/generated/client/app.js:23
[ 2978193ms] [ERROR] Failed to load resource: the server responded with a status of 404 (Not Found) @ http://localhost:1423/po-demo:0
[ 2978208ms] [WARNING] The next HMR update will cause the page to reload @ http://localhost:1423/node_modules/@sveltejs/kit/src/runtime/client/client.js?v=7577d241:3377
[ 2978208ms] [ERROR] SvelteKitError: Not found: /po-demo
    at navigate (http://localhost:1423/node_modules/@sveltejs/kit/src/runtime/client/client.js?v=7577d241:1748:24)
    at async Module.start (http://localhost:1423/node_modules/@sveltejs/kit/src/runtime/client/client.js?v=7577d241:393:3) @ http://localhost:1423/@fs/home/tim/Repositories/arlen/apps/harness/.svelte-kit/generated/client/app.js:23
[ 2987124ms] [ERROR] Failed to load resource: the server responded with a status of 404 (Not Found) @ http://localhost:1423/po-demo:0
[ 2987139ms] [WARNING] The next HMR update will cause the page to reload @ http://localhost:1423/node_modules/@sveltejs/kit/src/runtime/client/client.js?v=7577d241:3377
[ 2987139ms] [ERROR] SvelteKitError: Not found: /po-demo
    at navigate (http://localhost:1423/node_modules/@sveltejs/kit/src/runtime/client/client.js?v=7577d241:1748:24)
    at async Module.start (http://localhost:1423/node_modules/@sveltejs/kit/src/runtime/client/client.js?v=7577d241:393:3) @ http://localhost:1423/@fs/home/tim/Repositories/arlen/apps/harness/.svelte-kit/generated/client/app.js:23
[ 2998987ms] [ERROR] Failed to load resource: the server responded with a status of 404 (Not Found) @ http://localhost:1423/po-demo:0
[ 2998999ms] [WARNING] The next HMR update will cause the page to reload @ http://localhost:1423/node_modules/@sveltejs/kit/src/runtime/client/client.js?v=7577d241:3377
[ 2999000ms] [ERROR] SvelteKitError: Not found: /po-demo
    at navigate (http://localhost:1423/node_modules/@sveltejs/kit/src/runtime/client/client.js?v=7577d241:1748:24)
    at async Module.start (http://localhost:1423/node_modules/@sveltejs/kit/src/runtime/client/client.js?v=7577d241:393:3) @ http://localhost:1423/@fs/home/tim/Repositories/arlen/apps/harness/.svelte-kit/generated/client/app.js:23
[ 3005043ms] [ERROR] Failed to load resource: the server responded with a status of 404 (Not Found) @ http://localhost:1423/po-demo:0
[ 3005066ms] [WARNING] The next HMR update will cause the page to reload @ http://localhost:1423/node_modules/@sveltejs/kit/src/runtime/client/client.js?v=7577d241:3377
[ 3005066ms] [ERROR] SvelteKitError: Not found: /po-demo
    at navigate (http://localhost:1423/node_modules/@sveltejs/kit/src/runtime/client/client.js?v=7577d241:1748:24)
    at async Module.start (http://localhost:1423/node_modules/@sveltejs/kit/src/runtime/client/client.js?v=7577d241:393:3) @ http://localhost:1423/@fs/home/tim/Repositories/arlen/apps/harness/.svelte-kit/generated/client/app.js:23
[ 3024492ms] [ERROR] Failed to load resource: the server responded with a status of 404 (Not Found) @ http://localhost:1423/po-demo:0
[ 3024507ms] [WARNING] The next HMR update will cause the page to reload @ http://localhost:1423/node_modules/@sveltejs/kit/src/runtime/client/client.js?v=7577d241:3377
[ 3024507ms] [ERROR] SvelteKitError: Not found: /po-demo
    at navigate (http://localhost:1423/node_modules/@sveltejs/kit/src/runtime/client/client.js?v=7577d241:1748:24)
    at async Module.start (http://localhost:1423/node_modules/@sveltejs/kit/src/runtime/client/client.js?v=7577d241:393:3) @ http://localhost:1423/@fs/home/tim/Repositories/arlen/apps/harness/.svelte-kit/generated/client/app.js:23
[ 3024646ms] [ERROR] Failed to load resource: the server responded with a status of 404 (Not Found) @ http://localhost:1423/po-demo:0
[ 3024660ms] [WARNING] The next HMR update will cause the page to reload @ http://localhost:1423/node_modules/@sveltejs/kit/src/runtime/client/client.js?v=7577d241:3377
[ 3024660ms] [ERROR] SvelteKitError: Not found: /po-demo
    at navigate (http://localhost:1423/node_modules/@sveltejs/kit/src/runtime/client/client.js?v=7577d241:1748:24)
    at async Module.start (http://localhost:1423/node_modules/@sveltejs/kit/src/runtime/client/client.js?v=7577d241:393:3) @ http://localhost:1423/@fs/home/tim/Repositories/arlen/apps/harness/.svelte-kit/generated/client/app.js:25
