[     155ms] [WARNING] initArlenTheme: initial theme load failed: TypeError: Cannot read properties of undefined (reading 'invoke')
    at invoke (http://localhost:1429/node_modules/.vite/deps/chunk-2PXI7ISQ.js?v=cad77249:109:37)
    at initArlenTheme (http://localhost:1429/@fs/home/tim/Repositories/arlen/sdk/ui-kit/src/lib/theme.ts:24:23)
    at http://localhost:1429/src/routes/+layout.svelte?t=1782546730863:25:8
    at untrack (http://localhost:1429/node_modules/.vite/deps/chunk-4FLRTTF3.js?v=cad77249:4510:12)
    at $effect (http://localhost:1429/node_modules/.vite/deps/chunk-BZHFQOHE.js?v=cad77249:4313:23)
    at update_reaction (http://localhost:1429/node_modules/.vite/deps/chunk-4FLRTTF3.js?v=cad77249:4192:18)
    at update_effect (http://localhost:1429/node_modules/.vite/deps/chunk-4FLRTTF3.js?v=cad77249:4333:21)
    at flush_queued_effects (http://localhost:1429/node_modules/.vite/deps/chunk-4FLRTTF3.js?v=cad77249:3312:7)
    at _Batch.process_fn (http://localhost:1429/node_modules/.vite/deps/chunk-4FLRTTF3.js?v=cad77249:3004:3)
    at _Batch.flush (http://localhost:1429/node_modules/.vite/deps/chunk-4FLRTTF3.js?v=cad77249:2734:59) @ http://localhost:1429/node_modules/@sveltejs/kit/src/runtime/client/client.js?v=cad77249:3440
[     158ms] TypeError: Cannot read properties of undefined (reading 'transformCallback')
    at transformCallback (http://localhost:1429/node_modules/.vite/deps/chunk-2PXI7ISQ.js?v=cad77249:22:37)
    at listen (http://localhost:1429/node_modules/.vite/deps/chunk-2GIJP7T6.js?v=cad77249:37:14)
    at initArlenTheme (http://localhost:1429/@fs/home/tim/Repositories/arlen/sdk/ui-kit/src/lib/theme.ts:29:26)
[  366481ms] [WARNING] initArlenTheme: initial theme load failed: TypeError: Cannot read properties of undefined (reading 'invoke')
    at invoke (http://localhost:1429/node_modules/.vite/deps/chunk-2PXI7ISQ.js?v=cad77249:109:37)
    at initArlenTheme (http://localhost:1429/@fs/home/tim/Repositories/arlen/sdk/ui-kit/src/lib/theme.ts:24:23)
    at http://localhost:1429/src/routes/+layout.svelte?t=1782547249322:25:8
    at untrack (http://localhost:1429/node_modules/.vite/deps/chunk-4FLRTTF3.js?v=cad77249:4510:12)
    at $effect (http://localhost:1429/node_modules/.vite/deps/chunk-BZHFQOHE.js?v=cad77249:4313:23)
    at update_reaction (http://localhost:1429/node_modules/.vite/deps/chunk-4FLRTTF3.js?v=cad77249:4192:18)
    at update_effect (http://localhost:1429/node_modules/.vite/deps/chunk-4FLRTTF3.js?v=cad77249:4333:21)
    at flush_queued_effects (http://localhost:1429/node_modules/.vite/deps/chunk-4FLRTTF3.js?v=cad77249:3312:7)
    at _Batch.process_fn (http://localhost:1429/node_modules/.vite/deps/chunk-4FLRTTF3.js?v=cad77249:3004:3)
    at _Batch.flush (http://localhost:1429/node_modules/.vite/deps/chunk-4FLRTTF3.js?v=cad77249:2734:59) @ http://localhost:1429/node_modules/@sveltejs/kit/src/runtime/client/client.js?v=cad77249:3440
[  366484ms] TypeError: Cannot read properties of undefined (reading 'transformCallback')
    at transformCallback (http://localhost:1429/node_modules/.vite/deps/chunk-2PXI7ISQ.js?v=cad77249:22:37)
    at listen (http://localhost:1429/node_modules/.vite/deps/chunk-2GIJP7T6.js?v=cad77249:37:14)
    at initArlenTheme (http://localhost:1429/@fs/home/tim/Repositories/arlen/sdk/ui-kit/src/lib/theme.ts:29:26)
[  373714ms] [WARNING] initArlenTheme: initial theme load failed: TypeError: Cannot read properties of undefined (reading 'invoke')
    at invoke (http://localhost:1429/node_modules/.vite/deps/chunk-2PXI7ISQ.js?v=cad77249:109:37)
    at initArlenTheme (http://localhost:1429/@fs/home/tim/Repositories/arlen/sdk/ui-kit/src/lib/theme.ts:24:23)
    at http://localhost:1429/src/routes/+layout.svelte?t=1782547256634:25:8
    at untrack (http://localhost:1429/node_modules/.vite/deps/chunk-4FLRTTF3.js?v=cad77249:4510:12)
    at $effect (http://localhost:1429/node_modules/.vite/deps/chunk-BZHFQOHE.js?v=cad77249:4313:23)
    at update_reaction (http://localhost:1429/node_modules/.vite/deps/chunk-4FLRTTF3.js?v=cad77249:4192:18)
    at update_effect (http://localhost:1429/node_modules/.vite/deps/chunk-4FLRTTF3.js?v=cad77249:4333:21)
    at flush_queued_effects (http://localhost:1429/node_modules/.vite/deps/chunk-4FLRTTF3.js?v=cad77249:3312:7)
    at _Batch.process_fn (http://localhost:1429/node_modules/.vite/deps/chunk-4FLRTTF3.js?v=cad77249:3004:3)
    at _Batch.flush (http://localhost:1429/node_modules/.vite/deps/chunk-4FLRTTF3.js?v=cad77249:2734:59) @ http://localhost:1429/node_modules/@sveltejs/kit/src/runtime/client/client.js?v=cad77249:3440
[  373723ms] TypeError: Cannot read properties of undefined (reading 'transformCallback')
    at transformCallback (http://localhost:1429/node_modules/.vite/deps/chunk-2PXI7ISQ.js?v=cad77249:22:37)
    at listen (http://localhost:1429/node_modules/.vite/deps/chunk-2GIJP7T6.js?v=cad77249:37:14)
    at initArlenTheme (http://localhost:1429/@fs/home/tim/Repositories/arlen/sdk/ui-kit/src/lib/theme.ts:29:26)
[  385811ms] [WARNING] initArlenTheme: initial theme load failed: TypeError: Cannot read properties of undefined (reading 'invoke')
    at invoke (http://localhost:1429/node_modules/.vite/deps/chunk-2PXI7ISQ.js?v=cad77249:109:37)
    at initArlenTheme (http://localhost:1429/@fs/home/tim/Repositories/arlen/sdk/ui-kit/src/lib/theme.ts:24:23)
    at http://localhost:1429/src/routes/+layout.svelte?t=1782547268730:25:8
    at untrack (http://localhost:1429/node_modules/.vite/deps/chunk-4FLRTTF3.js?v=cad77249:4510:12)
    at $effect (http://localhost:1429/node_modules/.vite/deps/chunk-BZHFQOHE.js?v=cad77249:4313:23)
    at update_reaction (http://localhost:1429/node_modules/.vite/deps/chunk-4FLRTTF3.js?v=cad77249:4192:18)
    at update_effect (http://localhost:1429/node_modules/.vite/deps/chunk-4FLRTTF3.js?v=cad77249:4333:21)
    at flush_queued_effects (http://localhost:1429/node_modules/.vite/deps/chunk-4FLRTTF3.js?v=cad77249:3312:7)
    at _Batch.process_fn (http://localhost:1429/node_modules/.vite/deps/chunk-4FLRTTF3.js?v=cad77249:3004:3)
    at _Batch.flush (http://localhost:1429/node_modules/.vite/deps/chunk-4FLRTTF3.js?v=cad77249:2734:59) @ http://localhost:1429/node_modules/@sveltejs/kit/src/runtime/client/client.js?v=cad77249:3440
[  385816ms] TypeError: Cannot read properties of undefined (reading 'transformCallback')
    at transformCallback (http://localhost:1429/node_modules/.vite/deps/chunk-2PXI7ISQ.js?v=cad77249:22:37)
    at listen (http://localhost:1429/node_modules/.vite/deps/chunk-2GIJP7T6.js?v=cad77249:37:14)
    at initArlenTheme (http://localhost:1429/@fs/home/tim/Repositories/arlen/sdk/ui-kit/src/lib/theme.ts:29:26)
[  395159ms] [WARNING] initArlenTheme: initial theme load failed: TypeError: Cannot read properties of undefined (reading 'invoke')
    at invoke (http://localhost:1429/node_modules/.vite/deps/chunk-2PXI7ISQ.js?v=cad77249:109:37)
    at initArlenTheme (http://localhost:1429/@fs/home/tim/Repositories/arlen/sdk/ui-kit/src/lib/theme.ts:24:23)
    at http://localhost:1429/src/routes/+layout.svelte?t=1782547278039:25:8
    at untrack (http://localhost:1429/node_modules/.vite/deps/chunk-4FLRTTF3.js?v=cad77249:4510:12)
    at $effect (http://localhost:1429/node_modules/.vite/deps/chunk-BZHFQOHE.js?v=cad77249:4313:23)
    at update_reaction (http://localhost:1429/node_modules/.vite/deps/chunk-4FLRTTF3.js?v=cad77249:4192:18)
    at update_effect (http://localhost:1429/node_modules/.vite/deps/chunk-4FLRTTF3.js?v=cad77249:4333:21)
    at flush_queued_effects (http://localhost:1429/node_modules/.vite/deps/chunk-4FLRTTF3.js?v=cad77249:3312:7)
    at _Batch.process_fn (http://localhost:1429/node_modules/.vite/deps/chunk-4FLRTTF3.js?v=cad77249:3004:3)
    at _Batch.flush (http://localhost:1429/node_modules/.vite/deps/chunk-4FLRTTF3.js?v=cad77249:2734:59) @ http://localhost:1429/node_modules/@sveltejs/kit/src/runtime/client/client.js?v=cad77249:3440
[  395163ms] TypeError: Cannot read properties of undefined (reading 'transformCallback')
    at transformCallback (http://localhost:1429/node_modules/.vite/deps/chunk-2PXI7ISQ.js?v=cad77249:22:37)
    at listen (http://localhost:1429/node_modules/.vite/deps/chunk-2GIJP7T6.js?v=cad77249:37:14)
    at initArlenTheme (http://localhost:1429/@fs/home/tim/Repositories/arlen/sdk/ui-kit/src/lib/theme.ts:29:26)
[  432701ms] [WARNING] initArlenTheme: initial theme load failed: TypeError: Cannot read properties of undefined (reading 'invoke')
    at invoke (http://localhost:1429/node_modules/.vite/deps/chunk-2PXI7ISQ.js?v=cad77249:109:37)
    at initArlenTheme (http://localhost:1429/@fs/home/tim/Repositories/arlen/sdk/ui-kit/src/lib/theme.ts:24:23)
    at http://localhost:1429/src/routes/+layout.svelte?t=1782547315540:25:8
    at untrack (http://localhost:1429/node_modules/.vite/deps/chunk-4FLRTTF3.js?v=cad77249:4510:12)
    at $effect (http://localhost:1429/node_modules/.vite/deps/chunk-BZHFQOHE.js?v=cad77249:4313:23)
    at update_reaction (http://localhost:1429/node_modules/.vite/deps/chunk-4FLRTTF3.js?v=cad77249:4192:18)
    at update_effect (http://localhost:1429/node_modules/.vite/deps/chunk-4FLRTTF3.js?v=cad77249:4333:21)
    at flush_queued_effects (http://localhost:1429/node_modules/.vite/deps/chunk-4FLRTTF3.js?v=cad77249:3312:7)
    at _Batch.process_fn (http://localhost:1429/node_modules/.vite/deps/chunk-4FLRTTF3.js?v=cad77249:3004:3)
    at _Batch.flush (http://localhost:1429/node_modules/.vite/deps/chunk-4FLRTTF3.js?v=cad77249:2734:59) @ http://localhost:1429/node_modules/@sveltejs/kit/src/runtime/client/client.js?v=cad77249:3440
[  432703ms] TypeError: Cannot read properties of undefined (reading 'transformCallback')
    at transformCallback (http://localhost:1429/node_modules/.vite/deps/chunk-2PXI7ISQ.js?v=cad77249:22:37)
    at listen (http://localhost:1429/node_modules/.vite/deps/chunk-2GIJP7T6.js?v=cad77249:37:14)
    at initArlenTheme (http://localhost:1429/@fs/home/tim/Repositories/arlen/sdk/ui-kit/src/lib/theme.ts:29:26)
[  468678ms] [WARNING] initArlenTheme: initial theme load failed: TypeError: Cannot read properties of undefined (reading 'invoke')
    at invoke (http://localhost:1429/node_modules/.vite/deps/chunk-2PXI7ISQ.js?v=cad77249:109:37)
    at initArlenTheme (http://localhost:1429/@fs/home/tim/Repositories/arlen/sdk/ui-kit/src/lib/theme.ts:24:23)
    at http://localhost:1429/src/routes/+layout.svelte?t=1782547351586:25:8
    at untrack (http://localhost:1429/node_modules/.vite/deps/chunk-4FLRTTF3.js?v=cad77249:4510:12)
    at $effect (http://localhost:1429/node_modules/.vite/deps/chunk-BZHFQOHE.js?v=cad77249:4313:23)
    at update_reaction (http://localhost:1429/node_modules/.vite/deps/chunk-4FLRTTF3.js?v=cad77249:4192:18)
    at update_effect (http://localhost:1429/node_modules/.vite/deps/chunk-4FLRTTF3.js?v=cad77249:4333:21)
    at flush_queued_effects (http://localhost:1429/node_modules/.vite/deps/chunk-4FLRTTF3.js?v=cad77249:3312:7)
    at _Batch.process_fn (http://localhost:1429/node_modules/.vite/deps/chunk-4FLRTTF3.js?v=cad77249:3004:3)
    at _Batch.flush (http://localhost:1429/node_modules/.vite/deps/chunk-4FLRTTF3.js?v=cad77249:2734:59) @ http://localhost:1429/node_modules/@sveltejs/kit/src/runtime/client/client.js?v=cad77249:3440
[  468685ms] TypeError: Cannot read properties of undefined (reading 'transformCallback')
    at transformCallback (http://localhost:1429/node_modules/.vite/deps/chunk-2PXI7ISQ.js?v=cad77249:22:37)
    at listen (http://localhost:1429/node_modules/.vite/deps/chunk-2GIJP7T6.js?v=cad77249:37:14)
    at initArlenTheme (http://localhost:1429/@fs/home/tim/Repositories/arlen/sdk/ui-kit/src/lib/theme.ts:29:26)
[  480786ms] [WARNING] initArlenTheme: initial theme load failed: TypeError: Cannot read properties of undefined (reading 'invoke')
    at invoke (http://localhost:1429/node_modules/.vite/deps/chunk-2PXI7ISQ.js?v=cad77249:109:37)
    at initArlenTheme (http://localhost:1429/@fs/home/tim/Repositories/arlen/sdk/ui-kit/src/lib/theme.ts:24:23)
    at http://localhost:1429/src/routes/+layout.svelte?t=1782547363694:25:8
    at untrack (http://localhost:1429/node_modules/.vite/deps/chunk-4FLRTTF3.js?v=cad77249:4510:12)
    at $effect (http://localhost:1429/node_modules/.vite/deps/chunk-BZHFQOHE.js?v=cad77249:4313:23)
    at update_reaction (http://localhost:1429/node_modules/.vite/deps/chunk-4FLRTTF3.js?v=cad77249:4192:18)
    at update_effect (http://localhost:1429/node_modules/.vite/deps/chunk-4FLRTTF3.js?v=cad77249:4333:21)
    at flush_queued_effects (http://localhost:1429/node_modules/.vite/deps/chunk-4FLRTTF3.js?v=cad77249:3312:7)
    at _Batch.process_fn (http://localhost:1429/node_modules/.vite/deps/chunk-4FLRTTF3.js?v=cad77249:3004:3)
    at _Batch.flush (http://localhost:1429/node_modules/.vite/deps/chunk-4FLRTTF3.js?v=cad77249:2734:59) @ http://localhost:1429/node_modules/@sveltejs/kit/src/runtime/client/client.js?v=cad77249:3440
[  480790ms] TypeError: Cannot read properties of undefined (reading 'transformCallback')
    at transformCallback (http://localhost:1429/node_modules/.vite/deps/chunk-2PXI7ISQ.js?v=cad77249:22:37)
    at listen (http://localhost:1429/node_modules/.vite/deps/chunk-2GIJP7T6.js?v=cad77249:37:14)
    at initArlenTheme (http://localhost:1429/@fs/home/tim/Repositories/arlen/sdk/ui-kit/src/lib/theme.ts:29:26)
[  489190ms] [WARNING] initArlenTheme: initial theme load failed: TypeError: Cannot read properties of undefined (reading 'invoke')
    at invoke (http://localhost:1429/node_modules/.vite/deps/chunk-2PXI7ISQ.js?v=cad77249:109:37)
    at initArlenTheme (http://localhost:1429/@fs/home/tim/Repositories/arlen/sdk/ui-kit/src/lib/theme.ts:24:23)
    at http://localhost:1429/src/routes/+layout.svelte?t=1782547372065:25:8
    at untrack (http://localhost:1429/node_modules/.vite/deps/chunk-4FLRTTF3.js?v=cad77249:4510:12)
    at $effect (http://localhost:1429/node_modules/.vite/deps/chunk-BZHFQOHE.js?v=cad77249:4313:23)
    at update_reaction (http://localhost:1429/node_modules/.vite/deps/chunk-4FLRTTF3.js?v=cad77249:4192:18)
    at update_effect (http://localhost:1429/node_modules/.vite/deps/chunk-4FLRTTF3.js?v=cad77249:4333:21)
    at flush_queued_effects (http://localhost:1429/node_modules/.vite/deps/chunk-4FLRTTF3.js?v=cad77249:3312:7)
    at _Batch.process_fn (http://localhost:1429/node_modules/.vite/deps/chunk-4FLRTTF3.js?v=cad77249:3004:3)
    at _Batch.flush (http://localhost:1429/node_modules/.vite/deps/chunk-4FLRTTF3.js?v=cad77249:2734:59) @ http://localhost:1429/node_modules/@sveltejs/kit/src/runtime/client/client.js?v=cad77249:3440
[  489194ms] TypeError: Cannot read properties of undefined (reading 'transformCallback')
    at transformCallback (http://localhost:1429/node_modules/.vite/deps/chunk-2PXI7ISQ.js?v=cad77249:22:37)
    at listen (http://localhost:1429/node_modules/.vite/deps/chunk-2GIJP7T6.js?v=cad77249:37:14)
    at initArlenTheme (http://localhost:1429/@fs/home/tim/Repositories/arlen/sdk/ui-kit/src/lib/theme.ts:29:26)
[  496360ms] [WARNING] initArlenTheme: initial theme load failed: TypeError: Cannot read properties of undefined (reading 'invoke')
    at invoke (http://localhost:1429/node_modules/.vite/deps/chunk-2PXI7ISQ.js?v=cad77249:109:37)
    at initArlenTheme (http://localhost:1429/@fs/home/tim/Repositories/arlen/sdk/ui-kit/src/lib/theme.ts:24:23)
    at http://localhost:1429/src/routes/+layout.svelte?t=1782547379272:25:8
    at untrack (http://localhost:1429/node_modules/.vite/deps/chunk-4FLRTTF3.js?v=cad77249:4510:12)
    at $effect (http://localhost:1429/node_modules/.vite/deps/chunk-BZHFQOHE.js?v=cad77249:4313:23)
    at update_reaction (http://localhost:1429/node_modules/.vite/deps/chunk-4FLRTTF3.js?v=cad77249:4192:18)
    at update_effect (http://localhost:1429/node_modules/.vite/deps/chunk-4FLRTTF3.js?v=cad77249:4333:21)
    at flush_queued_effects (http://localhost:1429/node_modules/.vite/deps/chunk-4FLRTTF3.js?v=cad77249:3312:7)
    at _Batch.process_fn (http://localhost:1429/node_modules/.vite/deps/chunk-4FLRTTF3.js?v=cad77249:3004:3)
    at _Batch.flush (http://localhost:1429/node_modules/.vite/deps/chunk-4FLRTTF3.js?v=cad77249:2734:59) @ http://localhost:1429/node_modules/@sveltejs/kit/src/runtime/client/client.js?v=cad77249:3440
[  496363ms] TypeError: Cannot read properties of undefined (reading 'transformCallback')
    at transformCallback (http://localhost:1429/node_modules/.vite/deps/chunk-2PXI7ISQ.js?v=cad77249:22:37)
    at listen (http://localhost:1429/node_modules/.vite/deps/chunk-2GIJP7T6.js?v=cad77249:37:14)
    at initArlenTheme (http://localhost:1429/@fs/home/tim/Repositories/arlen/sdk/ui-kit/src/lib/theme.ts:29:26)
[  624530ms] [WARNING] initArlenTheme: initial theme load failed: TypeError: Cannot read properties of undefined (reading 'invoke')
    at invoke (http://localhost:1429/node_modules/.vite/deps/chunk-2PXI7ISQ.js?v=cad77249:109:37)
    at initArlenTheme (http://localhost:1429/@fs/home/tim/Repositories/arlen/sdk/ui-kit/src/lib/theme.ts:24:23)
    at http://localhost:1429/src/routes/+layout.svelte?t=1782547507384:25:8
    at untrack (http://localhost:1429/node_modules/.vite/deps/chunk-4FLRTTF3.js?v=cad77249:4510:12)
    at $effect (http://localhost:1429/node_modules/.vite/deps/chunk-BZHFQOHE.js?v=cad77249:4313:23)
    at update_reaction (http://localhost:1429/node_modules/.vite/deps/chunk-4FLRTTF3.js?v=cad77249:4192:18)
    at update_effect (http://localhost:1429/node_modules/.vite/deps/chunk-4FLRTTF3.js?v=cad77249:4333:21)
    at flush_queued_effects (http://localhost:1429/node_modules/.vite/deps/chunk-4FLRTTF3.js?v=cad77249:3312:7)
    at _Batch.process_fn (http://localhost:1429/node_modules/.vite/deps/chunk-4FLRTTF3.js?v=cad77249:3004:3)
    at _Batch.flush (http://localhost:1429/node_modules/.vite/deps/chunk-4FLRTTF3.js?v=cad77249:2734:59) @ http://localhost:1429/node_modules/@sveltejs/kit/src/runtime/client/client.js?v=cad77249:3440
[  624534ms] TypeError: Cannot read properties of undefined (reading 'transformCallback')
    at transformCallback (http://localhost:1429/node_modules/.vite/deps/chunk-2PXI7ISQ.js?v=cad77249:22:37)
    at listen (http://localhost:1429/node_modules/.vite/deps/chunk-2GIJP7T6.js?v=cad77249:37:14)
    at initArlenTheme (http://localhost:1429/@fs/home/tim/Repositories/arlen/sdk/ui-kit/src/lib/theme.ts:29:26)
[  646329ms] [WARNING] initArlenTheme: initial theme load failed: TypeError: Cannot read properties of undefined (reading 'invoke')
    at invoke (http://localhost:1429/node_modules/.vite/deps/chunk-2PXI7ISQ.js?v=cad77249:109:37)
    at initArlenTheme (http://localhost:1429/@fs/home/tim/Repositories/arlen/sdk/ui-kit/src/lib/theme.ts:24:23)
    at http://localhost:1429/src/routes/+layout.svelte?t=1782547529215:25:8
    at untrack (http://localhost:1429/node_modules/.vite/deps/chunk-4FLRTTF3.js?v=cad77249:4510:12)
    at $effect (http://localhost:1429/node_modules/.vite/deps/chunk-BZHFQOHE.js?v=cad77249:4313:23)
    at update_reaction (http://localhost:1429/node_modules/.vite/deps/chunk-4FLRTTF3.js?v=cad77249:4192:18)
    at update_effect (http://localhost:1429/node_modules/.vite/deps/chunk-4FLRTTF3.js?v=cad77249:4333:21)
    at flush_queued_effects (http://localhost:1429/node_modules/.vite/deps/chunk-4FLRTTF3.js?v=cad77249:3312:7)
    at _Batch.process_fn (http://localhost:1429/node_modules/.vite/deps/chunk-4FLRTTF3.js?v=cad77249:3004:3)
    at _Batch.flush (http://localhost:1429/node_modules/.vite/deps/chunk-4FLRTTF3.js?v=cad77249:2734:59) @ http://localhost:1429/node_modules/@sveltejs/kit/src/runtime/client/client.js?v=cad77249:3440
[  646334ms] TypeError: Cannot read properties of undefined (reading 'transformCallback')
    at transformCallback (http://localhost:1429/node_modules/.vite/deps/chunk-2PXI7ISQ.js?v=cad77249:22:37)
    at listen (http://localhost:1429/node_modules/.vite/deps/chunk-2GIJP7T6.js?v=cad77249:37:14)
    at initArlenTheme (http://localhost:1429/@fs/home/tim/Repositories/arlen/sdk/ui-kit/src/lib/theme.ts:29:26)
[  657012ms] [WARNING] initArlenTheme: initial theme load failed: TypeError: Cannot read properties of undefined (reading 'invoke')
    at invoke (http://localhost:1429/node_modules/.vite/deps/chunk-2PXI7ISQ.js?v=cad77249:109:37)
    at initArlenTheme (http://localhost:1429/@fs/home/tim/Repositories/arlen/sdk/ui-kit/src/lib/theme.ts:24:23)
    at http://localhost:1429/src/routes/+layout.svelte?t=1782547529215:25:8
    at untrack (http://localhost:1429/node_modules/.vite/deps/chunk-4FLRTTF3.js?v=cad77249:4510:12)
    at $effect (http://localhost:1429/node_modules/.vite/deps/chunk-BZHFQOHE.js?v=cad77249:4313:23)
    at update_reaction (http://localhost:1429/node_modules/.vite/deps/chunk-4FLRTTF3.js?v=cad77249:4192:18)
    at update_effect (http://localhost:1429/node_modules/.vite/deps/chunk-4FLRTTF3.js?v=cad77249:4333:21)
    at flush_queued_effects (http://localhost:1429/node_modules/.vite/deps/chunk-4FLRTTF3.js?v=cad77249:3312:7)
    at _Batch.process_fn (http://localhost:1429/node_modules/.vite/deps/chunk-4FLRTTF3.js?v=cad77249:3004:3)
    at _Batch.flush (http://localhost:1429/node_modules/.vite/deps/chunk-4FLRTTF3.js?v=cad77249:2734:59) @ http://localhost:1429/node_modules/@sveltejs/kit/src/runtime/client/client.js?v=cad77249:3440
[  657019ms] TypeError: Cannot read properties of undefined (reading 'transformCallback')
    at transformCallback (http://localhost:1429/node_modules/.vite/deps/chunk-2PXI7ISQ.js?v=cad77249:22:37)
    at listen (http://localhost:1429/node_modules/.vite/deps/chunk-2GIJP7T6.js?v=cad77249:37:14)
    at initArlenTheme (http://localhost:1429/@fs/home/tim/Repositories/arlen/sdk/ui-kit/src/lib/theme.ts:29:26)
[  673496ms] [WARNING] initArlenTheme: initial theme load failed: TypeError: Cannot read properties of undefined (reading 'invoke')
    at invoke (http://localhost:1429/node_modules/.vite/deps/chunk-2PXI7ISQ.js?v=cad77249:109:37)
    at initArlenTheme (http://localhost:1429/@fs/home/tim/Repositories/arlen/sdk/ui-kit/src/lib/theme.ts:24:23)
    at http://localhost:1429/src/routes/+layout.svelte?t=1782547556326:25:8
    at untrack (http://localhost:1429/node_modules/.vite/deps/chunk-4FLRTTF3.js?v=cad77249:4510:12)
    at $effect (http://localhost:1429/node_modules/.vite/deps/chunk-BZHFQOHE.js?v=cad77249:4313:23)
    at update_reaction (http://localhost:1429/node_modules/.vite/deps/chunk-4FLRTTF3.js?v=cad77249:4192:18)
    at update_effect (http://localhost:1429/node_modules/.vite/deps/chunk-4FLRTTF3.js?v=cad77249:4333:21)
    at flush_queued_effects (http://localhost:1429/node_modules/.vite/deps/chunk-4FLRTTF3.js?v=cad77249:3312:7)
    at _Batch.process_fn (http://localhost:1429/node_modules/.vite/deps/chunk-4FLRTTF3.js?v=cad77249:3004:3)
    at _Batch.flush (http://localhost:1429/node_modules/.vite/deps/chunk-4FLRTTF3.js?v=cad77249:2734:59) @ http://localhost:1429/node_modules/@sveltejs/kit/src/runtime/client/client.js?v=cad77249:3440
[  673500ms] TypeError: Cannot read properties of undefined (reading 'transformCallback')
    at transformCallback (http://localhost:1429/node_modules/.vite/deps/chunk-2PXI7ISQ.js?v=cad77249:22:37)
    at listen (http://localhost:1429/node_modules/.vite/deps/chunk-2GIJP7T6.js?v=cad77249:37:14)
    at initArlenTheme (http://localhost:1429/@fs/home/tim/Repositories/arlen/sdk/ui-kit/src/lib/theme.ts:29:26)
[  681149ms] [WARNING] initArlenTheme: initial theme load failed: TypeError: Cannot read properties of undefined (reading 'invoke')
    at invoke (http://localhost:1429/node_modules/.vite/deps/chunk-2PXI7ISQ.js?v=cad77249:109:37)
    at initArlenTheme (http://localhost:1429/@fs/home/tim/Repositories/arlen/sdk/ui-kit/src/lib/theme.ts:24:23)
    at http://localhost:1429/src/routes/+layout.svelte?t=1782547556326:25:8
    at untrack (http://localhost:1429/node_modules/.vite/deps/chunk-4FLRTTF3.js?v=cad77249:4510:12)
    at $effect (http://localhost:1429/node_modules/.vite/deps/chunk-BZHFQOHE.js?v=cad77249:4313:23)
    at update_reaction (http://localhost:1429/node_modules/.vite/deps/chunk-4FLRTTF3.js?v=cad77249:4192:18)
    at update_effect (http://localhost:1429/node_modules/.vite/deps/chunk-4FLRTTF3.js?v=cad77249:4333:21)
    at flush_queued_effects (http://localhost:1429/node_modules/.vite/deps/chunk-4FLRTTF3.js?v=cad77249:3312:7)
    at _Batch.process_fn (http://localhost:1429/node_modules/.vite/deps/chunk-4FLRTTF3.js?v=cad77249:3004:3)
    at _Batch.flush (http://localhost:1429/node_modules/.vite/deps/chunk-4FLRTTF3.js?v=cad77249:2734:59) @ http://localhost:1429/node_modules/@sveltejs/kit/src/runtime/client/client.js?v=cad77249:3440
[  681151ms] TypeError: Cannot read properties of undefined (reading 'transformCallback')
    at transformCallback (http://localhost:1429/node_modules/.vite/deps/chunk-2PXI7ISQ.js?v=cad77249:22:37)
    at listen (http://localhost:1429/node_modules/.vite/deps/chunk-2GIJP7T6.js?v=cad77249:37:14)
    at initArlenTheme (http://localhost:1429/@fs/home/tim/Repositories/arlen/sdk/ui-kit/src/lib/theme.ts:29:26)
