[  573063ms] [LOG] [vite] server connection lost. Polling for restart... @ http://localhost:1423/@vite/client:963
[ 2460412ms] ReferenceError: row is not defined

	in <unknown>
	in SidebarMenu.svelte
	in SidebarGroup.svelte
	in SidebarContent.svelte
	in Sidebar.svelte
	in HarnessSidebar.svelte
	in SidebarProvider.svelte
	in +layout.svelte
	in root.svelte
	in undefined

    at http://localhost:1423/src/lib/components/HarnessSidebar.svelte?t=1782564163479:363:67
    at http://localhost:1423/node_modules/.vite/deps/chunk-5HMRN3IC.js?v=7577d241:1541:22
    at update_reaction (http://localhost:1423/node_modules/.vite/deps/chunk-GCUGUSEW.js?v=7577d241:4188:18)
    at update_effect (http://localhost:1423/node_modules/.vite/deps/chunk-GCUGUSEW.js?v=7577d241:4329:21)
    at create_effect (http://localhost:1423/node_modules/.vite/deps/chunk-GCUGUSEW.js?v=7577d241:3677:7)
    at block (http://localhost:1423/node_modules/.vite/deps/chunk-GCUGUSEW.js?v=7577d241:3839:17)
    at Module.snippet (http://localhost:1423/node_modules/.vite/deps/chunk-5HMRN3IC.js?v=7577d241:1540:3)
    at http://localhost:1423/src/lib/components/HarnessSidebar.svelte?t=1782564163479:363:44
    at Module.add_svelte_meta (http://localhost:1423/node_modules/.vite/deps/chunk-GCUGUSEW.js?v=7577d241:609:12)
    at http://localhost:1423/src/lib/components/HarnessSidebar.svelte?t=1782564163479:363:20
