[     104ms] [WARNING] initArlenTheme: initial theme load failed: TypeError: Cannot read properties of undefined (reading 'invoke')
    at invoke (http://localhost:1427/node_modules/.vite/deps/@tauri-apps_api_core.js?v=6e0dd71b:111:37)
    at initArlenTheme (http://localhost:1427/@fs/home/tim/Repositories/arlen/sdk/ui-kit/src/lib/theme.ts:24:23)
    at http://localhost:1427/src/routes/+layout.svelte?t=1782660821807:89:8
    at untrack (http://localhost:1427/node_modules/.vite/deps/chunk-4UNHQVAP.js?v=6e0dd71b:4507:12)
    at $effect (http://localhost:1427/node_modules/.vite/deps/chunk-ORHBKCHQ.js?v=6e0dd71b:4311:23)
    at update_reaction (http://localhost:1427/node_modules/.vite/deps/chunk-4UNHQVAP.js?v=6e0dd71b:4189:18)
    at update_effect (http://localhost:1427/node_modules/.vite/deps/chunk-4UNHQVAP.js?v=6e0dd71b:4330:21)
    at flush_queued_effects (http://localhost:1427/node_modules/.vite/deps/chunk-4UNHQVAP.js?v=6e0dd71b:3309:7)
    at _Batch.process_fn (http://localhost:1427/node_modules/.vite/deps/chunk-4UNHQVAP.js?v=6e0dd71b:3001:3)
    at _Batch.flush (http://localhost:1427/node_modules/.vite/deps/chunk-4UNHQVAP.js?v=6e0dd71b:2731:59) @ http://localhost:1427/node_modules/@sveltejs/kit/src/runtime/client/client.js?v=6e0dd71b:3383
[     106ms] TypeError: Cannot read properties of undefined (reading 'transformCallback')
    at transformCallback (http://localhost:1427/node_modules/.vite/deps/chunk-PEW2MXSX.js?v=6e0dd71b:22:37)
    at listen (http://localhost:1427/node_modules/.vite/deps/chunk-PEW2MXSX.js?v=6e0dd71b:132:14)
    at initArlenTheme (http://localhost:1427/@fs/home/tim/Repositories/arlen/sdk/ui-kit/src/lib/theme.ts:29:26)
[ 1424067ms] [WARNING] initArlenTheme: initial theme load failed: TypeError: Cannot read properties of undefined (reading 'invoke')
    at invoke (http://localhost:1427/node_modules/.vite/deps/@tauri-apps_api_core.js?v=6e0dd71b:111:37)
    at initArlenTheme (http://localhost:1427/@fs/home/tim/Repositories/arlen/sdk/ui-kit/src/lib/theme.ts:24:23)
    at http://localhost:1427/src/routes/+layout.svelte?t=1782662251900:89:8
    at untrack (http://localhost:1427/node_modules/.vite/deps/chunk-4UNHQVAP.js?v=6e0dd71b:4507:12)
    at $effect (http://localhost:1427/node_modules/.vite/deps/chunk-ORHBKCHQ.js?v=6e0dd71b:4311:23)
    at update_reaction (http://localhost:1427/node_modules/.vite/deps/chunk-4UNHQVAP.js?v=6e0dd71b:4189:18)
    at update_effect (http://localhost:1427/node_modules/.vite/deps/chunk-4UNHQVAP.js?v=6e0dd71b:4330:21)
    at flush_queued_effects (http://localhost:1427/node_modules/.vite/deps/chunk-4UNHQVAP.js?v=6e0dd71b:3309:7)
    at _Batch.process_fn (http://localhost:1427/node_modules/.vite/deps/chunk-4UNHQVAP.js?v=6e0dd71b:3001:3)
    at _Batch.flush (http://localhost:1427/node_modules/.vite/deps/chunk-4UNHQVAP.js?v=6e0dd71b:2731:59) @ http://localhost:1427/node_modules/@sveltejs/kit/src/runtime/client/client.js?v=6e0dd71b:3383
[ 1424070ms] TypeError: Cannot read properties of undefined (reading 'transformCallback')
    at transformCallback (http://localhost:1427/node_modules/.vite/deps/chunk-PEW2MXSX.js?v=6e0dd71b:22:37)
    at listen (http://localhost:1427/node_modules/.vite/deps/chunk-PEW2MXSX.js?v=6e0dd71b:132:14)
    at initArlenTheme (http://localhost:1427/@fs/home/tim/Repositories/arlen/sdk/ui-kit/src/lib/theme.ts:29:26)
[ 1500416ms] [LOG] [vite] server connection lost. Polling for restart... @ http://localhost:1427/@vite/client:963
[ 1500417ms] [ERROR] WebSocket connection to 'ws://localhost:1427/' failed: Error in connection establishment: net::ERR_CONNECTION_REFUSED @ http://localhost:1427/@vite/client:1034
[ 1501418ms] [ERROR] WebSocket connection to 'ws://localhost:1427/' failed: Error in connection establishment: net::ERR_CONNECTION_REFUSED @ http://localhost:1427/@vite/client:1034
[ 1502419ms] [ERROR] WebSocket connection to 'ws://localhost:1427/' failed: Error in connection establishment: net::ERR_CONNECTION_REFUSED @ http://localhost:1427/@vite/client:1034
[ 1503421ms] [ERROR] WebSocket connection to 'ws://localhost:1427/' failed: Error in connection establishment: net::ERR_CONNECTION_REFUSED @ http://localhost:1427/@vite/client:1034
[ 1504422ms] [ERROR] WebSocket connection to 'ws://localhost:1427/' failed: Error in connection establishment: net::ERR_CONNECTION_REFUSED @ http://localhost:1427/@vite/client:1034
[ 1505424ms] [ERROR] WebSocket connection to 'ws://localhost:1427/' failed: Error in connection establishment: net::ERR_CONNECTION_REFUSED @ http://localhost:1427/@vite/client:1034
[ 1506425ms] [ERROR] WebSocket connection to 'ws://localhost:1427/' failed: Error in connection establishment: net::ERR_CONNECTION_REFUSED @ http://localhost:1427/@vite/client:1034
[ 1507427ms] [ERROR] WebSocket connection to 'ws://localhost:1427/' failed: Error in connection establishment: net::ERR_CONNECTION_REFUSED @ http://localhost:1427/@vite/client:1034
[ 1508429ms] [ERROR] WebSocket connection to 'ws://localhost:1427/' failed: Error in connection establishment: net::ERR_CONNECTION_REFUSED @ http://localhost:1427/@vite/client:1034
[ 1509430ms] [ERROR] WebSocket connection to 'ws://localhost:1427/' failed: Error in connection establishment: net::ERR_CONNECTION_REFUSED @ http://localhost:1427/@vite/client:1034
[ 1510436ms] [ERROR] WebSocket connection to 'ws://localhost:1427/' failed: Error in connection establishment: net::ERR_CONNECTION_REFUSED @ http://localhost:1427/@vite/client:1034
[ 1511441ms] [ERROR] WebSocket connection to 'ws://localhost:1427/' failed: Error in connection establishment: net::ERR_CONNECTION_REFUSED @ http://localhost:1427/@vite/client:1034
[ 1512445ms] [ERROR] WebSocket connection to 'ws://localhost:1427/' failed: Error in connection establishment: net::ERR_CONNECTION_REFUSED @ http://localhost:1427/@vite/client:1034
[ 1513448ms] [ERROR] WebSocket connection to 'ws://localhost:1427/' failed: Error in connection establishment: net::ERR_CONNECTION_REFUSED @ http://localhost:1427/@vite/client:1034
[ 1514463ms] [ERROR] WebSocket connection to 'ws://localhost:1427/' failed: Error in connection establishment: net::ERR_CONNECTION_REFUSED @ http://localhost:1427/@vite/client:1034
[ 1515474ms] [ERROR] WebSocket connection to 'ws://localhost:1427/' failed: Error in connection establishment: net::ERR_CONNECTION_REFUSED @ http://localhost:1427/@vite/client:1034
[ 1516508ms] [ERROR] WebSocket connection to 'ws://localhost:1427/' failed: Error in connection establishment: net::ERR_CONNECTION_REFUSED @ http://localhost:1427/@vite/client:1034
[ 1517523ms] [ERROR] WebSocket connection to 'ws://localhost:1427/' failed: Error in connection establishment: net::ERR_CONNECTION_REFUSED @ http://localhost:1427/@vite/client:1034
[ 1518552ms] [ERROR] WebSocket connection to 'ws://localhost:1427/' failed: Error in connection establishment: net::ERR_CONNECTION_REFUSED @ http://localhost:1427/@vite/client:1034
[ 1519590ms] [ERROR] WebSocket connection to 'ws://localhost:1427/' failed: Error in connection establishment: net::ERR_CONNECTION_REFUSED @ http://localhost:1427/@vite/client:1034
[ 1520685ms] [ERROR] WebSocket connection to 'ws://localhost:1427/' failed: Error in connection establishment: net::ERR_CONNECTION_REFUSED @ http://localhost:1427/@vite/client:1034
[ 1521751ms] [ERROR] WebSocket connection to 'ws://localhost:1427/' failed: Error in connection establishment: net::ERR_CONNECTION_REFUSED @ http://localhost:1427/@vite/client:1034
[ 1523055ms] [ERROR] WebSocket connection to 'ws://localhost:1427/' failed: Error in connection establishment: net::ERR_CONNECTION_REFUSED @ http://localhost:1427/@vite/client:1034
[ 1524141ms] [ERROR] WebSocket connection to 'ws://localhost:1427/' failed: Error in connection establishment: net::ERR_CONNECTION_REFUSED @ http://localhost:1427/@vite/client:1034
[ 1525508ms] [ERROR] WebSocket connection to 'ws://localhost:1427/' failed: Error in connection establishment: net::ERR_CONNECTION_REFUSED @ http://localhost:1427/@vite/client:1034
[ 1527020ms] [ERROR] WebSocket connection to 'ws://localhost:1427/' failed: Error in connection establishment: net::ERR_CONNECTION_REFUSED @ http://localhost:1427/@vite/client:1034
[ 1528990ms] [ERROR] WebSocket connection to 'ws://localhost:1427/' failed: Error in connection establishment: net::ERR_CONNECTION_REFUSED @ http://localhost:1427/@vite/client:1034
[ 1530592ms] [ERROR] WebSocket connection to 'ws://localhost:1427/' failed: Error in connection establishment: net::ERR_CONNECTION_REFUSED @ http://localhost:1427/@vite/client:1034
[ 1533445ms] [ERROR] WebSocket connection to 'ws://localhost:1427/' failed: Error in connection establishment: net::ERR_CONNECTION_REFUSED @ http://localhost:1427/@vite/client:1034
[ 1536683ms] [ERROR] WebSocket connection to 'ws://localhost:1427/' failed: Error in connection establishment: net::ERR_CONNECTION_REFUSED @ http://localhost:1427/@vite/client:1034
[ 1539406ms] [ERROR] WebSocket connection to 'ws://localhost:1427/' failed: Error in connection establishment: net::ERR_CONNECTION_REFUSED @ http://localhost:1427/@vite/client:1034
[ 1545282ms] [ERROR] WebSocket connection to 'ws://localhost:1427/' failed: Error in connection establishment: net::ERR_CONNECTION_REFUSED @ http://localhost:1427/@vite/client:1034
[ 1549153ms] [ERROR] WebSocket connection to 'ws://localhost:1427/' failed: Error in connection establishment: net::ERR_CONNECTION_REFUSED @ http://localhost:1427/@vite/client:1034
[ 1551296ms] [ERROR] WebSocket connection to 'ws://localhost:1427/' failed: Error in connection establishment: net::ERR_CONNECTION_REFUSED @ http://localhost:1427/@vite/client:1034
[ 1554933ms] [ERROR] WebSocket connection to 'ws://localhost:1427/' failed: Error in connection establishment: net::ERR_CONNECTION_REFUSED @ http://localhost:1427/@vite/client:1034
[ 1559255ms] [ERROR] WebSocket connection to 'ws://localhost:1427/' failed: Error in connection establishment: net::ERR_CONNECTION_REFUSED @ http://localhost:1427/@vite/client:1034
[ 1564584ms] [ERROR] WebSocket connection to 'ws://localhost:1427/' failed: Error in connection establishment: net::ERR_CONNECTION_REFUSED @ http://localhost:1427/@vite/client:1034
[ 1569270ms] [ERROR] WebSocket connection to 'ws://localhost:1427/' failed: Error in connection establishment: net::ERR_CONNECTION_REFUSED @ http://localhost:1427/@vite/client:1034
[ 1571799ms] [ERROR] WebSocket connection to 'ws://localhost:1427/' failed: Error in connection establishment: net::ERR_CONNECTION_REFUSED @ http://localhost:1427/@vite/client:1034
[ 1575225ms] [ERROR] WebSocket connection to 'ws://localhost:1427/' failed: Error in connection establishment: net::ERR_CONNECTION_REFUSED @ http://localhost:1427/@vite/client:1034
[ 1579523ms] [ERROR] WebSocket connection to 'ws://localhost:1427/' failed: Error in connection establishment: net::ERR_CONNECTION_REFUSED @ http://localhost:1427/@vite/client:1034
[ 1584312ms] [ERROR] WebSocket connection to 'ws://localhost:1427/' failed: Error in connection establishment: net::ERR_CONNECTION_REFUSED @ http://localhost:1427/@vite/client:1034
[ 1588604ms] [ERROR] WebSocket connection to 'ws://localhost:1427/' failed: Error in connection establishment: net::ERR_CONNECTION_REFUSED @ http://localhost:1427/@vite/client:1034
[ 1592172ms] [ERROR] WebSocket connection to 'ws://localhost:1427/' failed: Error in connection establishment: net::ERR_CONNECTION_REFUSED @ http://localhost:1427/@vite/client:1034
[ 1594214ms] [ERROR] WebSocket connection to 'ws://localhost:1427/' failed: Error in connection establishment: net::ERR_CONNECTION_REFUSED @ http://localhost:1427/@vite/client:1034
[ 1596634ms] [ERROR] WebSocket connection to 'ws://localhost:1427/' failed: Error in connection establishment: net::ERR_CONNECTION_REFUSED @ http://localhost:1427/@vite/client:1034
[ 1602612ms] [ERROR] WebSocket connection to 'ws://localhost:1427/' failed: Error in connection establishment: net::ERR_CONNECTION_REFUSED @ http://localhost:1427/@vite/client:1034
[ 1606168ms] [ERROR] WebSocket connection to 'ws://localhost:1427/' failed: Error in connection establishment: net::ERR_CONNECTION_REFUSED @ http://localhost:1427/@vite/client:1034
[ 1608472ms] [ERROR] WebSocket connection to 'ws://localhost:1427/' failed: Error in connection establishment: net::ERR_CONNECTION_REFUSED @ http://localhost:1427/@vite/client:1034
[ 1611082ms] [ERROR] WebSocket connection to 'ws://localhost:1427/' failed: Error in connection establishment: net::ERR_CONNECTION_REFUSED @ http://localhost:1427/@vite/client:1034
[ 1615488ms] [ERROR] WebSocket connection to 'ws://localhost:1427/' failed: Error in connection establishment: net::ERR_CONNECTION_REFUSED @ http://localhost:1427/@vite/client:1034
[ 1620403ms] [ERROR] WebSocket connection to 'ws://localhost:1427/' failed: Error in connection establishment: net::ERR_CONNECTION_REFUSED @ http://localhost:1427/@vite/client:1034
[ 1624972ms] [ERROR] WebSocket connection to 'ws://localhost:1427/' failed: Error in connection establishment: net::ERR_CONNECTION_REFUSED @ http://localhost:1427/@vite/client:1034
[ 1627916ms] [ERROR] WebSocket connection to 'ws://localhost:1427/' failed: Error in connection establishment: net::ERR_CONNECTION_REFUSED @ http://localhost:1427/@vite/client:1034
[ 1631211ms] [ERROR] WebSocket connection to 'ws://localhost:1427/' failed: Error in connection establishment: net::ERR_CONNECTION_REFUSED @ http://localhost:1427/@vite/client:1034
[ 1635985ms] [ERROR] WebSocket connection to 'ws://localhost:1427/' failed: Error in connection establishment: net::ERR_CONNECTION_REFUSED @ http://localhost:1427/@vite/client:1034
[ 1641869ms] [ERROR] WebSocket connection to 'ws://localhost:1427/' failed: Error in connection establishment: net::ERR_CONNECTION_REFUSED @ http://localhost:1427/@vite/client:1034
[ 1644178ms] [ERROR] WebSocket connection to 'ws://localhost:1427/' failed: Error in connection establishment: net::ERR_CONNECTION_REFUSED @ http://localhost:1427/@vite/client:1034
[ 1649763ms] [ERROR] WebSocket connection to 'ws://localhost:1427/' failed: Error in connection establishment: net::ERR_CONNECTION_REFUSED @ http://localhost:1427/@vite/client:1034
[ 1655058ms] [ERROR] WebSocket connection to 'ws://localhost:1427/' failed: Error in connection establishment: net::ERR_CONNECTION_REFUSED @ http://localhost:1427/@vite/client:1034
[ 1658175ms] [ERROR] WebSocket connection to 'ws://localhost:1427/' failed: Error in connection establishment: net::ERR_CONNECTION_REFUSED @ http://localhost:1427/@vite/client:1034
[ 1661085ms] [ERROR] WebSocket connection to 'ws://localhost:1427/' failed: Error in connection establishment: net::ERR_CONNECTION_REFUSED @ http://localhost:1427/@vite/client:1034
[ 1664992ms] [ERROR] WebSocket connection to 'ws://localhost:1427/' failed: Error in connection establishment: net::ERR_CONNECTION_REFUSED @ http://localhost:1427/@vite/client:1034
[ 1670046ms] [ERROR] WebSocket connection to 'ws://localhost:1427/' failed: Error in connection establishment: net::ERR_CONNECTION_REFUSED @ http://localhost:1427/@vite/client:1034
[ 1674815ms] [ERROR] WebSocket connection to 'ws://localhost:1427/' failed: Error in connection establishment: net::ERR_CONNECTION_REFUSED @ http://localhost:1427/@vite/client:1034
[ 1676830ms] [ERROR] WebSocket connection to 'ws://localhost:1427/' failed: Error in connection establishment: net::ERR_CONNECTION_REFUSED @ http://localhost:1427/@vite/client:1034
[ 1680969ms] [ERROR] WebSocket connection to 'ws://localhost:1427/' failed: Error in connection establishment: net::ERR_CONNECTION_REFUSED @ http://localhost:1427/@vite/client:1034
[ 1683964ms] [ERROR] WebSocket connection to 'ws://localhost:1427/' failed: Error in connection establishment: net::ERR_CONNECTION_REFUSED @ http://localhost:1427/@vite/client:1034
[ 1689014ms] [ERROR] WebSocket connection to 'ws://localhost:1427/' failed: Error in connection establishment: net::ERR_CONNECTION_REFUSED @ http://localhost:1427/@vite/client:1034
[ 1693449ms] [ERROR] WebSocket connection to 'ws://localhost:1427/' failed: Error in connection establishment: net::ERR_CONNECTION_REFUSED @ http://localhost:1427/@vite/client:1034
[ 1697018ms] [ERROR] WebSocket connection to 'ws://localhost:1427/' failed: Error in connection establishment: net::ERR_CONNECTION_REFUSED @ http://localhost:1427/@vite/client:1034
[ 1702205ms] [ERROR] WebSocket connection to 'ws://localhost:1427/' failed: Error in connection establishment: net::ERR_CONNECTION_REFUSED @ http://localhost:1427/@vite/client:1034
[ 1706282ms] [ERROR] WebSocket connection to 'ws://localhost:1427/' failed: Error in connection establishment: net::ERR_CONNECTION_REFUSED @ http://localhost:1427/@vite/client:1034
[ 1711048ms] [ERROR] WebSocket connection to 'ws://localhost:1427/' failed: Error in connection establishment: net::ERR_CONNECTION_REFUSED @ http://localhost:1427/@vite/client:1034
[ 1716364ms] [ERROR] WebSocket connection to 'ws://localhost:1427/' failed: Error in connection establishment: net::ERR_CONNECTION_REFUSED @ http://localhost:1427/@vite/client:1034
[ 1718819ms] [ERROR] WebSocket connection to 'ws://localhost:1427/' failed: Error in connection establishment: net::ERR_CONNECTION_REFUSED @ http://localhost:1427/@vite/client:1034
[ 1723976ms] [ERROR] WebSocket connection to 'ws://localhost:1427/' failed: Error in connection establishment: net::ERR_CONNECTION_REFUSED @ http://localhost:1427/@vite/client:1034
[ 1726697ms] [ERROR] WebSocket connection to 'ws://localhost:1427/' failed: Error in connection establishment: net::ERR_CONNECTION_REFUSED @ http://localhost:1427/@vite/client:1034
[ 1731835ms] [ERROR] WebSocket connection to 'ws://localhost:1427/' failed: Error in connection establishment: net::ERR_CONNECTION_REFUSED @ http://localhost:1427/@vite/client:1034
[ 1734653ms] [ERROR] WebSocket connection to 'ws://localhost:1427/' failed: Error in connection establishment: net::ERR_CONNECTION_REFUSED @ http://localhost:1427/@vite/client:1034
[ 1739653ms] [ERROR] WebSocket connection to 'ws://localhost:1427/' failed: Error in connection establishment: net::ERR_CONNECTION_REFUSED @ http://localhost:1427/@vite/client:1034
[ 1741886ms] [ERROR] WebSocket connection to 'ws://localhost:1427/' failed: Error in connection establishment: net::ERR_CONNECTION_REFUSED @ http://localhost:1427/@vite/client:1034
[ 1745322ms] [ERROR] WebSocket connection to 'ws://localhost:1427/' failed: Error in connection establishment: net::ERR_CONNECTION_REFUSED @ http://localhost:1427/@vite/client:1034
[ 1748477ms] [ERROR] WebSocket connection to 'ws://localhost:1427/' failed: Error in connection establishment: net::ERR_CONNECTION_REFUSED @ http://localhost:1427/@vite/client:1034
[ 1752774ms] [ERROR] WebSocket connection to 'ws://localhost:1427/' failed: Error in connection establishment: net::ERR_CONNECTION_REFUSED @ http://localhost:1427/@vite/client:1034
[ 1757649ms] [ERROR] WebSocket connection to 'ws://localhost:1427/' failed: Error in connection establishment: net::ERR_CONNECTION_REFUSED @ http://localhost:1427/@vite/client:1034
[ 1760103ms] [ERROR] WebSocket connection to 'ws://localhost:1427/' failed: Error in connection establishment: net::ERR_CONNECTION_REFUSED @ http://localhost:1427/@vite/client:1034
[ 1764979ms] [ERROR] WebSocket connection to 'ws://localhost:1427/' failed: Error in connection establishment: net::ERR_CONNECTION_REFUSED @ http://localhost:1427/@vite/client:1034
[ 1767253ms] [ERROR] WebSocket connection to 'ws://localhost:1427/' failed: Error in connection establishment: net::ERR_CONNECTION_REFUSED @ http://localhost:1427/@vite/client:1034
[ 1770149ms] [ERROR] WebSocket connection to 'ws://localhost:1427/' failed: Error in connection establishment: net::ERR_CONNECTION_REFUSED @ http://localhost:1427/@vite/client:1034
[ 1773397ms] [ERROR] WebSocket connection to 'ws://localhost:1427/' failed: Error in connection establishment: net::ERR_CONNECTION_REFUSED @ http://localhost:1427/@vite/client:1034
[ 1775615ms] [ERROR] WebSocket connection to 'ws://localhost:1427/' failed: Error in connection establishment: net::ERR_CONNECTION_REFUSED @ http://localhost:1427/@vite/client:1034
[ 1778484ms] [ERROR] WebSocket connection to 'ws://localhost:1427/' failed: Error in connection establishment: net::ERR_CONNECTION_REFUSED @ http://localhost:1427/@vite/client:1034
[ 1783264ms] [ERROR] WebSocket connection to 'ws://localhost:1427/' failed: Error in connection establishment: net::ERR_CONNECTION_REFUSED @ http://localhost:1427/@vite/client:1034
[ 1784265ms] [ERROR] WebSocket connection to 'ws://localhost:1427/' failed: Error in connection establishment: net::ERR_CONNECTION_REFUSED @ http://localhost:1427/@vite/client:1034
[ 1785266ms] [ERROR] WebSocket connection to 'ws://localhost:1427/' failed: Error in connection establishment: net::ERR_CONNECTION_REFUSED @ http://localhost:1427/@vite/client:1034
[ 1786267ms] [ERROR] WebSocket connection to 'ws://localhost:1427/' failed: Error in connection establishment: net::ERR_CONNECTION_REFUSED @ http://localhost:1427/@vite/client:1034
[ 1787268ms] [ERROR] WebSocket connection to 'ws://localhost:1427/' failed: Error in connection establishment: net::ERR_CONNECTION_REFUSED @ http://localhost:1427/@vite/client:1034
[ 1788270ms] [ERROR] WebSocket connection to 'ws://localhost:1427/' failed: Error in connection establishment: net::ERR_CONNECTION_REFUSED @ http://localhost:1427/@vite/client:1034
[ 1789273ms] [ERROR] WebSocket connection to 'ws://localhost:1427/' failed: Error in connection establishment: net::ERR_CONNECTION_REFUSED @ http://localhost:1427/@vite/client:1034
[ 1790282ms] [ERROR] WebSocket connection to 'ws://localhost:1427/' failed: Error in connection establishment: net::ERR_CONNECTION_REFUSED @ http://localhost:1427/@vite/client:1034
[ 1791296ms] [ERROR] WebSocket connection to 'ws://localhost:1427/' failed: Error in connection establishment: net::ERR_CONNECTION_REFUSED @ http://localhost:1427/@vite/client:1034
[ 1792305ms] [ERROR] WebSocket connection to 'ws://localhost:1427/' failed: Error in connection establishment: net::ERR_CONNECTION_REFUSED @ http://localhost:1427/@vite/client:1034
[ 1793378ms] [ERROR] WebSocket connection to 'ws://localhost:1427/' failed: Error in connection establishment: net::ERR_CONNECTION_REFUSED @ http://localhost:1427/@vite/client:1034
[ 1794425ms] [ERROR] WebSocket connection to 'ws://localhost:1427/' failed: Error in connection establishment: net::ERR_CONNECTION_REFUSED @ http://localhost:1427/@vite/client:1034
[ 1795707ms] [ERROR] WebSocket connection to 'ws://localhost:1427/' failed: Error in connection establishment: net::ERR_CONNECTION_REFUSED @ http://localhost:1427/@vite/client:1034
[ 1797128ms] [ERROR] WebSocket connection to 'ws://localhost:1427/' failed: Error in connection establishment: net::ERR_CONNECTION_REFUSED @ http://localhost:1427/@vite/client:1034
[ 1798494ms] [ERROR] WebSocket connection to 'ws://localhost:1427/' failed: Error in connection establishment: net::ERR_CONNECTION_REFUSED @ http://localhost:1427/@vite/client:1034
[ 1801023ms] [ERROR] WebSocket connection to 'ws://localhost:1427/' failed: Error in connection establishment: net::ERR_CONNECTION_REFUSED @ http://localhost:1427/@vite/client:1034
[ 1805363ms] [ERROR] WebSocket connection to 'ws://localhost:1427/' failed: Error in connection establishment: net::ERR_CONNECTION_REFUSED @ http://localhost:1427/@vite/client:1034
[ 1807426ms] [ERROR] WebSocket connection to 'ws://localhost:1427/' failed: Error in connection establishment: net::ERR_CONNECTION_REFUSED @ http://localhost:1427/@vite/client:1034
[ 1811249ms] [ERROR] WebSocket connection to 'ws://localhost:1427/' failed: Error in connection establishment: net::ERR_CONNECTION_REFUSED @ http://localhost:1427/@vite/client:1034
[ 1813692ms] [ERROR] WebSocket connection to 'ws://localhost:1427/' failed: Error in connection establishment: net::ERR_CONNECTION_REFUSED @ http://localhost:1427/@vite/client:1034
[ 1818386ms] [ERROR] WebSocket connection to 'ws://localhost:1427/' failed: Error in connection establishment: net::ERR_CONNECTION_REFUSED @ http://localhost:1427/@vite/client:1034
[ 1821471ms] [ERROR] WebSocket connection to 'ws://localhost:1427/' failed: Error in connection establishment: net::ERR_CONNECTION_REFUSED @ http://localhost:1427/@vite/client:1034
[ 1826993ms] [ERROR] WebSocket connection to 'ws://localhost:1427/' failed: Error in connection establishment: net::ERR_CONNECTION_REFUSED @ http://localhost:1427/@vite/client:1034
[ 1830918ms] [ERROR] WebSocket connection to 'ws://localhost:1427/' failed: Error in connection establishment: net::ERR_CONNECTION_REFUSED @ http://localhost:1427/@vite/client:1034
[ 1836462ms] [ERROR] WebSocket connection to 'ws://localhost:1427/' failed: Error in connection establishment: net::ERR_CONNECTION_REFUSED @ http://localhost:1427/@vite/client:1034
[ 1841771ms] [ERROR] WebSocket connection to 'ws://localhost:1427/' failed: Error in connection establishment: net::ERR_CONNECTION_REFUSED @ http://localhost:1427/@vite/client:1034
[ 1844460ms] [ERROR] WebSocket connection to 'ws://localhost:1427/' failed: Error in connection establishment: net::ERR_CONNECTION_REFUSED @ http://localhost:1427/@vite/client:1034
[ 1850120ms] [ERROR] WebSocket connection to 'ws://localhost:1427/' failed: Error in connection establishment: net::ERR_CONNECTION_REFUSED @ http://localhost:1427/@vite/client:1034
[ 1852852ms] [ERROR] WebSocket connection to 'ws://localhost:1427/' failed: Error in connection establishment: net::ERR_CONNECTION_REFUSED @ http://localhost:1427/@vite/client:1034
[ 1855983ms] [ERROR] WebSocket connection to 'ws://localhost:1427/' failed: Error in connection establishment: net::ERR_CONNECTION_REFUSED @ http://localhost:1427/@vite/client:1034
[ 1859563ms] [ERROR] WebSocket connection to 'ws://localhost:1427/' failed: Error in connection establishment: net::ERR_CONNECTION_REFUSED @ http://localhost:1427/@vite/client:1034
[ 1862140ms] [ERROR] WebSocket connection to 'ws://localhost:1427/' failed: Error in connection establishment: net::ERR_CONNECTION_REFUSED @ http://localhost:1427/@vite/client:1034
[ 1864609ms] [ERROR] WebSocket connection to 'ws://localhost:1427/' failed: Error in connection establishment: net::ERR_CONNECTION_REFUSED @ http://localhost:1427/@vite/client:1034
[ 1868724ms] [ERROR] WebSocket connection to 'ws://localhost:1427/' failed: Error in connection establishment: net::ERR_CONNECTION_REFUSED @ http://localhost:1427/@vite/client:1034
[ 1873927ms] [ERROR] WebSocket connection to 'ws://localhost:1427/' failed: Error in connection establishment: net::ERR_CONNECTION_REFUSED @ http://localhost:1427/@vite/client:1034
[ 1878004ms] [ERROR] WebSocket connection to 'ws://localhost:1427/' failed: Error in connection establishment: net::ERR_CONNECTION_REFUSED @ http://localhost:1427/@vite/client:1034
[ 1880339ms] [ERROR] WebSocket connection to 'ws://localhost:1427/' failed: Error in connection establishment: net::ERR_CONNECTION_REFUSED @ http://localhost:1427/@vite/client:1034
[ 1885013ms] [ERROR] WebSocket connection to 'ws://localhost:1427/' failed: Error in connection establishment: net::ERR_CONNECTION_REFUSED @ http://localhost:1427/@vite/client:1034
[ 1890199ms] [ERROR] WebSocket connection to 'ws://localhost:1427/' failed: Error in connection establishment: net::ERR_CONNECTION_REFUSED @ http://localhost:1427/@vite/client:1034
[ 1895512ms] [ERROR] WebSocket connection to 'ws://localhost:1427/' failed: Error in connection establishment: net::ERR_CONNECTION_REFUSED @ http://localhost:1427/@vite/client:1034
[ 1897528ms] [ERROR] WebSocket connection to 'ws://localhost:1427/' failed: Error in connection establishment: net::ERR_CONNECTION_REFUSED @ http://localhost:1427/@vite/client:1034
[ 1901461ms] [ERROR] WebSocket connection to 'ws://localhost:1427/' failed: Error in connection establishment: net::ERR_CONNECTION_REFUSED @ http://localhost:1427/@vite/client:1034
[ 1907258ms] [ERROR] WebSocket connection to 'ws://localhost:1427/' failed: Error in connection establishment: net::ERR_CONNECTION_REFUSED @ http://localhost:1427/@vite/client:1034
[ 1909511ms] [ERROR] WebSocket connection to 'ws://localhost:1427/' failed: Error in connection establishment: net::ERR_CONNECTION_REFUSED @ http://localhost:1427/@vite/client:1034
[ 1913978ms] [ERROR] WebSocket connection to 'ws://localhost:1427/' failed: Error in connection establishment: net::ERR_CONNECTION_REFUSED @ http://localhost:1427/@vite/client:1034
[ 1918048ms] [ERROR] WebSocket connection to 'ws://localhost:1427/' failed: Error in connection establishment: net::ERR_CONNECTION_REFUSED @ http://localhost:1427/@vite/client:1034
[ 1922383ms] [ERROR] WebSocket connection to 'ws://localhost:1427/' failed: Error in connection establishment: net::ERR_CONNECTION_REFUSED @ http://localhost:1427/@vite/client:1034
[ 1926123ms] [ERROR] WebSocket connection to 'ws://localhost:1427/' failed: Error in connection establishment: net::ERR_CONNECTION_REFUSED @ http://localhost:1427/@vite/client:1034
[ 1930352ms] [ERROR] WebSocket connection to 'ws://localhost:1427/' failed: Error in connection establishment: net::ERR_CONNECTION_REFUSED @ http://localhost:1427/@vite/client:1034
[ 1935213ms] [ERROR] WebSocket connection to 'ws://localhost:1427/' failed: Error in connection establishment: net::ERR_CONNECTION_REFUSED @ http://localhost:1427/@vite/client:1034
[ 1937371ms] [ERROR] WebSocket connection to 'ws://localhost:1427/' failed: Error in connection establishment: net::ERR_CONNECTION_REFUSED @ http://localhost:1427/@vite/client:1034
[ 1941249ms] [ERROR] WebSocket connection to 'ws://localhost:1427/' failed: Error in connection establishment: net::ERR_CONNECTION_REFUSED @ http://localhost:1427/@vite/client:1034
[ 1944370ms] [ERROR] WebSocket connection to 'ws://localhost:1427/' failed: Error in connection establishment: net::ERR_CONNECTION_REFUSED @ http://localhost:1427/@vite/client:1034
[ 1947448ms] [ERROR] WebSocket connection to 'ws://localhost:1427/' failed: Error in connection establishment: net::ERR_CONNECTION_REFUSED @ http://localhost:1427/@vite/client:1034
[ 1950151ms] [ERROR] WebSocket connection to 'ws://localhost:1427/' failed: Error in connection establishment: net::ERR_CONNECTION_REFUSED @ http://localhost:1427/@vite/client:1034
[ 1954419ms] [ERROR] WebSocket connection to 'ws://localhost:1427/' failed: Error in connection establishment: net::ERR_CONNECTION_REFUSED @ http://localhost:1427/@vite/client:1034
[ 1960326ms] [ERROR] WebSocket connection to 'ws://localhost:1427/' failed: Error in connection establishment: net::ERR_CONNECTION_REFUSED @ http://localhost:1427/@vite/client:1034
[ 1965918ms] [ERROR] WebSocket connection to 'ws://localhost:1427/' failed: Error in connection establishment: net::ERR_CONNECTION_REFUSED @ http://localhost:1427/@vite/client:1034
[ 1971649ms] [ERROR] WebSocket connection to 'ws://localhost:1427/' failed: Error in connection establishment: net::ERR_CONNECTION_REFUSED @ http://localhost:1427/@vite/client:1034
[ 1977298ms] [ERROR] WebSocket connection to 'ws://localhost:1427/' failed: Error in connection establishment: net::ERR_CONNECTION_REFUSED @ http://localhost:1427/@vite/client:1034
[ 1981693ms] [ERROR] WebSocket connection to 'ws://localhost:1427/' failed: Error in connection establishment: net::ERR_CONNECTION_REFUSED @ http://localhost:1427/@vite/client:1034
[ 1987276ms] [ERROR] WebSocket connection to 'ws://localhost:1427/' failed: Error in connection establishment: net::ERR_CONNECTION_REFUSED @ http://localhost:1427/@vite/client:1034
[ 1992831ms] [ERROR] WebSocket connection to 'ws://localhost:1427/' failed: Error in connection establishment: net::ERR_CONNECTION_REFUSED @ http://localhost:1427/@vite/client:1034
[ 1996061ms] [ERROR] WebSocket connection to 'ws://localhost:1427/' failed: Error in connection establishment: net::ERR_CONNECTION_REFUSED @ http://localhost:1427/@vite/client:1034
[ 1999727ms] [ERROR] WebSocket connection to 'ws://localhost:1427/' failed: Error in connection establishment: net::ERR_CONNECTION_REFUSED @ http://localhost:1427/@vite/client:1034
[ 2002483ms] [ERROR] WebSocket connection to 'ws://localhost:1427/' failed: Error in connection establishment: net::ERR_CONNECTION_REFUSED @ http://localhost:1427/@vite/client:1034
[ 2008413ms] [ERROR] WebSocket connection to 'ws://localhost:1427/' failed: Error in connection establishment: net::ERR_CONNECTION_REFUSED @ http://localhost:1427/@vite/client:1034
[ 2014299ms] [ERROR] WebSocket connection to 'ws://localhost:1427/' failed: Error in connection establishment: net::ERR_CONNECTION_REFUSED @ http://localhost:1427/@vite/client:1034
[ 2017472ms] [ERROR] WebSocket connection to 'ws://localhost:1427/' failed: Error in connection establishment: net::ERR_CONNECTION_REFUSED @ http://localhost:1427/@vite/client:1034
[ 2019740ms] [ERROR] WebSocket connection to 'ws://localhost:1427/' failed: Error in connection establishment: net::ERR_CONNECTION_REFUSED @ http://localhost:1427/@vite/client:1034
[ 2022233ms] [ERROR] WebSocket connection to 'ws://localhost:1427/' failed: Error in connection establishment: net::ERR_CONNECTION_REFUSED @ http://localhost:1427/@vite/client:1034
[ 2025333ms] [ERROR] WebSocket connection to 'ws://localhost:1427/' failed: Error in connection establishment: net::ERR_CONNECTION_REFUSED @ http://localhost:1427/@vite/client:1034
[ 2030523ms] [ERROR] WebSocket connection to 'ws://localhost:1427/' failed: Error in connection establishment: net::ERR_CONNECTION_REFUSED @ http://localhost:1427/@vite/client:1034
[ 2033989ms] [ERROR] WebSocket connection to 'ws://localhost:1427/' failed: Error in connection establishment: net::ERR_CONNECTION_REFUSED @ http://localhost:1427/@vite/client:1034
[ 2038777ms] [ERROR] WebSocket connection to 'ws://localhost:1427/' failed: Error in connection establishment: net::ERR_CONNECTION_REFUSED @ http://localhost:1427/@vite/client:1034
[ 2044513ms] [ERROR] WebSocket connection to 'ws://localhost:1427/' failed: Error in connection establishment: net::ERR_CONNECTION_REFUSED @ http://localhost:1427/@vite/client:1034
[ 2049914ms] [ERROR] WebSocket connection to 'ws://localhost:1427/' failed: Error in connection establishment: net::ERR_CONNECTION_REFUSED @ http://localhost:1427/@vite/client:1034
[ 2053596ms] [ERROR] WebSocket connection to 'ws://localhost:1427/' failed: Error in connection establishment: net::ERR_CONNECTION_REFUSED @ http://localhost:1427/@vite/client:1034
[ 2056202ms] [ERROR] WebSocket connection to 'ws://localhost:1427/' failed: Error in connection establishment: net::ERR_CONNECTION_REFUSED @ http://localhost:1427/@vite/client:1034
[ 2059490ms] [ERROR] WebSocket connection to 'ws://localhost:1427/' failed: Error in connection establishment: net::ERR_CONNECTION_REFUSED @ http://localhost:1427/@vite/client:1034
[ 2061904ms] [ERROR] WebSocket connection to 'ws://localhost:1427/' failed: Error in connection establishment: net::ERR_CONNECTION_REFUSED @ http://localhost:1427/@vite/client:1034
[ 2066594ms] [ERROR] WebSocket connection to 'ws://localhost:1427/' failed: Error in connection establishment: net::ERR_CONNECTION_REFUSED @ http://localhost:1427/@vite/client:1034
[ 2068826ms] [ERROR] WebSocket connection to 'ws://localhost:1427/' failed: Error in connection establishment: net::ERR_CONNECTION_REFUSED @ http://localhost:1427/@vite/client:1034
[ 2072550ms] [ERROR] WebSocket connection to 'ws://localhost:1427/' failed: Error in connection establishment: net::ERR_CONNECTION_REFUSED @ http://localhost:1427/@vite/client:1034
[ 2077546ms] [ERROR] WebSocket connection to 'ws://localhost:1427/' failed: Error in connection establishment: net::ERR_CONNECTION_REFUSED @ http://localhost:1427/@vite/client:1034
[ 2082104ms] [ERROR] WebSocket connection to 'ws://localhost:1427/' failed: Error in connection establishment: net::ERR_CONNECTION_REFUSED @ http://localhost:1427/@vite/client:1034
[ 2087252ms] [ERROR] WebSocket connection to 'ws://localhost:1427/' failed: Error in connection establishment: net::ERR_CONNECTION_REFUSED @ http://localhost:1427/@vite/client:1034
[ 2089853ms] [ERROR] WebSocket connection to 'ws://localhost:1427/' failed: Error in connection establishment: net::ERR_CONNECTION_REFUSED @ http://localhost:1427/@vite/client:1034
[ 2093214ms] [ERROR] WebSocket connection to 'ws://localhost:1427/' failed: Error in connection establishment: net::ERR_CONNECTION_REFUSED @ http://localhost:1427/@vite/client:1034
[ 2097867ms] [ERROR] WebSocket connection to 'ws://localhost:1427/' failed: Error in connection establishment: net::ERR_CONNECTION_REFUSED @ http://localhost:1427/@vite/client:1034
[ 2100748ms] [ERROR] WebSocket connection to 'ws://localhost:1427/' failed: Error in connection establishment: net::ERR_CONNECTION_REFUSED @ http://localhost:1427/@vite/client:1034
[ 2103132ms] [ERROR] WebSocket connection to 'ws://localhost:1427/' failed: Error in connection establishment: net::ERR_CONNECTION_REFUSED @ http://localhost:1427/@vite/client:1034
[ 2105195ms] [ERROR] WebSocket connection to 'ws://localhost:1427/' failed: Error in connection establishment: net::ERR_CONNECTION_REFUSED @ http://localhost:1427/@vite/client:1034
[ 2108279ms] [ERROR] WebSocket connection to 'ws://localhost:1427/' failed: Error in connection establishment: net::ERR_CONNECTION_REFUSED @ http://localhost:1427/@vite/client:1034
[ 2113605ms] [ERROR] WebSocket connection to 'ws://localhost:1427/' failed: Error in connection establishment: net::ERR_CONNECTION_REFUSED @ http://localhost:1427/@vite/client:1034
[ 2116854ms] [ERROR] WebSocket connection to 'ws://localhost:1427/' failed: Error in connection establishment: net::ERR_CONNECTION_REFUSED @ http://localhost:1427/@vite/client:1034
[ 2120622ms] [ERROR] WebSocket connection to 'ws://localhost:1427/' failed: Error in connection establishment: net::ERR_CONNECTION_REFUSED @ http://localhost:1427/@vite/client:1034
[ 2124326ms] [ERROR] WebSocket connection to 'ws://localhost:1427/' failed: Error in connection establishment: net::ERR_CONNECTION_REFUSED @ http://localhost:1427/@vite/client:1034
[ 2127696ms] [ERROR] WebSocket connection to 'ws://localhost:1427/' failed: Error in connection establishment: net::ERR_CONNECTION_REFUSED @ http://localhost:1427/@vite/client:1034
[ 2132788ms] [ERROR] WebSocket connection to 'ws://localhost:1427/' failed: Error in connection establishment: net::ERR_CONNECTION_REFUSED @ http://localhost:1427/@vite/client:1034
[ 2135746ms] [ERROR] WebSocket connection to 'ws://localhost:1427/' failed: Error in connection establishment: net::ERR_CONNECTION_REFUSED @ http://localhost:1427/@vite/client:1034
[ 2138075ms] [ERROR] WebSocket connection to 'ws://localhost:1427/' failed: Error in connection establishment: net::ERR_CONNECTION_REFUSED @ http://localhost:1427/@vite/client:1034
[ 2140596ms] [ERROR] WebSocket connection to 'ws://localhost:1427/' failed: Error in connection establishment: net::ERR_CONNECTION_REFUSED @ http://localhost:1427/@vite/client:1034
[ 2145646ms] [ERROR] WebSocket connection to 'ws://localhost:1427/' failed: Error in connection establishment: net::ERR_CONNECTION_REFUSED @ http://localhost:1427/@vite/client:1034
[ 2149895ms] [ERROR] WebSocket connection to 'ws://localhost:1427/' failed: Error in connection establishment: net::ERR_CONNECTION_REFUSED @ http://localhost:1427/@vite/client:1034
[ 2152144ms] [ERROR] WebSocket connection to 'ws://localhost:1427/' failed: Error in connection establishment: net::ERR_CONNECTION_REFUSED @ http://localhost:1427/@vite/client:1034
[ 2156971ms] [ERROR] WebSocket connection to 'ws://localhost:1427/' failed: Error in connection establishment: net::ERR_CONNECTION_REFUSED @ http://localhost:1427/@vite/client:1034
[ 2160596ms] [ERROR] WebSocket connection to 'ws://localhost:1427/' failed: Error in connection establishment: net::ERR_CONNECTION_REFUSED @ http://localhost:1427/@vite/client:1034
[ 2163991ms] [ERROR] WebSocket connection to 'ws://localhost:1427/' failed: Error in connection establishment: net::ERR_CONNECTION_REFUSED @ http://localhost:1427/@vite/client:1034
[ 2166939ms] [ERROR] WebSocket connection to 'ws://localhost:1427/' failed: Error in connection establishment: net::ERR_CONNECTION_REFUSED @ http://localhost:1427/@vite/client:1034
[ 2172219ms] [ERROR] WebSocket connection to 'ws://localhost:1427/' failed: Error in connection establishment: net::ERR_CONNECTION_REFUSED @ http://localhost:1427/@vite/client:1034
[ 2174823ms] [ERROR] WebSocket connection to 'ws://localhost:1427/' failed: Error in connection establishment: net::ERR_CONNECTION_REFUSED @ http://localhost:1427/@vite/client:1034
[ 2176974ms] [ERROR] WebSocket connection to 'ws://localhost:1427/' failed: Error in connection establishment: net::ERR_CONNECTION_REFUSED @ http://localhost:1427/@vite/client:1034
[ 2179118ms] [ERROR] WebSocket connection to 'ws://localhost:1427/' failed: Error in connection establishment: net::ERR_CONNECTION_REFUSED @ http://localhost:1427/@vite/client:1034
[ 2182207ms] [ERROR] WebSocket connection to 'ws://localhost:1427/' failed: Error in connection establishment: net::ERR_CONNECTION_REFUSED @ http://localhost:1427/@vite/client:1034
[ 2184943ms] [ERROR] WebSocket connection to 'ws://localhost:1427/' failed: Error in connection establishment: net::ERR_CONNECTION_REFUSED @ http://localhost:1427/@vite/client:1034
[ 2187464ms] [ERROR] WebSocket connection to 'ws://localhost:1427/' failed: Error in connection establishment: net::ERR_CONNECTION_REFUSED @ http://localhost:1427/@vite/client:1034
[ 2192404ms] [ERROR] WebSocket connection to 'ws://localhost:1427/' failed: Error in connection establishment: net::ERR_CONNECTION_REFUSED @ http://localhost:1427/@vite/client:1034
[ 2197756ms] [ERROR] WebSocket connection to 'ws://localhost:1427/' failed: Error in connection establishment: net::ERR_CONNECTION_REFUSED @ http://localhost:1427/@vite/client:1034
[ 2199881ms] [ERROR] WebSocket connection to 'ws://localhost:1427/' failed: Error in connection establishment: net::ERR_CONNECTION_REFUSED @ http://localhost:1427/@vite/client:1034
[ 2204163ms] [ERROR] WebSocket connection to 'ws://localhost:1427/' failed: Error in connection establishment: net::ERR_CONNECTION_REFUSED @ http://localhost:1427/@vite/client:1034
[ 2209361ms] [ERROR] WebSocket connection to 'ws://localhost:1427/' failed: Error in connection establishment: net::ERR_CONNECTION_REFUSED @ http://localhost:1427/@vite/client:1034
[ 2215062ms] [ERROR] WebSocket connection to 'ws://localhost:1427/' failed: Error in connection establishment: net::ERR_CONNECTION_REFUSED @ http://localhost:1427/@vite/client:1034
[ 2218518ms] [ERROR] WebSocket connection to 'ws://localhost:1427/' failed: Error in connection establishment: net::ERR_CONNECTION_REFUSED @ http://localhost:1427/@vite/client:1034
[ 2220577ms] [ERROR] WebSocket connection to 'ws://localhost:1427/' failed: Error in connection establishment: net::ERR_CONNECTION_REFUSED @ http://localhost:1427/@vite/client:1034
[ 2225165ms] [ERROR] WebSocket connection to 'ws://localhost:1427/' failed: Error in connection establishment: net::ERR_CONNECTION_REFUSED @ http://localhost:1427/@vite/client:1034
[ 2228711ms] [ERROR] WebSocket connection to 'ws://localhost:1427/' failed: Error in connection establishment: net::ERR_CONNECTION_REFUSED @ http://localhost:1427/@vite/client:1034
[ 2233368ms] [ERROR] WebSocket connection to 'ws://localhost:1427/' failed: Error in connection establishment: net::ERR_CONNECTION_REFUSED @ http://localhost:1427/@vite/client:1034
[ 2238202ms] [ERROR] WebSocket connection to 'ws://localhost:1427/' failed: Error in connection establishment: net::ERR_CONNECTION_REFUSED @ http://localhost:1427/@vite/client:1034
[ 2243730ms] [ERROR] WebSocket connection to 'ws://localhost:1427/' failed: Error in connection establishment: net::ERR_CONNECTION_REFUSED @ http://localhost:1427/@vite/client:1034
[ 2246904ms] [ERROR] WebSocket connection to 'ws://localhost:1427/' failed: Error in connection establishment: net::ERR_CONNECTION_REFUSED @ http://localhost:1427/@vite/client:1034
[ 2251512ms] [ERROR] WebSocket connection to 'ws://localhost:1427/' failed: Error in connection establishment: net::ERR_CONNECTION_REFUSED @ http://localhost:1427/@vite/client:1034
[ 2257441ms] [ERROR] WebSocket connection to 'ws://localhost:1427/' failed: Error in connection establishment: net::ERR_CONNECTION_REFUSED @ http://localhost:1427/@vite/client:1034
[ 2262998ms] [ERROR] WebSocket connection to 'ws://localhost:1427/' failed: Error in connection establishment: net::ERR_CONNECTION_REFUSED @ http://localhost:1427/@vite/client:1034
[ 2268554ms] [ERROR] WebSocket connection to 'ws://localhost:1427/' failed: Error in connection establishment: net::ERR_CONNECTION_REFUSED @ http://localhost:1427/@vite/client:1034
[ 2270789ms] [ERROR] WebSocket connection to 'ws://localhost:1427/' failed: Error in connection establishment: net::ERR_CONNECTION_REFUSED @ http://localhost:1427/@vite/client:1034
[ 2273888ms] [ERROR] WebSocket connection to 'ws://localhost:1427/' failed: Error in connection establishment: net::ERR_CONNECTION_REFUSED @ http://localhost:1427/@vite/client:1034
[ 2276641ms] [ERROR] WebSocket connection to 'ws://localhost:1427/' failed: Error in connection establishment: net::ERR_CONNECTION_REFUSED @ http://localhost:1427/@vite/client:1034
[ 2280442ms] [ERROR] WebSocket connection to 'ws://localhost:1427/' failed: Error in connection establishment: net::ERR_CONNECTION_REFUSED @ http://localhost:1427/@vite/client:1034
[ 2283012ms] [ERROR] WebSocket connection to 'ws://localhost:1427/' failed: Error in connection establishment: net::ERR_CONNECTION_REFUSED @ http://localhost:1427/@vite/client:1034
[ 2287760ms] [ERROR] WebSocket connection to 'ws://localhost:1427/' failed: Error in connection establishment: net::ERR_CONNECTION_REFUSED @ http://localhost:1427/@vite/client:1034
[ 2292454ms] [ERROR] WebSocket connection to 'ws://localhost:1427/' failed: Error in connection establishment: net::ERR_CONNECTION_REFUSED @ http://localhost:1427/@vite/client:1034
[ 2296400ms] [ERROR] WebSocket connection to 'ws://localhost:1427/' failed: Error in connection establishment: net::ERR_CONNECTION_REFUSED @ http://localhost:1427/@vite/client:1034
[ 2298473ms] [ERROR] WebSocket connection to 'ws://localhost:1427/' failed: Error in connection establishment: net::ERR_CONNECTION_REFUSED @ http://localhost:1427/@vite/client:1034
[ 2301233ms] [ERROR] WebSocket connection to 'ws://localhost:1427/' failed: Error in connection establishment: net::ERR_CONNECTION_REFUSED @ http://localhost:1427/@vite/client:1034
[ 2304060ms] [ERROR] WebSocket connection to 'ws://localhost:1427/' failed: Error in connection establishment: net::ERR_CONNECTION_REFUSED @ http://localhost:1427/@vite/client:1034
[ 2306722ms] [ERROR] WebSocket connection to 'ws://localhost:1427/' failed: Error in connection establishment: net::ERR_CONNECTION_REFUSED @ http://localhost:1427/@vite/client:1034
[ 2311650ms] [ERROR] WebSocket connection to 'ws://localhost:1427/' failed: Error in connection establishment: net::ERR_CONNECTION_REFUSED @ http://localhost:1427/@vite/client:1034
[ 2315390ms] [ERROR] WebSocket connection to 'ws://localhost:1427/' failed: Error in connection establishment: net::ERR_CONNECTION_REFUSED @ http://localhost:1427/@vite/client:1034
[ 2318586ms] [ERROR] WebSocket connection to 'ws://localhost:1427/' failed: Error in connection establishment: net::ERR_CONNECTION_REFUSED @ http://localhost:1427/@vite/client:1034
[ 2322909ms] [ERROR] WebSocket connection to 'ws://localhost:1427/' failed: Error in connection establishment: net::ERR_CONNECTION_REFUSED @ http://localhost:1427/@vite/client:1034
[ 2325480ms] [ERROR] WebSocket connection to 'ws://localhost:1427/' failed: Error in connection establishment: net::ERR_CONNECTION_REFUSED @ http://localhost:1427/@vite/client:1034
[ 2328763ms] [ERROR] WebSocket connection to 'ws://localhost:1427/' failed: Error in connection establishment: net::ERR_CONNECTION_REFUSED @ http://localhost:1427/@vite/client:1034
[ 2331296ms] [ERROR] WebSocket connection to 'ws://localhost:1427/' failed: Error in connection establishment: net::ERR_CONNECTION_REFUSED @ http://localhost:1427/@vite/client:1034
[ 2333673ms] [ERROR] WebSocket connection to 'ws://localhost:1427/' failed: Error in connection establishment: net::ERR_CONNECTION_REFUSED @ http://localhost:1427/@vite/client:1034
[ 2336840ms] [ERROR] WebSocket connection to 'ws://localhost:1427/' failed: Error in connection establishment: net::ERR_CONNECTION_REFUSED @ http://localhost:1427/@vite/client:1034
[ 2341559ms] [ERROR] WebSocket connection to 'ws://localhost:1427/' failed: Error in connection establishment: net::ERR_CONNECTION_REFUSED @ http://localhost:1427/@vite/client:1034
[ 2346336ms] [ERROR] WebSocket connection to 'ws://localhost:1427/' failed: Error in connection establishment: net::ERR_CONNECTION_REFUSED @ http://localhost:1427/@vite/client:1034
[ 2349901ms] [ERROR] WebSocket connection to 'ws://localhost:1427/' failed: Error in connection establishment: net::ERR_CONNECTION_REFUSED @ http://localhost:1427/@vite/client:1034
[ 2355784ms] [ERROR] WebSocket connection to 'ws://localhost:1427/' failed: Error in connection establishment: net::ERR_CONNECTION_REFUSED @ http://localhost:1427/@vite/client:1034
[ 2360377ms] [ERROR] WebSocket connection to 'ws://localhost:1427/' failed: Error in connection establishment: net::ERR_CONNECTION_REFUSED @ http://localhost:1427/@vite/client:1034
[ 2365657ms] [ERROR] WebSocket connection to 'ws://localhost:1427/' failed: Error in connection establishment: net::ERR_CONNECTION_REFUSED @ http://localhost:1427/@vite/client:1034
[ 2367919ms] [ERROR] WebSocket connection to 'ws://localhost:1427/' failed: Error in connection establishment: net::ERR_CONNECTION_REFUSED @ http://localhost:1427/@vite/client:1034
[ 2370956ms] [ERROR] WebSocket connection to 'ws://localhost:1427/' failed: Error in connection establishment: net::ERR_CONNECTION_REFUSED @ http://localhost:1427/@vite/client:1034
[ 2373190ms] [ERROR] WebSocket connection to 'ws://localhost:1427/' failed: Error in connection establishment: net::ERR_CONNECTION_REFUSED @ http://localhost:1427/@vite/client:1034
[ 2376173ms] [ERROR] WebSocket connection to 'ws://localhost:1427/' failed: Error in connection establishment: net::ERR_CONNECTION_REFUSED @ http://localhost:1427/@vite/client:1034
[ 2379204ms] [ERROR] WebSocket connection to 'ws://localhost:1427/' failed: Error in connection establishment: net::ERR_CONNECTION_REFUSED @ http://localhost:1427/@vite/client:1034
[ 2381910ms] [ERROR] WebSocket connection to 'ws://localhost:1427/' failed: Error in connection establishment: net::ERR_CONNECTION_REFUSED @ http://localhost:1427/@vite/client:1034
[ 2387364ms] [ERROR] WebSocket connection to 'ws://localhost:1427/' failed: Error in connection establishment: net::ERR_CONNECTION_REFUSED @ http://localhost:1427/@vite/client:1034
[ 2389723ms] [ERROR] WebSocket connection to 'ws://localhost:1427/' failed: Error in connection establishment: net::ERR_CONNECTION_REFUSED @ http://localhost:1427/@vite/client:1034
[ 2395589ms] [ERROR] WebSocket connection to 'ws://localhost:1427/' failed: Error in connection establishment: net::ERR_CONNECTION_REFUSED @ http://localhost:1427/@vite/client:1034
[ 2399689ms] [ERROR] WebSocket connection to 'ws://localhost:1427/' failed: Error in connection establishment: net::ERR_CONNECTION_REFUSED @ http://localhost:1427/@vite/client:1034
[ 2404740ms] [ERROR] WebSocket connection to 'ws://localhost:1427/' failed: Error in connection establishment: net::ERR_CONNECTION_REFUSED @ http://localhost:1427/@vite/client:1034
[ 2407635ms] [ERROR] WebSocket connection to 'ws://localhost:1427/' failed: Error in connection establishment: net::ERR_CONNECTION_REFUSED @ http://localhost:1427/@vite/client:1034
[ 2413045ms] [ERROR] WebSocket connection to 'ws://localhost:1427/' failed: Error in connection establishment: net::ERR_CONNECTION_REFUSED @ http://localhost:1427/@vite/client:1034
[ 2418890ms] [ERROR] WebSocket connection to 'ws://localhost:1427/' failed: Error in connection establishment: net::ERR_CONNECTION_REFUSED @ http://localhost:1427/@vite/client:1034
[ 2422620ms] [ERROR] WebSocket connection to 'ws://localhost:1427/' failed: Error in connection establishment: net::ERR_CONNECTION_REFUSED @ http://localhost:1427/@vite/client:1034
[ 2425593ms] [ERROR] WebSocket connection to 'ws://localhost:1427/' failed: Error in connection establishment: net::ERR_CONNECTION_REFUSED @ http://localhost:1427/@vite/client:1034
[ 2430154ms] [ERROR] WebSocket connection to 'ws://localhost:1427/' failed: Error in connection establishment: net::ERR_CONNECTION_REFUSED @ http://localhost:1427/@vite/client:1034
[ 2432705ms] [ERROR] WebSocket connection to 'ws://localhost:1427/' failed: Error in connection establishment: net::ERR_CONNECTION_REFUSED @ http://localhost:1427/@vite/client:1034
[ 2438431ms] [ERROR] WebSocket connection to 'ws://localhost:1427/' failed: Error in connection establishment: net::ERR_CONNECTION_REFUSED @ http://localhost:1427/@vite/client:1034
[ 2440813ms] [ERROR] WebSocket connection to 'ws://localhost:1427/' failed: Error in connection establishment: net::ERR_CONNECTION_REFUSED @ http://localhost:1427/@vite/client:1034
[ 2444023ms] [ERROR] WebSocket connection to 'ws://localhost:1427/' failed: Error in connection establishment: net::ERR_CONNECTION_REFUSED @ http://localhost:1427/@vite/client:1034
[ 2448985ms] [ERROR] WebSocket connection to 'ws://localhost:1427/' failed: Error in connection establishment: net::ERR_CONNECTION_REFUSED @ http://localhost:1427/@vite/client:1034
[ 2454442ms] [ERROR] WebSocket connection to 'ws://localhost:1427/' failed: Error in connection establishment: net::ERR_CONNECTION_REFUSED @ http://localhost:1427/@vite/client:1034
[ 2458882ms] [ERROR] WebSocket connection to 'ws://localhost:1427/' failed: Error in connection establishment: net::ERR_CONNECTION_REFUSED @ http://localhost:1427/@vite/client:1034
[ 2461641ms] [ERROR] WebSocket connection to 'ws://localhost:1427/' failed: Error in connection establishment: net::ERR_CONNECTION_REFUSED @ http://localhost:1427/@vite/client:1034
[ 2463912ms] [ERROR] WebSocket connection to 'ws://localhost:1427/' failed: Error in connection establishment: net::ERR_CONNECTION_REFUSED @ http://localhost:1427/@vite/client:1034
[ 2468839ms] [ERROR] WebSocket connection to 'ws://localhost:1427/' failed: Error in connection establishment: net::ERR_CONNECTION_REFUSED @ http://localhost:1427/@vite/client:1034
[ 2473981ms] [ERROR] WebSocket connection to 'ws://localhost:1427/' failed: Error in connection establishment: net::ERR_CONNECTION_REFUSED @ http://localhost:1427/@vite/client:1034
[ 2477327ms] [ERROR] WebSocket connection to 'ws://localhost:1427/' failed: Error in connection establishment: net::ERR_CONNECTION_REFUSED @ http://localhost:1427/@vite/client:1034
[ 2481265ms] [ERROR] WebSocket connection to 'ws://localhost:1427/' failed: Error in connection establishment: net::ERR_CONNECTION_REFUSED @ http://localhost:1427/@vite/client:1034
[ 2484751ms] [ERROR] WebSocket connection to 'ws://localhost:1427/' failed: Error in connection establishment: net::ERR_CONNECTION_REFUSED @ http://localhost:1427/@vite/client:1034
[ 2490030ms] [ERROR] WebSocket connection to 'ws://localhost:1427/' failed: Error in connection establishment: net::ERR_CONNECTION_REFUSED @ http://localhost:1427/@vite/client:1034
[ 2494623ms] [ERROR] WebSocket connection to 'ws://localhost:1427/' failed: Error in connection establishment: net::ERR_CONNECTION_REFUSED @ http://localhost:1427/@vite/client:1034
[ 2498935ms] [ERROR] WebSocket connection to 'ws://localhost:1427/' failed: Error in connection establishment: net::ERR_CONNECTION_REFUSED @ http://localhost:1427/@vite/client:1034
[ 2502826ms] [ERROR] WebSocket connection to 'ws://localhost:1427/' failed: Error in connection establishment: net::ERR_CONNECTION_REFUSED @ http://localhost:1427/@vite/client:1034
[ 2506129ms] [ERROR] WebSocket connection to 'ws://localhost:1427/' failed: Error in connection establishment: net::ERR_CONNECTION_REFUSED @ http://localhost:1427/@vite/client:1034
[ 2512046ms] [ERROR] WebSocket connection to 'ws://localhost:1427/' failed: Error in connection establishment: net::ERR_CONNECTION_REFUSED @ http://localhost:1427/@vite/client:1034
[ 2515009ms] [ERROR] WebSocket connection to 'ws://localhost:1427/' failed: Error in connection establishment: net::ERR_CONNECTION_REFUSED @ http://localhost:1427/@vite/client:1034
[ 2520347ms] [ERROR] WebSocket connection to 'ws://localhost:1427/' failed: Error in connection establishment: net::ERR_CONNECTION_REFUSED @ http://localhost:1427/@vite/client:1034
[ 2525251ms] [ERROR] WebSocket connection to 'ws://localhost:1427/' failed: Error in connection establishment: net::ERR_CONNECTION_REFUSED @ http://localhost:1427/@vite/client:1034
[ 2528794ms] [ERROR] WebSocket connection to 'ws://localhost:1427/' failed: Error in connection establishment: net::ERR_CONNECTION_REFUSED @ http://localhost:1427/@vite/client:1034
[ 2531303ms] [ERROR] WebSocket connection to 'ws://localhost:1427/' failed: Error in connection establishment: net::ERR_CONNECTION_REFUSED @ http://localhost:1427/@vite/client:1034
[ 2535866ms] [ERROR] WebSocket connection to 'ws://localhost:1427/' failed: Error in connection establishment: net::ERR_CONNECTION_REFUSED @ http://localhost:1427/@vite/client:1034
[ 2539500ms] [ERROR] WebSocket connection to 'ws://localhost:1427/' failed: Error in connection establishment: net::ERR_CONNECTION_REFUSED @ http://localhost:1427/@vite/client:1034
[ 2544003ms] [ERROR] WebSocket connection to 'ws://localhost:1427/' failed: Error in connection establishment: net::ERR_CONNECTION_REFUSED @ http://localhost:1427/@vite/client:1034
[ 2547599ms] [ERROR] WebSocket connection to 'ws://localhost:1427/' failed: Error in connection establishment: net::ERR_CONNECTION_REFUSED @ http://localhost:1427/@vite/client:1034
[ 2550889ms] [ERROR] WebSocket connection to 'ws://localhost:1427/' failed: Error in connection establishment: net::ERR_CONNECTION_REFUSED @ http://localhost:1427/@vite/client:1034
[ 2555558ms] [ERROR] WebSocket connection to 'ws://localhost:1427/' failed: Error in connection establishment: net::ERR_CONNECTION_REFUSED @ http://localhost:1427/@vite/client:1034
[ 2560405ms] [ERROR] WebSocket connection to 'ws://localhost:1427/' failed: Error in connection establishment: net::ERR_CONNECTION_REFUSED @ http://localhost:1427/@vite/client:1034
[ 2565662ms] [ERROR] WebSocket connection to 'ws://localhost:1427/' failed: Error in connection establishment: net::ERR_CONNECTION_REFUSED @ http://localhost:1427/@vite/client:1034
[ 2570577ms] [ERROR] WebSocket connection to 'ws://localhost:1427/' failed: Error in connection establishment: net::ERR_CONNECTION_REFUSED @ http://localhost:1427/@vite/client:1034
[ 2573641ms] [ERROR] WebSocket connection to 'ws://localhost:1427/' failed: Error in connection establishment: net::ERR_CONNECTION_REFUSED @ http://localhost:1427/@vite/client:1034
[ 2579582ms] [ERROR] WebSocket connection to 'ws://localhost:1427/' failed: Error in connection establishment: net::ERR_CONNECTION_REFUSED @ http://localhost:1427/@vite/client:1034
[ 2582922ms] [ERROR] WebSocket connection to 'ws://localhost:1427/' failed: Error in connection establishment: net::ERR_CONNECTION_REFUSED @ http://localhost:1427/@vite/client:1034
[ 2587866ms] [ERROR] WebSocket connection to 'ws://localhost:1427/' failed: Error in connection establishment: net::ERR_CONNECTION_REFUSED @ http://localhost:1427/@vite/client:1034
[ 2593488ms] [ERROR] WebSocket connection to 'ws://localhost:1427/' failed: Error in connection establishment: net::ERR_CONNECTION_REFUSED @ http://localhost:1427/@vite/client:1034
[ 2598796ms] [ERROR] WebSocket connection to 'ws://localhost:1427/' failed: Error in connection establishment: net::ERR_CONNECTION_REFUSED @ http://localhost:1427/@vite/client:1034
[ 2602585ms] [ERROR] WebSocket connection to 'ws://localhost:1427/' failed: Error in connection establishment: net::ERR_CONNECTION_REFUSED @ http://localhost:1427/@vite/client:1034
[ 2605030ms] [ERROR] WebSocket connection to 'ws://localhost:1427/' failed: Error in connection establishment: net::ERR_CONNECTION_REFUSED @ http://localhost:1427/@vite/client:1034
[ 2610895ms] [ERROR] WebSocket connection to 'ws://localhost:1427/' failed: Error in connection establishment: net::ERR_CONNECTION_REFUSED @ http://localhost:1427/@vite/client:1034
[ 2613277ms] [ERROR] WebSocket connection to 'ws://localhost:1427/' failed: Error in connection establishment: net::ERR_CONNECTION_REFUSED @ http://localhost:1427/@vite/client:1034
[ 2615915ms] [ERROR] WebSocket connection to 'ws://localhost:1427/' failed: Error in connection establishment: net::ERR_CONNECTION_REFUSED @ http://localhost:1427/@vite/client:1034
[ 2619759ms] [ERROR] WebSocket connection to 'ws://localhost:1427/' failed: Error in connection establishment: net::ERR_CONNECTION_REFUSED @ http://localhost:1427/@vite/client:1034
[ 2624004ms] [ERROR] WebSocket connection to 'ws://localhost:1427/' failed: Error in connection establishment: net::ERR_CONNECTION_REFUSED @ http://localhost:1427/@vite/client:1034
[ 2625005ms] [ERROR] WebSocket connection to 'ws://localhost:1427/' failed: Error in connection establishment: net::ERR_CONNECTION_REFUSED @ http://localhost:1427/@vite/client:1034
[ 2626007ms] [ERROR] WebSocket connection to 'ws://localhost:1427/' failed: Error in connection establishment: net::ERR_CONNECTION_REFUSED @ http://localhost:1427/@vite/client:1034
[ 2627008ms] [ERROR] WebSocket connection to 'ws://localhost:1427/' failed: Error in connection establishment: net::ERR_CONNECTION_REFUSED @ http://localhost:1427/@vite/client:1034
[ 2628009ms] [ERROR] WebSocket connection to 'ws://localhost:1427/' failed: Error in connection establishment: net::ERR_CONNECTION_REFUSED @ http://localhost:1427/@vite/client:1034
[ 2629010ms] [ERROR] WebSocket connection to 'ws://localhost:1427/' failed: Error in connection establishment: net::ERR_CONNECTION_REFUSED @ http://localhost:1427/@vite/client:1034
[ 2630013ms] [ERROR] WebSocket connection to 'ws://localhost:1427/' failed: Error in connection establishment: net::ERR_CONNECTION_REFUSED @ http://localhost:1427/@vite/client:1034
[ 2631020ms] [ERROR] WebSocket connection to 'ws://localhost:1427/' failed: Error in connection establishment: net::ERR_CONNECTION_REFUSED @ http://localhost:1427/@vite/client:1034
[ 2632028ms] [ERROR] WebSocket connection to 'ws://localhost:1427/' failed: Error in connection establishment: net::ERR_CONNECTION_REFUSED @ http://localhost:1427/@vite/client:1034
[ 2633044ms] [ERROR] WebSocket connection to 'ws://localhost:1427/' failed: Error in connection establishment: net::ERR_CONNECTION_REFUSED @ http://localhost:1427/@vite/client:1034
[ 2634106ms] [ERROR] WebSocket connection to 'ws://localhost:1427/' failed: Error in connection establishment: net::ERR_CONNECTION_REFUSED @ http://localhost:1427/@vite/client:1034
[ 2635216ms] [ERROR] WebSocket connection to 'ws://localhost:1427/' failed: Error in connection establishment: net::ERR_CONNECTION_REFUSED @ http://localhost:1427/@vite/client:1034
[ 2636482ms] [ERROR] WebSocket connection to 'ws://localhost:1427/' failed: Error in connection establishment: net::ERR_CONNECTION_REFUSED @ http://localhost:1427/@vite/client:1034
[ 2637780ms] [ERROR] WebSocket connection to 'ws://localhost:1427/' failed: Error in connection establishment: net::ERR_CONNECTION_REFUSED @ http://localhost:1427/@vite/client:1034
[ 2639323ms] [ERROR] WebSocket connection to 'ws://localhost:1427/' failed: Error in connection establishment: net::ERR_CONNECTION_REFUSED @ http://localhost:1427/@vite/client:1034
[ 2641115ms] [ERROR] WebSocket connection to 'ws://localhost:1427/' failed: Error in connection establishment: net::ERR_CONNECTION_REFUSED @ http://localhost:1427/@vite/client:1034
[ 2646816ms] [ERROR] WebSocket connection to 'ws://localhost:1427/' failed: Error in connection establishment: net::ERR_CONNECTION_REFUSED @ http://localhost:1427/@vite/client:1034
[ 2650638ms] [ERROR] WebSocket connection to 'ws://localhost:1427/' failed: Error in connection establishment: net::ERR_CONNECTION_REFUSED @ http://localhost:1427/@vite/client:1034
[ 2655652ms] [ERROR] WebSocket connection to 'ws://localhost:1427/' failed: Error in connection establishment: net::ERR_CONNECTION_REFUSED @ http://localhost:1427/@vite/client:1034
[ 2658071ms] [ERROR] WebSocket connection to 'ws://localhost:1427/' failed: Error in connection establishment: net::ERR_CONNECTION_REFUSED @ http://localhost:1427/@vite/client:1034
[ 2660137ms] [ERROR] WebSocket connection to 'ws://localhost:1427/' failed: Error in connection establishment: net::ERR_CONNECTION_REFUSED @ http://localhost:1427/@vite/client:1034
[ 2665539ms] [ERROR] WebSocket connection to 'ws://localhost:1427/' failed: Error in connection establishment: net::ERR_CONNECTION_REFUSED @ http://localhost:1427/@vite/client:1034
[ 2668775ms] [ERROR] WebSocket connection to 'ws://localhost:1427/' failed: Error in connection establishment: net::ERR_CONNECTION_REFUSED @ http://localhost:1427/@vite/client:1034
[ 2670979ms] [ERROR] WebSocket connection to 'ws://localhost:1427/' failed: Error in connection establishment: net::ERR_CONNECTION_REFUSED @ http://localhost:1427/@vite/client:1034
[ 2675181ms] [ERROR] WebSocket connection to 'ws://localhost:1427/' failed: Error in connection establishment: net::ERR_CONNECTION_REFUSED @ http://localhost:1427/@vite/client:1034
[ 2677495ms] [ERROR] WebSocket connection to 'ws://localhost:1427/' failed: Error in connection establishment: net::ERR_CONNECTION_REFUSED @ http://localhost:1427/@vite/client:1034
[ 2683396ms] [ERROR] WebSocket connection to 'ws://localhost:1427/' failed: Error in connection establishment: net::ERR_CONNECTION_REFUSED @ http://localhost:1427/@vite/client:1034
[ 2686073ms] [ERROR] WebSocket connection to 'ws://localhost:1427/' failed: Error in connection establishment: net::ERR_CONNECTION_REFUSED @ http://localhost:1427/@vite/client:1034
[ 2688174ms] [ERROR] WebSocket connection to 'ws://localhost:1427/' failed: Error in connection establishment: net::ERR_CONNECTION_REFUSED @ http://localhost:1427/@vite/client:1034
[ 2693021ms] [ERROR] WebSocket connection to 'ws://localhost:1427/' failed: Error in connection establishment: net::ERR_CONNECTION_REFUSED @ http://localhost:1427/@vite/client:1034
[ 2695119ms] [ERROR] WebSocket connection to 'ws://localhost:1427/' failed: Error in connection establishment: net::ERR_CONNECTION_REFUSED @ http://localhost:1427/@vite/client:1034
[ 2698253ms] [ERROR] WebSocket connection to 'ws://localhost:1427/' failed: Error in connection establishment: net::ERR_CONNECTION_REFUSED @ http://localhost:1427/@vite/client:1034
[ 2700340ms] [ERROR] WebSocket connection to 'ws://localhost:1427/' failed: Error in connection establishment: net::ERR_CONNECTION_REFUSED @ http://localhost:1427/@vite/client:1034
[ 2705752ms] [ERROR] WebSocket connection to 'ws://localhost:1427/' failed: Error in connection establishment: net::ERR_CONNECTION_REFUSED @ http://localhost:1427/@vite/client:1034
[ 2711669ms] [ERROR] WebSocket connection to 'ws://localhost:1427/' failed: Error in connection establishment: net::ERR_CONNECTION_REFUSED @ http://localhost:1427/@vite/client:1034
[ 2715009ms] [ERROR] WebSocket connection to 'ws://localhost:1427/' failed: Error in connection establishment: net::ERR_CONNECTION_REFUSED @ http://localhost:1427/@vite/client:1034
[ 2720220ms] [ERROR] WebSocket connection to 'ws://localhost:1427/' failed: Error in connection establishment: net::ERR_CONNECTION_REFUSED @ http://localhost:1427/@vite/client:1034
[ 2723461ms] [ERROR] WebSocket connection to 'ws://localhost:1427/' failed: Error in connection establishment: net::ERR_CONNECTION_REFUSED @ http://localhost:1427/@vite/client:1034
[ 2725536ms] [ERROR] WebSocket connection to 'ws://localhost:1427/' failed: Error in connection establishment: net::ERR_CONNECTION_REFUSED @ http://localhost:1427/@vite/client:1034
[ 2728825ms] [ERROR] WebSocket connection to 'ws://localhost:1427/' failed: Error in connection establishment: net::ERR_CONNECTION_REFUSED @ http://localhost:1427/@vite/client:1034
[ 2732556ms] [ERROR] WebSocket connection to 'ws://localhost:1427/' failed: Error in connection establishment: net::ERR_CONNECTION_REFUSED @ http://localhost:1427/@vite/client:1034
[ 2735332ms] [ERROR] WebSocket connection to 'ws://localhost:1427/' failed: Error in connection establishment: net::ERR_CONNECTION_REFUSED @ http://localhost:1427/@vite/client:1034
[ 2739665ms] [ERROR] WebSocket connection to 'ws://localhost:1427/' failed: Error in connection establishment: net::ERR_CONNECTION_REFUSED @ http://localhost:1427/@vite/client:1034
[ 2744393ms] [ERROR] WebSocket connection to 'ws://localhost:1427/' failed: Error in connection establishment: net::ERR_CONNECTION_REFUSED @ http://localhost:1427/@vite/client:1034
[ 2745394ms] [ERROR] WebSocket connection to 'ws://localhost:1427/' failed: Error in connection establishment: net::ERR_CONNECTION_REFUSED @ http://localhost:1427/@vite/client:1034
[ 2746395ms] [ERROR] WebSocket connection to 'ws://localhost:1427/' failed: Error in connection establishment: net::ERR_CONNECTION_REFUSED @ http://localhost:1427/@vite/client:1034
[ 2747397ms] [ERROR] WebSocket connection to 'ws://localhost:1427/' failed: Error in connection establishment: net::ERR_CONNECTION_REFUSED @ http://localhost:1427/@vite/client:1034
[ 2748399ms] [ERROR] WebSocket connection to 'ws://localhost:1427/' failed: Error in connection establishment: net::ERR_CONNECTION_REFUSED @ http://localhost:1427/@vite/client:1034
[ 2749403ms] [ERROR] WebSocket connection to 'ws://localhost:1427/' failed: Error in connection establishment: net::ERR_CONNECTION_REFUSED @ http://localhost:1427/@vite/client:1034
[ 2750409ms] [ERROR] WebSocket connection to 'ws://localhost:1427/' failed: Error in connection establishment: net::ERR_CONNECTION_REFUSED @ http://localhost:1427/@vite/client:1034
[ 2751412ms] [ERROR] WebSocket connection to 'ws://localhost:1427/' failed: Error in connection establishment: net::ERR_CONNECTION_REFUSED @ http://localhost:1427/@vite/client:1034
[ 2752422ms] [ERROR] WebSocket connection to 'ws://localhost:1427/' failed: Error in connection establishment: net::ERR_CONNECTION_REFUSED @ http://localhost:1427/@vite/client:1034
[ 2753440ms] [ERROR] WebSocket connection to 'ws://localhost:1427/' failed: Error in connection establishment: net::ERR_CONNECTION_REFUSED @ http://localhost:1427/@vite/client:1034
[ 2754465ms] [ERROR] WebSocket connection to 'ws://localhost:1427/' failed: Error in connection establishment: net::ERR_CONNECTION_REFUSED @ http://localhost:1427/@vite/client:1034
[ 2755500ms] [ERROR] WebSocket connection to 'ws://localhost:1427/' failed: Error in connection establishment: net::ERR_CONNECTION_REFUSED @ http://localhost:1427/@vite/client:1034
[ 2756699ms] [ERROR] WebSocket connection to 'ws://localhost:1427/' failed: Error in connection establishment: net::ERR_CONNECTION_REFUSED @ http://localhost:1427/@vite/client:1034
[ 2758057ms] [ERROR] WebSocket connection to 'ws://localhost:1427/' failed: Error in connection establishment: net::ERR_CONNECTION_REFUSED @ http://localhost:1427/@vite/client:1034
[ 2759563ms] [ERROR] WebSocket connection to 'ws://localhost:1427/' failed: Error in connection establishment: net::ERR_CONNECTION_REFUSED @ http://localhost:1427/@vite/client:1034
[ 2762600ms] [ERROR] WebSocket connection to 'ws://localhost:1427/' failed: Error in connection establishment: net::ERR_CONNECTION_REFUSED @ http://localhost:1427/@vite/client:1034
[ 2766431ms] [ERROR] WebSocket connection to 'ws://localhost:1427/' failed: Error in connection establishment: net::ERR_CONNECTION_REFUSED @ http://localhost:1427/@vite/client:1034
[ 2771277ms] [ERROR] WebSocket connection to 'ws://localhost:1427/' failed: Error in connection establishment: net::ERR_CONNECTION_REFUSED @ http://localhost:1427/@vite/client:1034
[ 2776385ms] [ERROR] WebSocket connection to 'ws://localhost:1427/' failed: Error in connection establishment: net::ERR_CONNECTION_REFUSED @ http://localhost:1427/@vite/client:1034
[ 2778866ms] [ERROR] WebSocket connection to 'ws://localhost:1427/' failed: Error in connection establishment: net::ERR_CONNECTION_REFUSED @ http://localhost:1427/@vite/client:1034
[ 2783348ms] [ERROR] WebSocket connection to 'ws://localhost:1427/' failed: Error in connection establishment: net::ERR_CONNECTION_REFUSED @ http://localhost:1427/@vite/client:1034
[ 2788628ms] [ERROR] WebSocket connection to 'ws://localhost:1427/' failed: Error in connection establishment: net::ERR_CONNECTION_REFUSED @ http://localhost:1427/@vite/client:1034
[ 2791358ms] [ERROR] WebSocket connection to 'ws://localhost:1427/' failed: Error in connection establishment: net::ERR_CONNECTION_REFUSED @ http://localhost:1427/@vite/client:1034
[ 2795611ms] [ERROR] WebSocket connection to 'ws://localhost:1427/' failed: Error in connection establishment: net::ERR_CONNECTION_REFUSED @ http://localhost:1427/@vite/client:1034
[ 2798482ms] [ERROR] WebSocket connection to 'ws://localhost:1427/' failed: Error in connection establishment: net::ERR_CONNECTION_REFUSED @ http://localhost:1427/@vite/client:1034
[ 2801191ms] [ERROR] WebSocket connection to 'ws://localhost:1427/' failed: Error in connection establishment: net::ERR_CONNECTION_REFUSED @ http://localhost:1427/@vite/client:1034
[ 2804222ms] [ERROR] WebSocket connection to 'ws://localhost:1427/' failed: Error in connection establishment: net::ERR_CONNECTION_REFUSED @ http://localhost:1427/@vite/client:1034
[ 2808827ms] [ERROR] WebSocket connection to 'ws://localhost:1427/' failed: Error in connection establishment: net::ERR_CONNECTION_REFUSED @ http://localhost:1427/@vite/client:1034
[ 2811045ms] [ERROR] WebSocket connection to 'ws://localhost:1427/' failed: Error in connection establishment: net::ERR_CONNECTION_REFUSED @ http://localhost:1427/@vite/client:1034
[ 2814873ms] [ERROR] WebSocket connection to 'ws://localhost:1427/' failed: Error in connection establishment: net::ERR_CONNECTION_REFUSED @ http://localhost:1427/@vite/client:1034
[ 2819317ms] [ERROR] WebSocket connection to 'ws://localhost:1427/' failed: Error in connection establishment: net::ERR_CONNECTION_REFUSED @ http://localhost:1427/@vite/client:1034
[ 2825309ms] [ERROR] WebSocket connection to 'ws://localhost:1427/' failed: Error in connection establishment: net::ERR_CONNECTION_REFUSED @ http://localhost:1427/@vite/client:1034
[ 2827829ms] [ERROR] WebSocket connection to 'ws://localhost:1427/' failed: Error in connection establishment: net::ERR_CONNECTION_REFUSED @ http://localhost:1427/@vite/client:1034
[ 2830196ms] [ERROR] WebSocket connection to 'ws://localhost:1427/' failed: Error in connection establishment: net::ERR_CONNECTION_REFUSED @ http://localhost:1427/@vite/client:1034
[ 2833094ms] [ERROR] WebSocket connection to 'ws://localhost:1427/' failed: Error in connection establishment: net::ERR_CONNECTION_REFUSED @ http://localhost:1427/@vite/client:1034
[ 2838236ms] [ERROR] WebSocket connection to 'ws://localhost:1427/' failed: Error in connection establishment: net::ERR_CONNECTION_REFUSED @ http://localhost:1427/@vite/client:1034
[ 2844024ms] [ERROR] WebSocket connection to 'ws://localhost:1427/' failed: Error in connection establishment: net::ERR_CONNECTION_REFUSED @ http://localhost:1427/@vite/client:1034
[ 2846464ms] [ERROR] WebSocket connection to 'ws://localhost:1427/' failed: Error in connection establishment: net::ERR_CONNECTION_REFUSED @ http://localhost:1427/@vite/client:1034
[ 2848646ms] [ERROR] WebSocket connection to 'ws://localhost:1427/' failed: Error in connection establishment: net::ERR_CONNECTION_REFUSED @ http://localhost:1427/@vite/client:1034
[ 2854359ms] [ERROR] WebSocket connection to 'ws://localhost:1427/' failed: Error in connection establishment: net::ERR_CONNECTION_REFUSED @ http://localhost:1427/@vite/client:1034
[ 2859808ms] [ERROR] WebSocket connection to 'ws://localhost:1427/' failed: Error in connection establishment: net::ERR_CONNECTION_REFUSED @ http://localhost:1427/@vite/client:1034
[ 2862571ms] [ERROR] WebSocket connection to 'ws://localhost:1427/' failed: Error in connection establishment: net::ERR_CONNECTION_REFUSED @ http://localhost:1427/@vite/client:1034
[ 2868527ms] [ERROR] WebSocket connection to 'ws://localhost:1427/' failed: Error in connection establishment: net::ERR_CONNECTION_REFUSED @ http://localhost:1427/@vite/client:1034
[ 2873697ms] [ERROR] WebSocket connection to 'ws://localhost:1427/' failed: Error in connection establishment: net::ERR_CONNECTION_REFUSED @ http://localhost:1427/@vite/client:1034
[ 2877937ms] [ERROR] WebSocket connection to 'ws://localhost:1427/' failed: Error in connection establishment: net::ERR_CONNECTION_REFUSED @ http://localhost:1427/@vite/client:1034
[ 2880977ms] [ERROR] WebSocket connection to 'ws://localhost:1427/' failed: Error in connection establishment: net::ERR_CONNECTION_REFUSED @ http://localhost:1427/@vite/client:1034
[ 2884867ms] [ERROR] WebSocket connection to 'ws://localhost:1427/' failed: Error in connection establishment: net::ERR_CONNECTION_REFUSED @ http://localhost:1427/@vite/client:1034
[ 2887121ms] [ERROR] WebSocket connection to 'ws://localhost:1427/' failed: Error in connection establishment: net::ERR_CONNECTION_REFUSED @ http://localhost:1427/@vite/client:1034
[ 2893067ms] [ERROR] WebSocket connection to 'ws://localhost:1427/' failed: Error in connection establishment: net::ERR_CONNECTION_REFUSED @ http://localhost:1427/@vite/client:1034
[ 2898081ms] [ERROR] WebSocket connection to 'ws://localhost:1427/' failed: Error in connection establishment: net::ERR_CONNECTION_REFUSED @ http://localhost:1427/@vite/client:1034
[ 2903998ms] [ERROR] WebSocket connection to 'ws://localhost:1427/' failed: Error in connection establishment: net::ERR_CONNECTION_REFUSED @ http://localhost:1427/@vite/client:1034
[ 2909198ms] [ERROR] WebSocket connection to 'ws://localhost:1427/' failed: Error in connection establishment: net::ERR_CONNECTION_REFUSED @ http://localhost:1427/@vite/client:1034
[ 2912060ms] [ERROR] WebSocket connection to 'ws://localhost:1427/' failed: Error in connection establishment: net::ERR_CONNECTION_REFUSED @ http://localhost:1427/@vite/client:1034
[ 2914642ms] [ERROR] WebSocket connection to 'ws://localhost:1427/' failed: Error in connection establishment: net::ERR_CONNECTION_REFUSED @ http://localhost:1427/@vite/client:1034
[ 2920221ms] [ERROR] WebSocket connection to 'ws://localhost:1427/' failed: Error in connection establishment: net::ERR_CONNECTION_REFUSED @ http://localhost:1427/@vite/client:1034
[ 2923421ms] [ERROR] WebSocket connection to 'ws://localhost:1427/' failed: Error in connection establishment: net::ERR_CONNECTION_REFUSED @ http://localhost:1427/@vite/client:1034
[ 2928383ms] [ERROR] WebSocket connection to 'ws://localhost:1427/' failed: Error in connection establishment: net::ERR_CONNECTION_REFUSED @ http://localhost:1427/@vite/client:1034
[ 2931302ms] [ERROR] WebSocket connection to 'ws://localhost:1427/' failed: Error in connection establishment: net::ERR_CONNECTION_REFUSED @ http://localhost:1427/@vite/client:1034
[ 2935141ms] [ERROR] WebSocket connection to 'ws://localhost:1427/' failed: Error in connection establishment: net::ERR_CONNECTION_REFUSED @ http://localhost:1427/@vite/client:1034
[ 2939617ms] [ERROR] WebSocket connection to 'ws://localhost:1427/' failed: Error in connection establishment: net::ERR_CONNECTION_REFUSED @ http://localhost:1427/@vite/client:1034
[ 2944007ms] [ERROR] WebSocket connection to 'ws://localhost:1427/' failed: Error in connection establishment: net::ERR_CONNECTION_REFUSED @ http://localhost:1427/@vite/client:1034
[ 2947930ms] [ERROR] WebSocket connection to 'ws://localhost:1427/' failed: Error in connection establishment: net::ERR_CONNECTION_REFUSED @ http://localhost:1427/@vite/client:1034
[ 2953023ms] [ERROR] WebSocket connection to 'ws://localhost:1427/' failed: Error in connection establishment: net::ERR_CONNECTION_REFUSED @ http://localhost:1427/@vite/client:1034
[ 2956304ms] [ERROR] WebSocket connection to 'ws://localhost:1427/' failed: Error in connection establishment: net::ERR_CONNECTION_REFUSED @ http://localhost:1427/@vite/client:1034
[ 2961813ms] [ERROR] WebSocket connection to 'ws://localhost:1427/' failed: Error in connection establishment: net::ERR_CONNECTION_REFUSED @ http://localhost:1427/@vite/client:1034
[ 2967228ms] [ERROR] WebSocket connection to 'ws://localhost:1427/' failed: Error in connection establishment: net::ERR_CONNECTION_REFUSED @ http://localhost:1427/@vite/client:1034
[ 2970416ms] [ERROR] WebSocket connection to 'ws://localhost:1427/' failed: Error in connection establishment: net::ERR_CONNECTION_REFUSED @ http://localhost:1427/@vite/client:1034
[ 2975494ms] [ERROR] WebSocket connection to 'ws://localhost:1427/' failed: Error in connection establishment: net::ERR_CONNECTION_REFUSED @ http://localhost:1427/@vite/client:1034
[ 2979873ms] [ERROR] WebSocket connection to 'ws://localhost:1427/' failed: Error in connection establishment: net::ERR_CONNECTION_REFUSED @ http://localhost:1427/@vite/client:1034
[ 2985752ms] [ERROR] WebSocket connection to 'ws://localhost:1427/' failed: Error in connection establishment: net::ERR_CONNECTION_REFUSED @ http://localhost:1427/@vite/client:1034
[ 2987927ms] [ERROR] WebSocket connection to 'ws://localhost:1427/' failed: Error in connection establishment: net::ERR_CONNECTION_REFUSED @ http://localhost:1427/@vite/client:1034
[ 2992990ms] [ERROR] WebSocket connection to 'ws://localhost:1427/' failed: Error in connection establishment: net::ERR_CONNECTION_REFUSED @ http://localhost:1427/@vite/client:1034
[ 2998240ms] [ERROR] WebSocket connection to 'ws://localhost:1427/' failed: Error in connection establishment: net::ERR_CONNECTION_REFUSED @ http://localhost:1427/@vite/client:1034
[ 3002188ms] [ERROR] WebSocket connection to 'ws://localhost:1427/' failed: Error in connection establishment: net::ERR_CONNECTION_REFUSED @ http://localhost:1427/@vite/client:1034
