[     173ms] [WARNING] [modules] waypointer_list_plugins failed: TypeError: Cannot read properties of undefined (reading 'invoke')
    at invoke (http://localhost:1421/node_modules/.vite/deps/chunk-G7S6KQDI.js?v=c091b0bc:109:37)
    at Object.load (http://localhost:1421/src/lib/stores/modules.ts:33:9)
    at http://localhost:1421/src/routes/extensions/+page.svelte?t=1782641793956:78:11
    at untrack (http://localhost:1421/node_modules/.vite/deps/chunk-AWDPZUFH.js?v=c091b0bc:4387:12)
    at $effect (http://localhost:1421/node_modules/.vite/deps/chunk-N4BY4YM7.js?v=c091b0bc:4224:23)
    at update_reaction (http://localhost:1421/node_modules/.vite/deps/chunk-AWDPZUFH.js?v=c091b0bc:4075:18)
    at update_effect (http://localhost:1421/node_modules/.vite/deps/chunk-AWDPZUFH.js?v=c091b0bc:4216:21)
    at flush_queued_effects (http://localhost:1421/node_modules/.vite/deps/chunk-AWDPZUFH.js?v=c091b0bc:3196:7)
    at _Batch.process_fn (http://localhost:1421/node_modules/.vite/deps/chunk-AWDPZUFH.js?v=c091b0bc:2970:5)
    at _Batch.flush (http://localhost:1421/node_modules/.vite/deps/chunk-AWDPZUFH.js?v=c091b0bc:2693:59) @ http://localhost:1421/node_modules/@sveltejs/kit/src/runtime/client/client.js?v=c091b0bc:3322
[  879454ms] [WARNING] [modules] waypointer_list_plugins failed: TypeError: Cannot read properties of undefined (reading 'invoke')
    at invoke (http://localhost:1421/node_modules/.vite/deps/chunk-G7S6KQDI.js?v=c091b0bc:109:37)
    at Object.load (http://localhost:1421/src/lib/stores/modules.ts:33:9)
    at http://localhost:1421/src/routes/extensions/+page.svelte?t=1782641793956:78:11
    at untrack (http://localhost:1421/node_modules/.vite/deps/chunk-AWDPZUFH.js?v=c091b0bc:4387:12)
    at $effect (http://localhost:1421/node_modules/.vite/deps/chunk-N4BY4YM7.js?v=c091b0bc:4224:23)
    at update_reaction (http://localhost:1421/node_modules/.vite/deps/chunk-AWDPZUFH.js?v=c091b0bc:4075:18)
    at update_effect (http://localhost:1421/node_modules/.vite/deps/chunk-AWDPZUFH.js?v=c091b0bc:4216:21)
    at flush_queued_effects (http://localhost:1421/node_modules/.vite/deps/chunk-AWDPZUFH.js?v=c091b0bc:3196:7)
    at _Batch.process_fn (http://localhost:1421/node_modules/.vite/deps/chunk-AWDPZUFH.js?v=c091b0bc:2970:5)
    at _Batch.flush (http://localhost:1421/node_modules/.vite/deps/chunk-AWDPZUFH.js?v=c091b0bc:2693:59) @ http://localhost:1421/node_modules/@sveltejs/kit/src/runtime/client/client.js?v=c091b0bc:3322
