[     105ms] [WARNING] initArlenTheme: initial theme load failed: TypeError: Cannot read properties of undefined (reading 'invoke')
    at invoke (http://localhost:1427/node_modules/.vite/deps/@tauri-apps_api_core.js?v=6e0dd71b:111:37)
    at initArlenTheme (http://localhost:1427/@fs/home/tim/Repositories/arlen/sdk/ui-kit/src/lib/theme.ts:24:23)
    at http://localhost:1427/src/routes/+layout.svelte:89:8
    at untrack (http://localhost:1427/node_modules/.vite/deps/chunk-4UNHQVAP.js?v=6e0dd71b:4507:12)
    at $effect (http://localhost:1427/node_modules/.vite/deps/chunk-ORHBKCHQ.js?v=6e0dd71b:4311:23)
    at update_reaction (http://localhost:1427/node_modules/.vite/deps/chunk-4UNHQVAP.js?v=6e0dd71b:4189:18)
    at update_effect (http://localhost:1427/node_modules/.vite/deps/chunk-4UNHQVAP.js?v=6e0dd71b:4330:21)
    at flush_queued_effects (http://localhost:1427/node_modules/.vite/deps/chunk-4UNHQVAP.js?v=6e0dd71b:3309:7)
    at _Batch.process_fn (http://localhost:1427/node_modules/.vite/deps/chunk-4UNHQVAP.js?v=6e0dd71b:3001:3)
    at _Batch.flush (http://localhost:1427/node_modules/.vite/deps/chunk-4UNHQVAP.js?v=6e0dd71b:2731:59) @ http://localhost:1427/node_modules/@sveltejs/kit/src/runtime/client/client.js?v=6e0dd71b:3383
[     109ms] TypeError: Cannot read properties of undefined (reading 'transformCallback')
    at transformCallback (http://localhost:1427/node_modules/.vite/deps/chunk-PEW2MXSX.js?v=6e0dd71b:22:37)
    at listen (http://localhost:1427/node_modules/.vite/deps/chunk-PEW2MXSX.js?v=6e0dd71b:132:14)
    at initArlenTheme (http://localhost:1427/@fs/home/tim/Repositories/arlen/sdk/ui-kit/src/lib/theme.ts:29:26)
[  184215ms] [WARNING] initArlenTheme: initial theme load failed: TypeError: Cannot read properties of undefined (reading 'invoke')
    at invoke (http://localhost:1427/node_modules/.vite/deps/@tauri-apps_api_core.js?v=6e0dd71b:111:37)
    at initArlenTheme (http://localhost:1427/@fs/home/tim/Repositories/arlen/sdk/ui-kit/src/lib/theme.ts:24:23)
    at http://localhost:1427/src/routes/+layout.svelte?t=1782660821807:89:8
    at untrack (http://localhost:1427/node_modules/.vite/deps/chunk-4UNHQVAP.js?v=6e0dd71b:4507:12)
    at $effect (http://localhost:1427/node_modules/.vite/deps/chunk-ORHBKCHQ.js?v=6e0dd71b:4311:23)
    at update_reaction (http://localhost:1427/node_modules/.vite/deps/chunk-4UNHQVAP.js?v=6e0dd71b:4189:18)
    at update_effect (http://localhost:1427/node_modules/.vite/deps/chunk-4UNHQVAP.js?v=6e0dd71b:4330:21)
    at flush_queued_effects (http://localhost:1427/node_modules/.vite/deps/chunk-4UNHQVAP.js?v=6e0dd71b:3309:7)
    at _Batch.process_fn (http://localhost:1427/node_modules/.vite/deps/chunk-4UNHQVAP.js?v=6e0dd71b:3001:3)
    at _Batch.flush (http://localhost:1427/node_modules/.vite/deps/chunk-4UNHQVAP.js?v=6e0dd71b:2731:59) @ http://localhost:1427/node_modules/@sveltejs/kit/src/runtime/client/client.js?v=6e0dd71b:3383
[  184220ms] TypeError: Cannot read properties of undefined (reading 'transformCallback')
    at transformCallback (http://localhost:1427/node_modules/.vite/deps/chunk-PEW2MXSX.js?v=6e0dd71b:22:37)
    at listen (http://localhost:1427/node_modules/.vite/deps/chunk-PEW2MXSX.js?v=6e0dd71b:132:14)
    at initArlenTheme (http://localhost:1427/@fs/home/tim/Repositories/arlen/sdk/ui-kit/src/lib/theme.ts:29:26)
