[     114ms] [WARNING] initArlenTheme: initial theme load failed: TypeError: Cannot read properties of undefined (reading 'invoke')
    at invoke (http://localhost:1427/node_modules/.vite/deps/@tauri-apps_api_core.js?v=9a272581:111:37)
    at initArlenTheme (http://localhost:1427/@fs/home/tim/Repositories/arlen/sdk/ui-kit/src/lib/theme.ts:24:23)
    at http://localhost:1427/src/routes/+layout.svelte:89:8
    at untrack (http://localhost:1427/node_modules/.vite/deps/chunk-YJNNU3AR.js?v=9a272581:4507:12)
    at $effect (http://localhost:1427/node_modules/.vite/deps/chunk-ROFB62PS.js?v=9a272581:4287:23)
    at update_reaction (http://localhost:1427/node_modules/.vite/deps/chunk-YJNNU3AR.js?v=9a272581:4189:18)
    at update_effect (http://localhost:1427/node_modules/.vite/deps/chunk-YJNNU3AR.js?v=9a272581:4330:21)
    at flush_queued_effects (http://localhost:1427/node_modules/.vite/deps/chunk-YJNNU3AR.js?v=9a272581:3309:7)
    at _Batch.process_fn (http://localhost:1427/node_modules/.vite/deps/chunk-YJNNU3AR.js?v=9a272581:3001:3)
    at _Batch.flush (http://localhost:1427/node_modules/.vite/deps/chunk-YJNNU3AR.js?v=9a272581:2731:59) @ http://localhost:1427/node_modules/@sveltejs/kit/src/runtime/client/client.js?v=9a272581:3383
[     118ms] TypeError: Cannot read properties of undefined (reading 'transformCallback')
    at transformCallback (http://localhost:1427/node_modules/.vite/deps/chunk-PEW2MXSX.js?v=9a272581:22:37)
    at listen (http://localhost:1427/node_modules/.vite/deps/chunk-PEW2MXSX.js?v=9a272581:132:14)
    at initArlenTheme (http://localhost:1427/@fs/home/tim/Repositories/arlen/sdk/ui-kit/src/lib/theme.ts:29:26)
[    6468ms] [WARNING] initArlenTheme: initial theme load failed: TypeError: Cannot read properties of undefined (reading 'invoke')
    at invoke (http://localhost:1427/node_modules/.vite/deps/@tauri-apps_api_core.js?v=6e0dd71b:111:37)
    at initArlenTheme (http://localhost:1427/@fs/home/tim/Repositories/arlen/sdk/ui-kit/src/lib/theme.ts:24:23)
    at http://localhost:1427/src/routes/+layout.svelte:89:8
    at untrack (http://localhost:1427/node_modules/.vite/deps/chunk-4UNHQVAP.js?v=6e0dd71b:4507:12)
    at $effect (http://localhost:1427/node_modules/.vite/deps/chunk-ORHBKCHQ.js?v=6e0dd71b:4311:23)
    at update_reaction (http://localhost:1427/node_modules/.vite/deps/chunk-4UNHQVAP.js?v=6e0dd71b:4189:18)
    at update_effect (http://localhost:1427/node_modules/.vite/deps/chunk-4UNHQVAP.js?v=6e0dd71b:4330:21)
    at flush_queued_effects (http://localhost:1427/node_modules/.vite/deps/chunk-4UNHQVAP.js?v=6e0dd71b:3309:7)
    at _Batch.process_fn (http://localhost:1427/node_modules/.vite/deps/chunk-4UNHQVAP.js?v=6e0dd71b:3001:3)
    at _Batch.flush (http://localhost:1427/node_modules/.vite/deps/chunk-4UNHQVAP.js?v=6e0dd71b:2731:59) @ http://localhost:1427/node_modules/@sveltejs/kit/src/runtime/client/client.js?v=6e0dd71b:3383
[    6472ms] TypeError: Cannot read properties of undefined (reading 'transformCallback')
    at transformCallback (http://localhost:1427/node_modules/.vite/deps/chunk-PEW2MXSX.js?v=6e0dd71b:22:37)
    at listen (http://localhost:1427/node_modules/.vite/deps/chunk-PEW2MXSX.js?v=6e0dd71b:132:14)
    at initArlenTheme (http://localhost:1427/@fs/home/tim/Repositories/arlen/sdk/ui-kit/src/lib/theme.ts:29:26)
[  146569ms] [LOG] [vite] server connection lost. Polling for restart... @ http://localhost:1427/@vite/client:963
[  146571ms] [ERROR] WebSocket connection to 'ws://localhost:1427/' failed: Error in connection establishment: net::ERR_CONNECTION_REFUSED @ http://localhost:1427/@vite/client:1034
[  147573ms] [ERROR] WebSocket connection to 'ws://localhost:1427/' failed: Error in connection establishment: net::ERR_CONNECTION_REFUSED @ http://localhost:1427/@vite/client:1034
[  148575ms] [ERROR] WebSocket connection to 'ws://localhost:1427/' failed: Error in connection establishment: net::ERR_CONNECTION_REFUSED @ http://localhost:1427/@vite/client:1034
[  149576ms] [ERROR] WebSocket connection to 'ws://localhost:1427/' failed: Error in connection establishment: net::ERR_CONNECTION_REFUSED @ http://localhost:1427/@vite/client:1034
[  150578ms] [ERROR] WebSocket connection to 'ws://localhost:1427/' failed: Error in connection establishment: net::ERR_CONNECTION_REFUSED @ http://localhost:1427/@vite/client:1034
[  151580ms] [ERROR] WebSocket connection to 'ws://localhost:1427/' failed: Error in connection establishment: net::ERR_CONNECTION_REFUSED @ http://localhost:1427/@vite/client:1034
[  152582ms] [ERROR] WebSocket connection to 'ws://localhost:1427/' failed: Error in connection establishment: net::ERR_CONNECTION_REFUSED @ http://localhost:1427/@vite/client:1034
[  153584ms] [ERROR] WebSocket connection to 'ws://localhost:1427/' failed: Error in connection establishment: net::ERR_CONNECTION_REFUSED @ http://localhost:1427/@vite/client:1034
[  154586ms] [ERROR] WebSocket connection to 'ws://localhost:1427/' failed: Error in connection establishment: net::ERR_CONNECTION_REFUSED @ http://localhost:1427/@vite/client:1034
[  155589ms] [ERROR] WebSocket connection to 'ws://localhost:1427/' failed: Error in connection establishment: net::ERR_CONNECTION_REFUSED @ http://localhost:1427/@vite/client:1034
[  156591ms] [ERROR] WebSocket connection to 'ws://localhost:1427/' failed: Error in connection establishment: net::ERR_CONNECTION_REFUSED @ http://localhost:1427/@vite/client:1034
[  157593ms] [ERROR] WebSocket connection to 'ws://localhost:1427/' failed: Error in connection establishment: net::ERR_CONNECTION_REFUSED @ http://localhost:1427/@vite/client:1034
[  158597ms] [ERROR] WebSocket connection to 'ws://localhost:1427/' failed: Error in connection establishment: net::ERR_CONNECTION_REFUSED @ http://localhost:1427/@vite/client:1034
[  159599ms] [ERROR] WebSocket connection to 'ws://localhost:1427/' failed: Error in connection establishment: net::ERR_CONNECTION_REFUSED @ http://localhost:1427/@vite/client:1034
[  160603ms] [ERROR] WebSocket connection to 'ws://localhost:1427/' failed: Error in connection establishment: net::ERR_CONNECTION_REFUSED @ http://localhost:1427/@vite/client:1034
[  161605ms] [ERROR] WebSocket connection to 'ws://localhost:1427/' failed: Error in connection establishment: net::ERR_CONNECTION_REFUSED @ http://localhost:1427/@vite/client:1034
[  162610ms] [ERROR] WebSocket connection to 'ws://localhost:1427/' failed: Error in connection establishment: net::ERR_CONNECTION_REFUSED @ http://localhost:1427/@vite/client:1034
[  163615ms] [ERROR] WebSocket connection to 'ws://localhost:1427/' failed: Error in connection establishment: net::ERR_CONNECTION_REFUSED @ http://localhost:1427/@vite/client:1034
[  164619ms] [ERROR] WebSocket connection to 'ws://localhost:1427/' failed: Error in connection establishment: net::ERR_CONNECTION_REFUSED @ http://localhost:1427/@vite/client:1034
[  165624ms] [ERROR] WebSocket connection to 'ws://localhost:1427/' failed: Error in connection establishment: net::ERR_CONNECTION_REFUSED @ http://localhost:1427/@vite/client:1034
[  166629ms] [ERROR] WebSocket connection to 'ws://localhost:1427/' failed: Error in connection establishment: net::ERR_CONNECTION_REFUSED @ http://localhost:1427/@vite/client:1034
[  167634ms] [ERROR] WebSocket connection to 'ws://localhost:1427/' failed: Error in connection establishment: net::ERR_CONNECTION_REFUSED @ http://localhost:1427/@vite/client:1034
[  168640ms] [ERROR] WebSocket connection to 'ws://localhost:1427/' failed: Error in connection establishment: net::ERR_CONNECTION_REFUSED @ http://localhost:1427/@vite/client:1034
[  169649ms] [ERROR] WebSocket connection to 'ws://localhost:1427/' failed: Error in connection establishment: net::ERR_CONNECTION_REFUSED @ http://localhost:1427/@vite/client:1034
[  170655ms] [ERROR] WebSocket connection to 'ws://localhost:1427/' failed: Error in connection establishment: net::ERR_CONNECTION_REFUSED @ http://localhost:1427/@vite/client:1034
[  171665ms] [ERROR] WebSocket connection to 'ws://localhost:1427/' failed: Error in connection establishment: net::ERR_CONNECTION_REFUSED @ http://localhost:1427/@vite/client:1034
[  172679ms] [ERROR] WebSocket connection to 'ws://localhost:1427/' failed: Error in connection establishment: net::ERR_CONNECTION_REFUSED @ http://localhost:1427/@vite/client:1034
[  173692ms] [ERROR] WebSocket connection to 'ws://localhost:1427/' failed: Error in connection establishment: net::ERR_CONNECTION_REFUSED @ http://localhost:1427/@vite/client:1034
[  174707ms] [ERROR] WebSocket connection to 'ws://localhost:1427/' failed: Error in connection establishment: net::ERR_CONNECTION_REFUSED @ http://localhost:1427/@vite/client:1034
[  175729ms] [ERROR] WebSocket connection to 'ws://localhost:1427/' failed: Error in connection establishment: net::ERR_CONNECTION_REFUSED @ http://localhost:1427/@vite/client:1034
[  176741ms] [ERROR] WebSocket connection to 'ws://localhost:1427/' failed: Error in connection establishment: net::ERR_CONNECTION_REFUSED @ http://localhost:1427/@vite/client:1034
[  177774ms] [ERROR] WebSocket connection to 'ws://localhost:1427/' failed: Error in connection establishment: net::ERR_CONNECTION_REFUSED @ http://localhost:1427/@vite/client:1034
[  178798ms] [ERROR] WebSocket connection to 'ws://localhost:1427/' failed: Error in connection establishment: net::ERR_CONNECTION_REFUSED @ http://localhost:1427/@vite/client:1034
[  179834ms] [ERROR] WebSocket connection to 'ws://localhost:1427/' failed: Error in connection establishment: net::ERR_CONNECTION_REFUSED @ http://localhost:1427/@vite/client:1034
[  180854ms] [ERROR] WebSocket connection to 'ws://localhost:1427/' failed: Error in connection establishment: net::ERR_CONNECTION_REFUSED @ http://localhost:1427/@vite/client:1034
[  181866ms] [ERROR] WebSocket connection to 'ws://localhost:1427/' failed: Error in connection establishment: net::ERR_CONNECTION_REFUSED @ http://localhost:1427/@vite/client:1034
[  182935ms] [ERROR] WebSocket connection to 'ws://localhost:1427/' failed: Error in connection establishment: net::ERR_CONNECTION_REFUSED @ http://localhost:1427/@vite/client:1034
[  183953ms] [ERROR] WebSocket connection to 'ws://localhost:1427/' failed: Error in connection establishment: net::ERR_CONNECTION_REFUSED @ http://localhost:1427/@vite/client:1034
[  184975ms] [ERROR] WebSocket connection to 'ws://localhost:1427/' failed: Error in connection establishment: net::ERR_CONNECTION_REFUSED @ http://localhost:1427/@vite/client:1034
[  186012ms] [ERROR] WebSocket connection to 'ws://localhost:1427/' failed: Error in connection establishment: net::ERR_CONNECTION_REFUSED @ http://localhost:1427/@vite/client:1034
[  187032ms] [ERROR] WebSocket connection to 'ws://localhost:1427/' failed: Error in connection establishment: net::ERR_CONNECTION_REFUSED @ http://localhost:1427/@vite/client:1034
[  188091ms] [ERROR] WebSocket connection to 'ws://localhost:1427/' failed: Error in connection establishment: net::ERR_CONNECTION_REFUSED @ http://localhost:1427/@vite/client:1034
[  189242ms] [ERROR] WebSocket connection to 'ws://localhost:1427/' failed: Error in connection establishment: net::ERR_CONNECTION_REFUSED @ http://localhost:1427/@vite/client:1034
[  190384ms] [ERROR] WebSocket connection to 'ws://localhost:1427/' failed: Error in connection establishment: net::ERR_CONNECTION_REFUSED @ http://localhost:1427/@vite/client:1034
[  191469ms] [ERROR] WebSocket connection to 'ws://localhost:1427/' failed: Error in connection establishment: net::ERR_CONNECTION_REFUSED @ http://localhost:1427/@vite/client:1034
[  192583ms] [ERROR] WebSocket connection to 'ws://localhost:1427/' failed: Error in connection establishment: net::ERR_CONNECTION_REFUSED @ http://localhost:1427/@vite/client:1034
[  193877ms] [ERROR] WebSocket connection to 'ws://localhost:1427/' failed: Error in connection establishment: net::ERR_CONNECTION_REFUSED @ http://localhost:1427/@vite/client:1034
[  194879ms] [ERROR] WebSocket connection to 'ws://localhost:1427/' failed: Error in connection establishment: net::ERR_CONNECTION_REFUSED @ http://localhost:1427/@vite/client:1034
[  195882ms] [ERROR] WebSocket connection to 'ws://localhost:1427/' failed: Error in connection establishment: net::ERR_CONNECTION_REFUSED @ http://localhost:1427/@vite/client:1034
[  196885ms] [ERROR] WebSocket connection to 'ws://localhost:1427/' failed: Error in connection establishment: net::ERR_CONNECTION_REFUSED @ http://localhost:1427/@vite/client:1034
[  197887ms] [ERROR] WebSocket connection to 'ws://localhost:1427/' failed: Error in connection establishment: net::ERR_CONNECTION_REFUSED @ http://localhost:1427/@vite/client:1034
[  198891ms] [ERROR] WebSocket connection to 'ws://localhost:1427/' failed: Error in connection establishment: net::ERR_CONNECTION_REFUSED @ http://localhost:1427/@vite/client:1034
[  199897ms] [ERROR] WebSocket connection to 'ws://localhost:1427/' failed: Error in connection establishment: net::ERR_CONNECTION_REFUSED @ http://localhost:1427/@vite/client:1034
[  200907ms] [ERROR] WebSocket connection to 'ws://localhost:1427/' failed: Error in connection establishment: net::ERR_CONNECTION_REFUSED @ http://localhost:1427/@vite/client:1034
[  201918ms] [ERROR] WebSocket connection to 'ws://localhost:1427/' failed: Error in connection establishment: net::ERR_CONNECTION_REFUSED @ http://localhost:1427/@vite/client:1034
[  202938ms] [ERROR] WebSocket connection to 'ws://localhost:1427/' failed: Error in connection establishment: net::ERR_CONNECTION_REFUSED @ http://localhost:1427/@vite/client:1034
[  203968ms] [ERROR] WebSocket connection to 'ws://localhost:1427/' failed: Error in connection establishment: net::ERR_CONNECTION_REFUSED @ http://localhost:1427/@vite/client:1034
[  205003ms] [ERROR] WebSocket connection to 'ws://localhost:1427/' failed: Error in connection establishment: net::ERR_CONNECTION_REFUSED @ http://localhost:1427/@vite/client:1034
[  206080ms] [ERROR] WebSocket connection to 'ws://localhost:1427/' failed: Error in connection establishment: net::ERR_CONNECTION_REFUSED @ http://localhost:1427/@vite/client:1034
[  207639ms] [ERROR] WebSocket connection to 'ws://localhost:1427/' failed: Error in connection establishment: net::ERR_CONNECTION_REFUSED @ http://localhost:1427/@vite/client:1034
[  209068ms] [ERROR] WebSocket connection to 'ws://localhost:1427/' failed: Error in connection establishment: net::ERR_CONNECTION_REFUSED @ http://localhost:1427/@vite/client:1034
[  212391ms] [ERROR] WebSocket connection to 'ws://localhost:1427/' failed: Error in connection establishment: net::ERR_CONNECTION_REFUSED @ http://localhost:1427/@vite/client:1034
[  216692ms] [ERROR] WebSocket connection to 'ws://localhost:1427/' failed: Error in connection establishment: net::ERR_CONNECTION_REFUSED @ http://localhost:1427/@vite/client:1034
[  220456ms] [ERROR] WebSocket connection to 'ws://localhost:1427/' failed: Error in connection establishment: net::ERR_CONNECTION_REFUSED @ http://localhost:1427/@vite/client:1034
[  222856ms] [ERROR] WebSocket connection to 'ws://localhost:1427/' failed: Error in connection establishment: net::ERR_CONNECTION_REFUSED @ http://localhost:1427/@vite/client:1034
[  225779ms] [ERROR] WebSocket connection to 'ws://localhost:1427/' failed: Error in connection establishment: net::ERR_CONNECTION_REFUSED @ http://localhost:1427/@vite/client:1034
[  231248ms] [ERROR] WebSocket connection to 'ws://localhost:1427/' failed: Error in connection establishment: net::ERR_CONNECTION_REFUSED @ http://localhost:1427/@vite/client:1034
[  235378ms] [ERROR] WebSocket connection to 'ws://localhost:1427/' failed: Error in connection establishment: net::ERR_CONNECTION_REFUSED @ http://localhost:1427/@vite/client:1034
[  241021ms] [ERROR] WebSocket connection to 'ws://localhost:1427/' failed: Error in connection establishment: net::ERR_CONNECTION_REFUSED @ http://localhost:1427/@vite/client:1034
[  246685ms] [ERROR] WebSocket connection to 'ws://localhost:1427/' failed: Error in connection establishment: net::ERR_CONNECTION_REFUSED @ http://localhost:1427/@vite/client:1034
[  251704ms] [ERROR] WebSocket connection to 'ws://localhost:1427/' failed: Error in connection establishment: net::ERR_CONNECTION_REFUSED @ http://localhost:1427/@vite/client:1034
[  255363ms] [ERROR] WebSocket connection to 'ws://localhost:1427/' failed: Error in connection establishment: net::ERR_CONNECTION_REFUSED @ http://localhost:1427/@vite/client:1034
[  259497ms] [ERROR] WebSocket connection to 'ws://localhost:1427/' failed: Error in connection establishment: net::ERR_CONNECTION_REFUSED @ http://localhost:1427/@vite/client:1034
[  263629ms] [ERROR] WebSocket connection to 'ws://localhost:1427/' failed: Error in connection establishment: net::ERR_CONNECTION_REFUSED @ http://localhost:1427/@vite/client:1034
[  267542ms] [ERROR] WebSocket connection to 'ws://localhost:1427/' failed: Error in connection establishment: net::ERR_CONNECTION_REFUSED @ http://localhost:1427/@vite/client:1034
[  272882ms] [ERROR] WebSocket connection to 'ws://localhost:1427/' failed: Error in connection establishment: net::ERR_CONNECTION_REFUSED @ http://localhost:1427/@vite/client:1034
[  276216ms] [ERROR] WebSocket connection to 'ws://localhost:1427/' failed: Error in connection establishment: net::ERR_CONNECTION_REFUSED @ http://localhost:1427/@vite/client:1034
[  280811ms] [ERROR] WebSocket connection to 'ws://localhost:1427/' failed: Error in connection establishment: net::ERR_CONNECTION_REFUSED @ http://localhost:1427/@vite/client:1034
[  284202ms] [ERROR] WebSocket connection to 'ws://localhost:1427/' failed: Error in connection establishment: net::ERR_CONNECTION_REFUSED @ http://localhost:1427/@vite/client:1034
[  286844ms] [ERROR] WebSocket connection to 'ws://localhost:1427/' failed: Error in connection establishment: net::ERR_CONNECTION_REFUSED @ http://localhost:1427/@vite/client:1034
[  290473ms] [ERROR] WebSocket connection to 'ws://localhost:1427/' failed: Error in connection establishment: net::ERR_CONNECTION_REFUSED @ http://localhost:1427/@vite/client:1034
[  293515ms] [ERROR] WebSocket connection to 'ws://localhost:1427/' failed: Error in connection establishment: net::ERR_CONNECTION_REFUSED @ http://localhost:1427/@vite/client:1034
[  296390ms] [ERROR] WebSocket connection to 'ws://localhost:1427/' failed: Error in connection establishment: net::ERR_CONNECTION_REFUSED @ http://localhost:1427/@vite/client:1034
[  300464ms] [ERROR] WebSocket connection to 'ws://localhost:1427/' failed: Error in connection establishment: net::ERR_CONNECTION_REFUSED @ http://localhost:1427/@vite/client:1034
[  306365ms] [ERROR] WebSocket connection to 'ws://localhost:1427/' failed: Error in connection establishment: net::ERR_CONNECTION_REFUSED @ http://localhost:1427/@vite/client:1034
[  308371ms] [ERROR] WebSocket connection to 'ws://localhost:1427/' failed: Error in connection establishment: net::ERR_CONNECTION_REFUSED @ http://localhost:1427/@vite/client:1034
[  312719ms] [ERROR] WebSocket connection to 'ws://localhost:1427/' failed: Error in connection establishment: net::ERR_CONNECTION_REFUSED @ http://localhost:1427/@vite/client:1034
[  317692ms] [ERROR] WebSocket connection to 'ws://localhost:1427/' failed: Error in connection establishment: net::ERR_CONNECTION_REFUSED @ http://localhost:1427/@vite/client:1034
[  321004ms] [ERROR] WebSocket connection to 'ws://localhost:1427/' failed: Error in connection establishment: net::ERR_CONNECTION_REFUSED @ http://localhost:1427/@vite/client:1034
[  323546ms] [ERROR] WebSocket connection to 'ws://localhost:1427/' failed: Error in connection establishment: net::ERR_CONNECTION_REFUSED @ http://localhost:1427/@vite/client:1034
[  327243ms] [ERROR] WebSocket connection to 'ws://localhost:1427/' failed: Error in connection establishment: net::ERR_CONNECTION_REFUSED @ http://localhost:1427/@vite/client:1034
[  332575ms] [ERROR] WebSocket connection to 'ws://localhost:1427/' failed: Error in connection establishment: net::ERR_CONNECTION_REFUSED @ http://localhost:1427/@vite/client:1034
[  336379ms] [ERROR] WebSocket connection to 'ws://localhost:1427/' failed: Error in connection establishment: net::ERR_CONNECTION_REFUSED @ http://localhost:1427/@vite/client:1034
[  342078ms] [ERROR] WebSocket connection to 'ws://localhost:1427/' failed: Error in connection establishment: net::ERR_CONNECTION_REFUSED @ http://localhost:1427/@vite/client:1034
[  345895ms] [ERROR] WebSocket connection to 'ws://localhost:1427/' failed: Error in connection establishment: net::ERR_CONNECTION_REFUSED @ http://localhost:1427/@vite/client:1034
[  349222ms] [ERROR] WebSocket connection to 'ws://localhost:1427/' failed: Error in connection establishment: net::ERR_CONNECTION_REFUSED @ http://localhost:1427/@vite/client:1034
[  353546ms] [ERROR] WebSocket connection to 'ws://localhost:1427/' failed: Error in connection establishment: net::ERR_CONNECTION_REFUSED @ http://localhost:1427/@vite/client:1034
[  359021ms] [ERROR] WebSocket connection to 'ws://localhost:1427/' failed: Error in connection establishment: net::ERR_CONNECTION_REFUSED @ http://localhost:1427/@vite/client:1034
[  364317ms] [ERROR] WebSocket connection to 'ws://localhost:1427/' failed: Error in connection establishment: net::ERR_CONNECTION_REFUSED @ http://localhost:1427/@vite/client:1034
[  368408ms] [ERROR] WebSocket connection to 'ws://localhost:1427/' failed: Error in connection establishment: net::ERR_CONNECTION_REFUSED @ http://localhost:1427/@vite/client:1034
[  370591ms] [ERROR] WebSocket connection to 'ws://localhost:1427/' failed: Error in connection establishment: net::ERR_CONNECTION_REFUSED @ http://localhost:1427/@vite/client:1034
[  373999ms] [ERROR] WebSocket connection to 'ws://localhost:1427/' failed: Error in connection establishment: net::ERR_CONNECTION_REFUSED @ http://localhost:1427/@vite/client:1034
[  376512ms] [ERROR] WebSocket connection to 'ws://localhost:1427/' failed: Error in connection establishment: net::ERR_CONNECTION_REFUSED @ http://localhost:1427/@vite/client:1034
[  378773ms] [ERROR] WebSocket connection to 'ws://localhost:1427/' failed: Error in connection establishment: net::ERR_CONNECTION_REFUSED @ http://localhost:1427/@vite/client:1034
[  381957ms] [ERROR] WebSocket connection to 'ws://localhost:1427/' failed: Error in connection establishment: net::ERR_CONNECTION_REFUSED @ http://localhost:1427/@vite/client:1034
[  385414ms] [ERROR] WebSocket connection to 'ws://localhost:1427/' failed: Error in connection establishment: net::ERR_CONNECTION_REFUSED @ http://localhost:1427/@vite/client:1034
[  387999ms] [ERROR] WebSocket connection to 'ws://localhost:1427/' failed: Error in connection establishment: net::ERR_CONNECTION_REFUSED @ http://localhost:1427/@vite/client:1034
[  392335ms] [ERROR] WebSocket connection to 'ws://localhost:1427/' failed: Error in connection establishment: net::ERR_CONNECTION_REFUSED @ http://localhost:1427/@vite/client:1034
[  395492ms] [ERROR] WebSocket connection to 'ws://localhost:1427/' failed: Error in connection establishment: net::ERR_CONNECTION_REFUSED @ http://localhost:1427/@vite/client:1034
[  397938ms] [ERROR] WebSocket connection to 'ws://localhost:1427/' failed: Error in connection establishment: net::ERR_CONNECTION_REFUSED @ http://localhost:1427/@vite/client:1034
[  403248ms] [ERROR] WebSocket connection to 'ws://localhost:1427/' failed: Error in connection establishment: net::ERR_CONNECTION_REFUSED @ http://localhost:1427/@vite/client:1034
[  408284ms] [ERROR] WebSocket connection to 'ws://localhost:1427/' failed: Error in connection establishment: net::ERR_CONNECTION_REFUSED @ http://localhost:1427/@vite/client:1034
[  412354ms] [ERROR] WebSocket connection to 'ws://localhost:1427/' failed: Error in connection establishment: net::ERR_CONNECTION_REFUSED @ http://localhost:1427/@vite/client:1034
[  418289ms] [ERROR] WebSocket connection to 'ws://localhost:1427/' failed: Error in connection establishment: net::ERR_CONNECTION_REFUSED @ http://localhost:1427/@vite/client:1034
[  420527ms] [ERROR] WebSocket connection to 'ws://localhost:1427/' failed: Error in connection establishment: net::ERR_CONNECTION_REFUSED @ http://localhost:1427/@vite/client:1034
[  422771ms] [ERROR] WebSocket connection to 'ws://localhost:1427/' failed: Error in connection establishment: net::ERR_CONNECTION_REFUSED @ http://localhost:1427/@vite/client:1034
[  426462ms] [ERROR] WebSocket connection to 'ws://localhost:1427/' failed: Error in connection establishment: net::ERR_CONNECTION_REFUSED @ http://localhost:1427/@vite/client:1034
[  430822ms] [ERROR] WebSocket connection to 'ws://localhost:1427/' failed: Error in connection establishment: net::ERR_CONNECTION_REFUSED @ http://localhost:1427/@vite/client:1034
[  434946ms] [ERROR] WebSocket connection to 'ws://localhost:1427/' failed: Error in connection establishment: net::ERR_CONNECTION_REFUSED @ http://localhost:1427/@vite/client:1034
[  437318ms] [ERROR] WebSocket connection to 'ws://localhost:1427/' failed: Error in connection establishment: net::ERR_CONNECTION_REFUSED @ http://localhost:1427/@vite/client:1034
[  441897ms] [ERROR] WebSocket connection to 'ws://localhost:1427/' failed: Error in connection establishment: net::ERR_CONNECTION_REFUSED @ http://localhost:1427/@vite/client:1034
[  446326ms] [ERROR] WebSocket connection to 'ws://localhost:1427/' failed: Error in connection establishment: net::ERR_CONNECTION_REFUSED @ http://localhost:1427/@vite/client:1034
[  448811ms] [ERROR] WebSocket connection to 'ws://localhost:1427/' failed: Error in connection establishment: net::ERR_CONNECTION_REFUSED @ http://localhost:1427/@vite/client:1034
[  452411ms] [ERROR] WebSocket connection to 'ws://localhost:1427/' failed: Error in connection establishment: net::ERR_CONNECTION_REFUSED @ http://localhost:1427/@vite/client:1034
[  455905ms] [ERROR] WebSocket connection to 'ws://localhost:1427/' failed: Error in connection establishment: net::ERR_CONNECTION_REFUSED @ http://localhost:1427/@vite/client:1034
[  459830ms] [ERROR] WebSocket connection to 'ws://localhost:1427/' failed: Error in connection establishment: net::ERR_CONNECTION_REFUSED @ http://localhost:1427/@vite/client:1034
[  465581ms] [ERROR] WebSocket connection to 'ws://localhost:1427/' failed: Error in connection establishment: net::ERR_CONNECTION_REFUSED @ http://localhost:1427/@vite/client:1034
[  468523ms] [ERROR] WebSocket connection to 'ws://localhost:1427/' failed: Error in connection establishment: net::ERR_CONNECTION_REFUSED @ http://localhost:1427/@vite/client:1034
[  470826ms] [ERROR] WebSocket connection to 'ws://localhost:1427/' failed: Error in connection establishment: net::ERR_CONNECTION_REFUSED @ http://localhost:1427/@vite/client:1034
[  473513ms] [ERROR] WebSocket connection to 'ws://localhost:1427/' failed: Error in connection establishment: net::ERR_CONNECTION_REFUSED @ http://localhost:1427/@vite/client:1034
[  477909ms] [ERROR] WebSocket connection to 'ws://localhost:1427/' failed: Error in connection establishment: net::ERR_CONNECTION_REFUSED @ http://localhost:1427/@vite/client:1034
[  480649ms] [ERROR] WebSocket connection to 'ws://localhost:1427/' failed: Error in connection establishment: net::ERR_CONNECTION_REFUSED @ http://localhost:1427/@vite/client:1034
[  484763ms] [ERROR] WebSocket connection to 'ws://localhost:1427/' failed: Error in connection establishment: net::ERR_CONNECTION_REFUSED @ http://localhost:1427/@vite/client:1034
[  488189ms] [ERROR] WebSocket connection to 'ws://localhost:1427/' failed: Error in connection establishment: net::ERR_CONNECTION_REFUSED @ http://localhost:1427/@vite/client:1034
[  490561ms] [ERROR] WebSocket connection to 'ws://localhost:1427/' failed: Error in connection establishment: net::ERR_CONNECTION_REFUSED @ http://localhost:1427/@vite/client:1034
[  495900ms] [ERROR] WebSocket connection to 'ws://localhost:1427/' failed: Error in connection establishment: net::ERR_CONNECTION_REFUSED @ http://localhost:1427/@vite/client:1034
[  500398ms] [ERROR] WebSocket connection to 'ws://localhost:1427/' failed: Error in connection establishment: net::ERR_CONNECTION_REFUSED @ http://localhost:1427/@vite/client:1034
[  502642ms] [ERROR] WebSocket connection to 'ws://localhost:1427/' failed: Error in connection establishment: net::ERR_CONNECTION_REFUSED @ http://localhost:1427/@vite/client:1034
[  504650ms] [ERROR] WebSocket connection to 'ws://localhost:1427/' failed: Error in connection establishment: net::ERR_CONNECTION_REFUSED @ http://localhost:1427/@vite/client:1034
[  509875ms] [ERROR] WebSocket connection to 'ws://localhost:1427/' failed: Error in connection establishment: net::ERR_CONNECTION_REFUSED @ http://localhost:1427/@vite/client:1034
[  512095ms] [ERROR] WebSocket connection to 'ws://localhost:1427/' failed: Error in connection establishment: net::ERR_CONNECTION_REFUSED @ http://localhost:1427/@vite/client:1034
[  514625ms] [ERROR] WebSocket connection to 'ws://localhost:1427/' failed: Error in connection establishment: net::ERR_CONNECTION_REFUSED @ http://localhost:1427/@vite/client:1034
[  520271ms] [ERROR] WebSocket connection to 'ws://localhost:1427/' failed: Error in connection establishment: net::ERR_CONNECTION_REFUSED @ http://localhost:1427/@vite/client:1034
[  525733ms] [ERROR] WebSocket connection to 'ws://localhost:1427/' failed: Error in connection establishment: net::ERR_CONNECTION_REFUSED @ http://localhost:1427/@vite/client:1034
[  528526ms] [ERROR] WebSocket connection to 'ws://localhost:1427/' failed: Error in connection establishment: net::ERR_CONNECTION_REFUSED @ http://localhost:1427/@vite/client:1034
[  534411ms] [ERROR] WebSocket connection to 'ws://localhost:1427/' failed: Error in connection establishment: net::ERR_CONNECTION_REFUSED @ http://localhost:1427/@vite/client:1034
[  539121ms] [ERROR] WebSocket connection to 'ws://localhost:1427/' failed: Error in connection establishment: net::ERR_CONNECTION_REFUSED @ http://localhost:1427/@vite/client:1034
[  541161ms] [ERROR] WebSocket connection to 'ws://localhost:1427/' failed: Error in connection establishment: net::ERR_CONNECTION_REFUSED @ http://localhost:1427/@vite/client:1034
[  545991ms] [ERROR] WebSocket connection to 'ws://localhost:1427/' failed: Error in connection establishment: net::ERR_CONNECTION_REFUSED @ http://localhost:1427/@vite/client:1034
[  550310ms] [ERROR] WebSocket connection to 'ws://localhost:1427/' failed: Error in connection establishment: net::ERR_CONNECTION_REFUSED @ http://localhost:1427/@vite/client:1034
[  554048ms] [ERROR] WebSocket connection to 'ws://localhost:1427/' failed: Error in connection establishment: net::ERR_CONNECTION_REFUSED @ http://localhost:1427/@vite/client:1034
[  555051ms] [ERROR] WebSocket connection to 'ws://localhost:1427/' failed: Error in connection establishment: net::ERR_CONNECTION_REFUSED @ http://localhost:1427/@vite/client:1034
[  556052ms] [ERROR] WebSocket connection to 'ws://localhost:1427/' failed: Error in connection establishment: net::ERR_CONNECTION_REFUSED @ http://localhost:1427/@vite/client:1034
[  557054ms] [ERROR] WebSocket connection to 'ws://localhost:1427/' failed: Error in connection establishment: net::ERR_CONNECTION_REFUSED @ http://localhost:1427/@vite/client:1034
[  558056ms] [ERROR] WebSocket connection to 'ws://localhost:1427/' failed: Error in connection establishment: net::ERR_CONNECTION_REFUSED @ http://localhost:1427/@vite/client:1034
[  559059ms] [ERROR] WebSocket connection to 'ws://localhost:1427/' failed: Error in connection establishment: net::ERR_CONNECTION_REFUSED @ http://localhost:1427/@vite/client:1034
[  560065ms] [ERROR] WebSocket connection to 'ws://localhost:1427/' failed: Error in connection establishment: net::ERR_CONNECTION_REFUSED @ http://localhost:1427/@vite/client:1034
[  561071ms] [ERROR] WebSocket connection to 'ws://localhost:1427/' failed: Error in connection establishment: net::ERR_CONNECTION_REFUSED @ http://localhost:1427/@vite/client:1034
[  562089ms] [ERROR] WebSocket connection to 'ws://localhost:1427/' failed: Error in connection establishment: net::ERR_CONNECTION_REFUSED @ http://localhost:1427/@vite/client:1034
[  563126ms] [ERROR] WebSocket connection to 'ws://localhost:1427/' failed: Error in connection establishment: net::ERR_CONNECTION_REFUSED @ http://localhost:1427/@vite/client:1034
[  564193ms] [ERROR] WebSocket connection to 'ws://localhost:1427/' failed: Error in connection establishment: net::ERR_CONNECTION_REFUSED @ http://localhost:1427/@vite/client:1034
[  565318ms] [ERROR] WebSocket connection to 'ws://localhost:1427/' failed: Error in connection establishment: net::ERR_CONNECTION_REFUSED @ http://localhost:1427/@vite/client:1034
[  566626ms] [ERROR] WebSocket connection to 'ws://localhost:1427/' failed: Error in connection establishment: net::ERR_CONNECTION_REFUSED @ http://localhost:1427/@vite/client:1034
[  567937ms] [ERROR] WebSocket connection to 'ws://localhost:1427/' failed: Error in connection establishment: net::ERR_CONNECTION_REFUSED @ http://localhost:1427/@vite/client:1034
[  569985ms] [ERROR] WebSocket connection to 'ws://localhost:1427/' failed: Error in connection establishment: net::ERR_CONNECTION_REFUSED @ http://localhost:1427/@vite/client:1034
[  572891ms] [ERROR] WebSocket connection to 'ws://localhost:1427/' failed: Error in connection establishment: net::ERR_CONNECTION_REFUSED @ http://localhost:1427/@vite/client:1034
[  578760ms] [ERROR] WebSocket connection to 'ws://localhost:1427/' failed: Error in connection establishment: net::ERR_CONNECTION_REFUSED @ http://localhost:1427/@vite/client:1034
[  581487ms] [ERROR] WebSocket connection to 'ws://localhost:1427/' failed: Error in connection establishment: net::ERR_CONNECTION_REFUSED @ http://localhost:1427/@vite/client:1034
[  587171ms] [ERROR] WebSocket connection to 'ws://localhost:1427/' failed: Error in connection establishment: net::ERR_CONNECTION_REFUSED @ http://localhost:1427/@vite/client:1034
[  589944ms] [ERROR] WebSocket connection to 'ws://localhost:1427/' failed: Error in connection establishment: net::ERR_CONNECTION_REFUSED @ http://localhost:1427/@vite/client:1034
[  594814ms] [ERROR] WebSocket connection to 'ws://localhost:1427/' failed: Error in connection establishment: net::ERR_CONNECTION_REFUSED @ http://localhost:1427/@vite/client:1034
[  599036ms] [ERROR] WebSocket connection to 'ws://localhost:1427/' failed: Error in connection establishment: net::ERR_CONNECTION_REFUSED @ http://localhost:1427/@vite/client:1034
[  605030ms] [ERROR] WebSocket connection to 'ws://localhost:1427/' failed: Error in connection establishment: net::ERR_CONNECTION_REFUSED @ http://localhost:1427/@vite/client:1034
[  607966ms] [ERROR] WebSocket connection to 'ws://localhost:1427/' failed: Error in connection establishment: net::ERR_CONNECTION_REFUSED @ http://localhost:1427/@vite/client:1034
[  611245ms] [ERROR] WebSocket connection to 'ws://localhost:1427/' failed: Error in connection establishment: net::ERR_CONNECTION_REFUSED @ http://localhost:1427/@vite/client:1034
[  616740ms] [ERROR] WebSocket connection to 'ws://localhost:1427/' failed: Error in connection establishment: net::ERR_CONNECTION_REFUSED @ http://localhost:1427/@vite/client:1034
[  620312ms] [ERROR] WebSocket connection to 'ws://localhost:1427/' failed: Error in connection establishment: net::ERR_CONNECTION_REFUSED @ http://localhost:1427/@vite/client:1034
[  622426ms] [ERROR] WebSocket connection to 'ws://localhost:1427/' failed: Error in connection establishment: net::ERR_CONNECTION_REFUSED @ http://localhost:1427/@vite/client:1034
[  626262ms] [ERROR] WebSocket connection to 'ws://localhost:1427/' failed: Error in connection establishment: net::ERR_CONNECTION_REFUSED @ http://localhost:1427/@vite/client:1034
[  630647ms] [ERROR] WebSocket connection to 'ws://localhost:1427/' failed: Error in connection establishment: net::ERR_CONNECTION_REFUSED @ http://localhost:1427/@vite/client:1034
[  634644ms] [ERROR] WebSocket connection to 'ws://localhost:1427/' failed: Error in connection establishment: net::ERR_CONNECTION_REFUSED @ http://localhost:1427/@vite/client:1034
[  638382ms] [ERROR] WebSocket connection to 'ws://localhost:1427/' failed: Error in connection establishment: net::ERR_CONNECTION_REFUSED @ http://localhost:1427/@vite/client:1034
[  644361ms] [ERROR] WebSocket connection to 'ws://localhost:1427/' failed: Error in connection establishment: net::ERR_CONNECTION_REFUSED @ http://localhost:1427/@vite/client:1034
[  647347ms] [ERROR] WebSocket connection to 'ws://localhost:1427/' failed: Error in connection establishment: net::ERR_CONNECTION_REFUSED @ http://localhost:1427/@vite/client:1034
[  649850ms] [ERROR] WebSocket connection to 'ws://localhost:1427/' failed: Error in connection establishment: net::ERR_CONNECTION_REFUSED @ http://localhost:1427/@vite/client:1034
[  654454ms] [ERROR] WebSocket connection to 'ws://localhost:1427/' failed: Error in connection establishment: net::ERR_CONNECTION_REFUSED @ http://localhost:1427/@vite/client:1034
[  658995ms] [ERROR] WebSocket connection to 'ws://localhost:1427/' failed: Error in connection establishment: net::ERR_CONNECTION_REFUSED @ http://localhost:1427/@vite/client:1034
[  663751ms] [ERROR] WebSocket connection to 'ws://localhost:1427/' failed: Error in connection establishment: net::ERR_CONNECTION_REFUSED @ http://localhost:1427/@vite/client:1034
[  667701ms] [ERROR] WebSocket connection to 'ws://localhost:1427/' failed: Error in connection establishment: net::ERR_CONNECTION_REFUSED @ http://localhost:1427/@vite/client:1034
[  672482ms] [ERROR] WebSocket connection to 'ws://localhost:1427/' failed: Error in connection establishment: net::ERR_CONNECTION_REFUSED @ http://localhost:1427/@vite/client:1034
[  676777ms] [ERROR] WebSocket connection to 'ws://localhost:1427/' failed: Error in connection establishment: net::ERR_CONNECTION_REFUSED @ http://localhost:1427/@vite/client:1034
[  680579ms] [ERROR] WebSocket connection to 'ws://localhost:1427/' failed: Error in connection establishment: net::ERR_CONNECTION_REFUSED @ http://localhost:1427/@vite/client:1034
[  686582ms] [ERROR] WebSocket connection to 'ws://localhost:1427/' failed: Error in connection establishment: net::ERR_CONNECTION_REFUSED @ http://localhost:1427/@vite/client:1034
[  691768ms] [ERROR] WebSocket connection to 'ws://localhost:1427/' failed: Error in connection establishment: net::ERR_CONNECTION_REFUSED @ http://localhost:1427/@vite/client:1034
[  697678ms] [ERROR] WebSocket connection to 'ws://localhost:1427/' failed: Error in connection establishment: net::ERR_CONNECTION_REFUSED @ http://localhost:1427/@vite/client:1034
[  701773ms] [ERROR] WebSocket connection to 'ws://localhost:1427/' failed: Error in connection establishment: net::ERR_CONNECTION_REFUSED @ http://localhost:1427/@vite/client:1034
[  706227ms] [ERROR] WebSocket connection to 'ws://localhost:1427/' failed: Error in connection establishment: net::ERR_CONNECTION_REFUSED @ http://localhost:1427/@vite/client:1034
[  709237ms] [ERROR] WebSocket connection to 'ws://localhost:1427/' failed: Error in connection establishment: net::ERR_CONNECTION_REFUSED @ http://localhost:1427/@vite/client:1034
[  714235ms] [ERROR] WebSocket connection to 'ws://localhost:1427/' failed: Error in connection establishment: net::ERR_CONNECTION_REFUSED @ http://localhost:1427/@vite/client:1034
[  719141ms] [ERROR] WebSocket connection to 'ws://localhost:1427/' failed: Error in connection establishment: net::ERR_CONNECTION_REFUSED @ http://localhost:1427/@vite/client:1034
[  725126ms] [ERROR] WebSocket connection to 'ws://localhost:1427/' failed: Error in connection establishment: net::ERR_CONNECTION_REFUSED @ http://localhost:1427/@vite/client:1034
[  730656ms] [ERROR] WebSocket connection to 'ws://localhost:1427/' failed: Error in connection establishment: net::ERR_CONNECTION_REFUSED @ http://localhost:1427/@vite/client:1034
[  735981ms] [ERROR] WebSocket connection to 'ws://localhost:1427/' failed: Error in connection establishment: net::ERR_CONNECTION_REFUSED @ http://localhost:1427/@vite/client:1034
[  739996ms] [ERROR] WebSocket connection to 'ws://localhost:1427/' failed: Error in connection establishment: net::ERR_CONNECTION_REFUSED @ http://localhost:1427/@vite/client:1034
[  745046ms] [ERROR] WebSocket connection to 'ws://localhost:1427/' failed: Error in connection establishment: net::ERR_CONNECTION_REFUSED @ http://localhost:1427/@vite/client:1034
[  748861ms] [ERROR] WebSocket connection to 'ws://localhost:1427/' failed: Error in connection establishment: net::ERR_CONNECTION_REFUSED @ http://localhost:1427/@vite/client:1034
[  753114ms] [ERROR] WebSocket connection to 'ws://localhost:1427/' failed: Error in connection establishment: net::ERR_CONNECTION_REFUSED @ http://localhost:1427/@vite/client:1034
[  757626ms] [ERROR] WebSocket connection to 'ws://localhost:1427/' failed: Error in connection establishment: net::ERR_CONNECTION_REFUSED @ http://localhost:1427/@vite/client:1034
[  761484ms] [ERROR] WebSocket connection to 'ws://localhost:1427/' failed: Error in connection establishment: net::ERR_CONNECTION_REFUSED @ http://localhost:1427/@vite/client:1034
[  766224ms] [ERROR] WebSocket connection to 'ws://localhost:1427/' failed: Error in connection establishment: net::ERR_CONNECTION_REFUSED @ http://localhost:1427/@vite/client:1034
[  771736ms] [ERROR] WebSocket connection to 'ws://localhost:1427/' failed: Error in connection establishment: net::ERR_CONNECTION_REFUSED @ http://localhost:1427/@vite/client:1034
[  775384ms] [ERROR] WebSocket connection to 'ws://localhost:1427/' failed: Error in connection establishment: net::ERR_CONNECTION_REFUSED @ http://localhost:1427/@vite/client:1034
[  777718ms] [ERROR] WebSocket connection to 'ws://localhost:1427/' failed: Error in connection establishment: net::ERR_CONNECTION_REFUSED @ http://localhost:1427/@vite/client:1034
[  779958ms] [ERROR] WebSocket connection to 'ws://localhost:1427/' failed: Error in connection establishment: net::ERR_CONNECTION_REFUSED @ http://localhost:1427/@vite/client:1034
[  785699ms] [ERROR] WebSocket connection to 'ws://localhost:1427/' failed: Error in connection establishment: net::ERR_CONNECTION_REFUSED @ http://localhost:1427/@vite/client:1034
[  789335ms] [ERROR] WebSocket connection to 'ws://localhost:1427/' failed: Error in connection establishment: net::ERR_CONNECTION_REFUSED @ http://localhost:1427/@vite/client:1034
[  792841ms] [ERROR] WebSocket connection to 'ws://localhost:1427/' failed: Error in connection establishment: net::ERR_CONNECTION_REFUSED @ http://localhost:1427/@vite/client:1034
[  798220ms] [ERROR] WebSocket connection to 'ws://localhost:1427/' failed: Error in connection establishment: net::ERR_CONNECTION_REFUSED @ http://localhost:1427/@vite/client:1034
[  802188ms] [ERROR] WebSocket connection to 'ws://localhost:1427/' failed: Error in connection establishment: net::ERR_CONNECTION_REFUSED @ http://localhost:1427/@vite/client:1034
[  806566ms] [ERROR] WebSocket connection to 'ws://localhost:1427/' failed: Error in connection establishment: net::ERR_CONNECTION_REFUSED @ http://localhost:1427/@vite/client:1034
[  811665ms] [ERROR] WebSocket connection to 'ws://localhost:1427/' failed: Error in connection establishment: net::ERR_CONNECTION_REFUSED @ http://localhost:1427/@vite/client:1034
[  816906ms] [ERROR] WebSocket connection to 'ws://localhost:1427/' failed: Error in connection establishment: net::ERR_CONNECTION_REFUSED @ http://localhost:1427/@vite/client:1034
[  819055ms] [ERROR] WebSocket connection to 'ws://localhost:1427/' failed: Error in connection establishment: net::ERR_CONNECTION_REFUSED @ http://localhost:1427/@vite/client:1034
[  823200ms] [ERROR] WebSocket connection to 'ws://localhost:1427/' failed: Error in connection establishment: net::ERR_CONNECTION_REFUSED @ http://localhost:1427/@vite/client:1034
[  827642ms] [ERROR] WebSocket connection to 'ws://localhost:1427/' failed: Error in connection establishment: net::ERR_CONNECTION_REFUSED @ http://localhost:1427/@vite/client:1034
[  830881ms] [ERROR] WebSocket connection to 'ws://localhost:1427/' failed: Error in connection establishment: net::ERR_CONNECTION_REFUSED @ http://localhost:1427/@vite/client:1034
[  833706ms] [ERROR] WebSocket connection to 'ws://localhost:1427/' failed: Error in connection establishment: net::ERR_CONNECTION_REFUSED @ http://localhost:1427/@vite/client:1034
[  836266ms] [ERROR] WebSocket connection to 'ws://localhost:1427/' failed: Error in connection establishment: net::ERR_CONNECTION_REFUSED @ http://localhost:1427/@vite/client:1034
[  841281ms] [ERROR] WebSocket connection to 'ws://localhost:1427/' failed: Error in connection establishment: net::ERR_CONNECTION_REFUSED @ http://localhost:1427/@vite/client:1034
[  846241ms] [ERROR] WebSocket connection to 'ws://localhost:1427/' failed: Error in connection establishment: net::ERR_CONNECTION_REFUSED @ http://localhost:1427/@vite/client:1034
[  849271ms] [ERROR] WebSocket connection to 'ws://localhost:1427/' failed: Error in connection establishment: net::ERR_CONNECTION_REFUSED @ http://localhost:1427/@vite/client:1034
[  852824ms] [ERROR] WebSocket connection to 'ws://localhost:1427/' failed: Error in connection establishment: net::ERR_CONNECTION_REFUSED @ http://localhost:1427/@vite/client:1034
[  858229ms] [ERROR] WebSocket connection to 'ws://localhost:1427/' failed: Error in connection establishment: net::ERR_CONNECTION_REFUSED @ http://localhost:1427/@vite/client:1034
[  863590ms] [ERROR] WebSocket connection to 'ws://localhost:1427/' failed: Error in connection establishment: net::ERR_CONNECTION_REFUSED @ http://localhost:1427/@vite/client:1034
[  865687ms] [ERROR] WebSocket connection to 'ws://localhost:1427/' failed: Error in connection establishment: net::ERR_CONNECTION_REFUSED @ http://localhost:1427/@vite/client:1034
[  867964ms] [ERROR] WebSocket connection to 'ws://localhost:1427/' failed: Error in connection establishment: net::ERR_CONNECTION_REFUSED @ http://localhost:1427/@vite/client:1034
[  873256ms] [ERROR] WebSocket connection to 'ws://localhost:1427/' failed: Error in connection establishment: net::ERR_CONNECTION_REFUSED @ http://localhost:1427/@vite/client:1034
[  876772ms] [ERROR] WebSocket connection to 'ws://localhost:1427/' failed: Error in connection establishment: net::ERR_CONNECTION_REFUSED @ http://localhost:1427/@vite/client:1034
[  882456ms] [ERROR] WebSocket connection to 'ws://localhost:1427/' failed: Error in connection establishment: net::ERR_CONNECTION_REFUSED @ http://localhost:1427/@vite/client:1034
[  887562ms] [ERROR] WebSocket connection to 'ws://localhost:1427/' failed: Error in connection establishment: net::ERR_CONNECTION_REFUSED @ http://localhost:1427/@vite/client:1034
[  891407ms] [ERROR] WebSocket connection to 'ws://localhost:1427/' failed: Error in connection establishment: net::ERR_CONNECTION_REFUSED @ http://localhost:1427/@vite/client:1034
[  896632ms] [ERROR] WebSocket connection to 'ws://localhost:1427/' failed: Error in connection establishment: net::ERR_CONNECTION_REFUSED @ http://localhost:1427/@vite/client:1034
[  899500ms] [ERROR] WebSocket connection to 'ws://localhost:1427/' failed: Error in connection establishment: net::ERR_CONNECTION_REFUSED @ http://localhost:1427/@vite/client:1034
[  905442ms] [ERROR] WebSocket connection to 'ws://localhost:1427/' failed: Error in connection establishment: net::ERR_CONNECTION_REFUSED @ http://localhost:1427/@vite/client:1034
[  910798ms] [ERROR] WebSocket connection to 'ws://localhost:1427/' failed: Error in connection establishment: net::ERR_CONNECTION_REFUSED @ http://localhost:1427/@vite/client:1034
[  915901ms] [ERROR] WebSocket connection to 'ws://localhost:1427/' failed: Error in connection establishment: net::ERR_CONNECTION_REFUSED @ http://localhost:1427/@vite/client:1034
[  918135ms] [ERROR] WebSocket connection to 'ws://localhost:1427/' failed: Error in connection establishment: net::ERR_CONNECTION_REFUSED @ http://localhost:1427/@vite/client:1034
[  921918ms] [ERROR] WebSocket connection to 'ws://localhost:1427/' failed: Error in connection establishment: net::ERR_CONNECTION_REFUSED @ http://localhost:1427/@vite/client:1034
[  926747ms] [ERROR] WebSocket connection to 'ws://localhost:1427/' failed: Error in connection establishment: net::ERR_CONNECTION_REFUSED @ http://localhost:1427/@vite/client:1034
[  929897ms] [ERROR] WebSocket connection to 'ws://localhost:1427/' failed: Error in connection establishment: net::ERR_CONNECTION_REFUSED @ http://localhost:1427/@vite/client:1034
[  933306ms] [ERROR] WebSocket connection to 'ws://localhost:1427/' failed: Error in connection establishment: net::ERR_CONNECTION_REFUSED @ http://localhost:1427/@vite/client:1034
[  937226ms] [ERROR] WebSocket connection to 'ws://localhost:1427/' failed: Error in connection establishment: net::ERR_CONNECTION_REFUSED @ http://localhost:1427/@vite/client:1034
[  940834ms] [ERROR] WebSocket connection to 'ws://localhost:1427/' failed: Error in connection establishment: net::ERR_CONNECTION_REFUSED @ http://localhost:1427/@vite/client:1034
[  943471ms] [ERROR] WebSocket connection to 'ws://localhost:1427/' failed: Error in connection establishment: net::ERR_CONNECTION_REFUSED @ http://localhost:1427/@vite/client:1034
[  948164ms] [ERROR] WebSocket connection to 'ws://localhost:1427/' failed: Error in connection establishment: net::ERR_CONNECTION_REFUSED @ http://localhost:1427/@vite/client:1034
[  953796ms] [ERROR] WebSocket connection to 'ws://localhost:1427/' failed: Error in connection establishment: net::ERR_CONNECTION_REFUSED @ http://localhost:1427/@vite/client:1034
[  955940ms] [ERROR] WebSocket connection to 'ws://localhost:1427/' failed: Error in connection establishment: net::ERR_CONNECTION_REFUSED @ http://localhost:1427/@vite/client:1034
[  959363ms] [ERROR] WebSocket connection to 'ws://localhost:1427/' failed: Error in connection establishment: net::ERR_CONNECTION_REFUSED @ http://localhost:1427/@vite/client:1034
[  961762ms] [ERROR] WebSocket connection to 'ws://localhost:1427/' failed: Error in connection establishment: net::ERR_CONNECTION_REFUSED @ http://localhost:1427/@vite/client:1034
[  963952ms] [ERROR] WebSocket connection to 'ws://localhost:1427/' failed: Error in connection establishment: net::ERR_CONNECTION_REFUSED @ http://localhost:1427/@vite/client:1034
[  969606ms] [ERROR] WebSocket connection to 'ws://localhost:1427/' failed: Error in connection establishment: net::ERR_CONNECTION_REFUSED @ http://localhost:1427/@vite/client:1034
[  972967ms] [ERROR] WebSocket connection to 'ws://localhost:1427/' failed: Error in connection establishment: net::ERR_CONNECTION_REFUSED @ http://localhost:1427/@vite/client:1034
[  975096ms] [ERROR] WebSocket connection to 'ws://localhost:1427/' failed: Error in connection establishment: net::ERR_CONNECTION_REFUSED @ http://localhost:1427/@vite/client:1034
[  979866ms] [ERROR] WebSocket connection to 'ws://localhost:1427/' failed: Error in connection establishment: net::ERR_CONNECTION_REFUSED @ http://localhost:1427/@vite/client:1034
[  983868ms] [ERROR] WebSocket connection to 'ws://localhost:1427/' failed: Error in connection establishment: net::ERR_CONNECTION_REFUSED @ http://localhost:1427/@vite/client:1034
[  986226ms] [ERROR] WebSocket connection to 'ws://localhost:1427/' failed: Error in connection establishment: net::ERR_CONNECTION_REFUSED @ http://localhost:1427/@vite/client:1034
[  991260ms] [ERROR] WebSocket connection to 'ws://localhost:1427/' failed: Error in connection establishment: net::ERR_CONNECTION_REFUSED @ http://localhost:1427/@vite/client:1034
[  995971ms] [ERROR] WebSocket connection to 'ws://localhost:1427/' failed: Error in connection establishment: net::ERR_CONNECTION_REFUSED @ http://localhost:1427/@vite/client:1034
[ 1001522ms] [ERROR] WebSocket connection to 'ws://localhost:1427/' failed: Error in connection establishment: net::ERR_CONNECTION_REFUSED @ http://localhost:1427/@vite/client:1034
[ 1004523ms] [ERROR] WebSocket connection to 'ws://localhost:1427/' failed: Error in connection establishment: net::ERR_CONNECTION_REFUSED @ http://localhost:1427/@vite/client:1034
[ 1006621ms] [ERROR] WebSocket connection to 'ws://localhost:1427/' failed: Error in connection establishment: net::ERR_CONNECTION_REFUSED @ http://localhost:1427/@vite/client:1034
[ 1010786ms] [ERROR] WebSocket connection to 'ws://localhost:1427/' failed: Error in connection establishment: net::ERR_CONNECTION_REFUSED @ http://localhost:1427/@vite/client:1034
[ 1012822ms] [ERROR] WebSocket connection to 'ws://localhost:1427/' failed: Error in connection establishment: net::ERR_CONNECTION_REFUSED @ http://localhost:1427/@vite/client:1034
[ 1018043ms] [ERROR] WebSocket connection to 'ws://localhost:1427/' failed: Error in connection establishment: net::ERR_CONNECTION_REFUSED @ http://localhost:1427/@vite/client:1034
[ 1022419ms] [ERROR] WebSocket connection to 'ws://localhost:1427/' failed: Error in connection establishment: net::ERR_CONNECTION_REFUSED @ http://localhost:1427/@vite/client:1034
[ 1027024ms] [ERROR] WebSocket connection to 'ws://localhost:1427/' failed: Error in connection establishment: net::ERR_CONNECTION_REFUSED @ http://localhost:1427/@vite/client:1034
[ 1032162ms] [ERROR] WebSocket connection to 'ws://localhost:1427/' failed: Error in connection establishment: net::ERR_CONNECTION_REFUSED @ http://localhost:1427/@vite/client:1034
[ 1035572ms] [ERROR] WebSocket connection to 'ws://localhost:1427/' failed: Error in connection establishment: net::ERR_CONNECTION_REFUSED @ http://localhost:1427/@vite/client:1034
[ 1041519ms] [ERROR] WebSocket connection to 'ws://localhost:1427/' failed: Error in connection establishment: net::ERR_CONNECTION_REFUSED @ http://localhost:1427/@vite/client:1034
[ 1045388ms] [ERROR] WebSocket connection to 'ws://localhost:1427/' failed: Error in connection establishment: net::ERR_CONNECTION_REFUSED @ http://localhost:1427/@vite/client:1034
[ 1047890ms] [ERROR] WebSocket connection to 'ws://localhost:1427/' failed: Error in connection establishment: net::ERR_CONNECTION_REFUSED @ http://localhost:1427/@vite/client:1034
[ 1052296ms] [ERROR] WebSocket connection to 'ws://localhost:1427/' failed: Error in connection establishment: net::ERR_CONNECTION_REFUSED @ http://localhost:1427/@vite/client:1034
[ 1057544ms] [ERROR] WebSocket connection to 'ws://localhost:1427/' failed: Error in connection establishment: net::ERR_CONNECTION_REFUSED @ http://localhost:1427/@vite/client:1034
[ 1062728ms] [ERROR] WebSocket connection to 'ws://localhost:1427/' failed: Error in connection establishment: net::ERR_CONNECTION_REFUSED @ http://localhost:1427/@vite/client:1034
[ 1066417ms] [ERROR] WebSocket connection to 'ws://localhost:1427/' failed: Error in connection establishment: net::ERR_CONNECTION_REFUSED @ http://localhost:1427/@vite/client:1034
[ 1069083ms] [ERROR] WebSocket connection to 'ws://localhost:1427/' failed: Error in connection establishment: net::ERR_CONNECTION_REFUSED @ http://localhost:1427/@vite/client:1034
[ 1073619ms] [ERROR] WebSocket connection to 'ws://localhost:1427/' failed: Error in connection establishment: net::ERR_CONNECTION_REFUSED @ http://localhost:1427/@vite/client:1034
[ 1076958ms] [ERROR] WebSocket connection to 'ws://localhost:1427/' failed: Error in connection establishment: net::ERR_CONNECTION_REFUSED @ http://localhost:1427/@vite/client:1034
[ 1079716ms] [ERROR] WebSocket connection to 'ws://localhost:1427/' failed: Error in connection establishment: net::ERR_CONNECTION_REFUSED @ http://localhost:1427/@vite/client:1034
[ 1083631ms] [ERROR] WebSocket connection to 'ws://localhost:1427/' failed: Error in connection establishment: net::ERR_CONNECTION_REFUSED @ http://localhost:1427/@vite/client:1034
[ 1086138ms] [ERROR] WebSocket connection to 'ws://localhost:1427/' failed: Error in connection establishment: net::ERR_CONNECTION_REFUSED @ http://localhost:1427/@vite/client:1034
[ 1090960ms] [ERROR] WebSocket connection to 'ws://localhost:1427/' failed: Error in connection establishment: net::ERR_CONNECTION_REFUSED @ http://localhost:1427/@vite/client:1034
[ 1096058ms] [ERROR] WebSocket connection to 'ws://localhost:1427/' failed: Error in connection establishment: net::ERR_CONNECTION_REFUSED @ http://localhost:1427/@vite/client:1034
[ 1099316ms] [ERROR] WebSocket connection to 'ws://localhost:1427/' failed: Error in connection establishment: net::ERR_CONNECTION_REFUSED @ http://localhost:1427/@vite/client:1034
[ 1104589ms] [ERROR] WebSocket connection to 'ws://localhost:1427/' failed: Error in connection establishment: net::ERR_CONNECTION_REFUSED @ http://localhost:1427/@vite/client:1034
[ 1106758ms] [ERROR] WebSocket connection to 'ws://localhost:1427/' failed: Error in connection establishment: net::ERR_CONNECTION_REFUSED @ http://localhost:1427/@vite/client:1034
[ 1110999ms] [ERROR] WebSocket connection to 'ws://localhost:1427/' failed: Error in connection establishment: net::ERR_CONNECTION_REFUSED @ http://localhost:1427/@vite/client:1034
[ 1116033ms] [ERROR] WebSocket connection to 'ws://localhost:1427/' failed: Error in connection establishment: net::ERR_CONNECTION_REFUSED @ http://localhost:1427/@vite/client:1034
[ 1119606ms] [ERROR] WebSocket connection to 'ws://localhost:1427/' failed: Error in connection establishment: net::ERR_CONNECTION_REFUSED @ http://localhost:1427/@vite/client:1034
[ 1125146ms] [ERROR] WebSocket connection to 'ws://localhost:1427/' failed: Error in connection establishment: net::ERR_CONNECTION_REFUSED @ http://localhost:1427/@vite/client:1034
[ 1127413ms] [ERROR] WebSocket connection to 'ws://localhost:1427/' failed: Error in connection establishment: net::ERR_CONNECTION_REFUSED @ http://localhost:1427/@vite/client:1034
[ 1132449ms] [ERROR] WebSocket connection to 'ws://localhost:1427/' failed: Error in connection establishment: net::ERR_CONNECTION_REFUSED @ http://localhost:1427/@vite/client:1034
[ 1137251ms] [ERROR] WebSocket connection to 'ws://localhost:1427/' failed: Error in connection establishment: net::ERR_CONNECTION_REFUSED @ http://localhost:1427/@vite/client:1034
[ 1140290ms] [ERROR] WebSocket connection to 'ws://localhost:1427/' failed: Error in connection establishment: net::ERR_CONNECTION_REFUSED @ http://localhost:1427/@vite/client:1034
[ 1143402ms] [ERROR] WebSocket connection to 'ws://localhost:1427/' failed: Error in connection establishment: net::ERR_CONNECTION_REFUSED @ http://localhost:1427/@vite/client:1034
[ 1147645ms] [ERROR] WebSocket connection to 'ws://localhost:1427/' failed: Error in connection establishment: net::ERR_CONNECTION_REFUSED @ http://localhost:1427/@vite/client:1034
[ 1153252ms] [ERROR] WebSocket connection to 'ws://localhost:1427/' failed: Error in connection establishment: net::ERR_CONNECTION_REFUSED @ http://localhost:1427/@vite/client:1034
[ 1155907ms] [ERROR] WebSocket connection to 'ws://localhost:1427/' failed: Error in connection establishment: net::ERR_CONNECTION_REFUSED @ http://localhost:1427/@vite/client:1034
[ 1158076ms] [ERROR] WebSocket connection to 'ws://localhost:1427/' failed: Error in connection establishment: net::ERR_CONNECTION_REFUSED @ http://localhost:1427/@vite/client:1034
[ 1162397ms] [ERROR] WebSocket connection to 'ws://localhost:1427/' failed: Error in connection establishment: net::ERR_CONNECTION_REFUSED @ http://localhost:1427/@vite/client:1034
[ 1166831ms] [ERROR] WebSocket connection to 'ws://localhost:1427/' failed: Error in connection establishment: net::ERR_CONNECTION_REFUSED @ http://localhost:1427/@vite/client:1034
[ 1172492ms] [ERROR] WebSocket connection to 'ws://localhost:1427/' failed: Error in connection establishment: net::ERR_CONNECTION_REFUSED @ http://localhost:1427/@vite/client:1034
[ 1176542ms] [ERROR] WebSocket connection to 'ws://localhost:1427/' failed: Error in connection establishment: net::ERR_CONNECTION_REFUSED @ http://localhost:1427/@vite/client:1034
[ 1178957ms] [ERROR] WebSocket connection to 'ws://localhost:1427/' failed: Error in connection establishment: net::ERR_CONNECTION_REFUSED @ http://localhost:1427/@vite/client:1034
[ 1183972ms] [ERROR] WebSocket connection to 'ws://localhost:1427/' failed: Error in connection establishment: net::ERR_CONNECTION_REFUSED @ http://localhost:1427/@vite/client:1034
[ 1189144ms] [ERROR] WebSocket connection to 'ws://localhost:1427/' failed: Error in connection establishment: net::ERR_CONNECTION_REFUSED @ http://localhost:1427/@vite/client:1034
[ 1194029ms] [ERROR] WebSocket connection to 'ws://localhost:1427/' failed: Error in connection establishment: net::ERR_CONNECTION_REFUSED @ http://localhost:1427/@vite/client:1034
[ 1198141ms] [ERROR] WebSocket connection to 'ws://localhost:1427/' failed: Error in connection establishment: net::ERR_CONNECTION_REFUSED @ http://localhost:1427/@vite/client:1034
[ 1200866ms] [ERROR] WebSocket connection to 'ws://localhost:1427/' failed: Error in connection establishment: net::ERR_CONNECTION_REFUSED @ http://localhost:1427/@vite/client:1034
[ 1204503ms] [ERROR] WebSocket connection to 'ws://localhost:1427/' failed: Error in connection establishment: net::ERR_CONNECTION_REFUSED @ http://localhost:1427/@vite/client:1034
[ 1210168ms] [ERROR] WebSocket connection to 'ws://localhost:1427/' failed: Error in connection establishment: net::ERR_CONNECTION_REFUSED @ http://localhost:1427/@vite/client:1034
[ 1215417ms] [ERROR] WebSocket connection to 'ws://localhost:1427/' failed: Error in connection establishment: net::ERR_CONNECTION_REFUSED @ http://localhost:1427/@vite/client:1034
[ 1221066ms] [ERROR] WebSocket connection to 'ws://localhost:1427/' failed: Error in connection establishment: net::ERR_CONNECTION_REFUSED @ http://localhost:1427/@vite/client:1034
[ 1225466ms] [ERROR] WebSocket connection to 'ws://localhost:1427/' failed: Error in connection establishment: net::ERR_CONNECTION_REFUSED @ http://localhost:1427/@vite/client:1034
[ 1230758ms] [ERROR] WebSocket connection to 'ws://localhost:1427/' failed: Error in connection establishment: net::ERR_CONNECTION_REFUSED @ http://localhost:1427/@vite/client:1034
[ 1234685ms] [ERROR] WebSocket connection to 'ws://localhost:1427/' failed: Error in connection establishment: net::ERR_CONNECTION_REFUSED @ http://localhost:1427/@vite/client:1034
[ 1240583ms] [ERROR] WebSocket connection to 'ws://localhost:1427/' failed: Error in connection establishment: net::ERR_CONNECTION_REFUSED @ http://localhost:1427/@vite/client:1034
[ 1242593ms] [ERROR] WebSocket connection to 'ws://localhost:1427/' failed: Error in connection establishment: net::ERR_CONNECTION_REFUSED @ http://localhost:1427/@vite/client:1034
[ 1245311ms] [ERROR] WebSocket connection to 'ws://localhost:1427/' failed: Error in connection establishment: net::ERR_CONNECTION_REFUSED @ http://localhost:1427/@vite/client:1034
[ 1248606ms] [ERROR] WebSocket connection to 'ws://localhost:1427/' failed: Error in connection establishment: net::ERR_CONNECTION_REFUSED @ http://localhost:1427/@vite/client:1034
[ 1252179ms] [ERROR] WebSocket connection to 'ws://localhost:1427/' failed: Error in connection establishment: net::ERR_CONNECTION_REFUSED @ http://localhost:1427/@vite/client:1034
[ 1256843ms] [ERROR] WebSocket connection to 'ws://localhost:1427/' failed: Error in connection establishment: net::ERR_CONNECTION_REFUSED @ http://localhost:1427/@vite/client:1034
[ 1262594ms] [ERROR] WebSocket connection to 'ws://localhost:1427/' failed: Error in connection establishment: net::ERR_CONNECTION_REFUSED @ http://localhost:1427/@vite/client:1034
[ 1267790ms] [ERROR] WebSocket connection to 'ws://localhost:1427/' failed: Error in connection establishment: net::ERR_CONNECTION_REFUSED @ http://localhost:1427/@vite/client:1034
[ 1272717ms] [ERROR] WebSocket connection to 'ws://localhost:1427/' failed: Error in connection establishment: net::ERR_CONNECTION_REFUSED @ http://localhost:1427/@vite/client:1034
[ 1276843ms] [ERROR] WebSocket connection to 'ws://localhost:1427/' failed: Error in connection establishment: net::ERR_CONNECTION_REFUSED @ http://localhost:1427/@vite/client:1034
[ 1281802ms] [ERROR] WebSocket connection to 'ws://localhost:1427/' failed: Error in connection establishment: net::ERR_CONNECTION_REFUSED @ http://localhost:1427/@vite/client:1034
[ 1285408ms] [ERROR] WebSocket connection to 'ws://localhost:1427/' failed: Error in connection establishment: net::ERR_CONNECTION_REFUSED @ http://localhost:1427/@vite/client:1034
[ 1287655ms] [ERROR] WebSocket connection to 'ws://localhost:1427/' failed: Error in connection establishment: net::ERR_CONNECTION_REFUSED @ http://localhost:1427/@vite/client:1034
[ 1290293ms] [ERROR] WebSocket connection to 'ws://localhost:1427/' failed: Error in connection establishment: net::ERR_CONNECTION_REFUSED @ http://localhost:1427/@vite/client:1034
[ 1292650ms] [ERROR] WebSocket connection to 'ws://localhost:1427/' failed: Error in connection establishment: net::ERR_CONNECTION_REFUSED @ http://localhost:1427/@vite/client:1034
[ 1295885ms] [ERROR] WebSocket connection to 'ws://localhost:1427/' failed: Error in connection establishment: net::ERR_CONNECTION_REFUSED @ http://localhost:1427/@vite/client:1034
[ 1299551ms] [ERROR] WebSocket connection to 'ws://localhost:1427/' failed: Error in connection establishment: net::ERR_CONNECTION_REFUSED @ http://localhost:1427/@vite/client:1034
[ 1303517ms] [ERROR] WebSocket connection to 'ws://localhost:1427/' failed: Error in connection establishment: net::ERR_CONNECTION_REFUSED @ http://localhost:1427/@vite/client:1034
[ 1305779ms] [ERROR] WebSocket connection to 'ws://localhost:1427/' failed: Error in connection establishment: net::ERR_CONNECTION_REFUSED @ http://localhost:1427/@vite/client:1034
[ 1311473ms] [ERROR] WebSocket connection to 'ws://localhost:1427/' failed: Error in connection establishment: net::ERR_CONNECTION_REFUSED @ http://localhost:1427/@vite/client:1034
[ 1315116ms] [ERROR] WebSocket connection to 'ws://localhost:1427/' failed: Error in connection establishment: net::ERR_CONNECTION_REFUSED @ http://localhost:1427/@vite/client:1034
[ 1320374ms] [ERROR] WebSocket connection to 'ws://localhost:1427/' failed: Error in connection establishment: net::ERR_CONNECTION_REFUSED @ http://localhost:1427/@vite/client:1034
[ 1325943ms] [ERROR] WebSocket connection to 'ws://localhost:1427/' failed: Error in connection establishment: net::ERR_CONNECTION_REFUSED @ http://localhost:1427/@vite/client:1034
[ 1328193ms] [ERROR] WebSocket connection to 'ws://localhost:1427/' failed: Error in connection establishment: net::ERR_CONNECTION_REFUSED @ http://localhost:1427/@vite/client:1034
[ 1332340ms] [ERROR] WebSocket connection to 'ws://localhost:1427/' failed: Error in connection establishment: net::ERR_CONNECTION_REFUSED @ http://localhost:1427/@vite/client:1034
[ 1336232ms] [ERROR] WebSocket connection to 'ws://localhost:1427/' failed: Error in connection establishment: net::ERR_CONNECTION_REFUSED @ http://localhost:1427/@vite/client:1034
[ 1342216ms] [ERROR] WebSocket connection to 'ws://localhost:1427/' failed: Error in connection establishment: net::ERR_CONNECTION_REFUSED @ http://localhost:1427/@vite/client:1034
[ 1344709ms] [ERROR] WebSocket connection to 'ws://localhost:1427/' failed: Error in connection establishment: net::ERR_CONNECTION_REFUSED @ http://localhost:1427/@vite/client:1034
[ 1347076ms] [ERROR] WebSocket connection to 'ws://localhost:1427/' failed: Error in connection establishment: net::ERR_CONNECTION_REFUSED @ http://localhost:1427/@vite/client:1034
[ 1352272ms] [ERROR] WebSocket connection to 'ws://localhost:1427/' failed: Error in connection establishment: net::ERR_CONNECTION_REFUSED @ http://localhost:1427/@vite/client:1034
[ 1355435ms] [ERROR] WebSocket connection to 'ws://localhost:1427/' failed: Error in connection establishment: net::ERR_CONNECTION_REFUSED @ http://localhost:1427/@vite/client:1034
[ 1360391ms] [ERROR] WebSocket connection to 'ws://localhost:1427/' failed: Error in connection establishment: net::ERR_CONNECTION_REFUSED @ http://localhost:1427/@vite/client:1034
[ 1365402ms] [ERROR] WebSocket connection to 'ws://localhost:1427/' failed: Error in connection establishment: net::ERR_CONNECTION_REFUSED @ http://localhost:1427/@vite/client:1034
[ 1367627ms] [ERROR] WebSocket connection to 'ws://localhost:1427/' failed: Error in connection establishment: net::ERR_CONNECTION_REFUSED @ http://localhost:1427/@vite/client:1034
[ 1369803ms] [ERROR] WebSocket connection to 'ws://localhost:1427/' failed: Error in connection establishment: net::ERR_CONNECTION_REFUSED @ http://localhost:1427/@vite/client:1034
[ 1374080ms] [ERROR] WebSocket connection to 'ws://localhost:1427/' failed: Error in connection establishment: net::ERR_CONNECTION_REFUSED @ http://localhost:1427/@vite/client:1034
[ 1378692ms] [ERROR] WebSocket connection to 'ws://localhost:1427/' failed: Error in connection establishment: net::ERR_CONNECTION_REFUSED @ http://localhost:1427/@vite/client:1034
[ 1381130ms] [ERROR] WebSocket connection to 'ws://localhost:1427/' failed: Error in connection establishment: net::ERR_CONNECTION_REFUSED @ http://localhost:1427/@vite/client:1034
[ 1384905ms] [ERROR] WebSocket connection to 'ws://localhost:1427/' failed: Error in connection establishment: net::ERR_CONNECTION_REFUSED @ http://localhost:1427/@vite/client:1034
[ 1388250ms] [ERROR] WebSocket connection to 'ws://localhost:1427/' failed: Error in connection establishment: net::ERR_CONNECTION_REFUSED @ http://localhost:1427/@vite/client:1034
[ 1393478ms] [ERROR] WebSocket connection to 'ws://localhost:1427/' failed: Error in connection establishment: net::ERR_CONNECTION_REFUSED @ http://localhost:1427/@vite/client:1034
[ 1399185ms] [ERROR] WebSocket connection to 'ws://localhost:1427/' failed: Error in connection establishment: net::ERR_CONNECTION_REFUSED @ http://localhost:1427/@vite/client:1034
[ 1403699ms] [ERROR] WebSocket connection to 'ws://localhost:1427/' failed: Error in connection establishment: net::ERR_CONNECTION_REFUSED @ http://localhost:1427/@vite/client:1034
[ 1406678ms] [ERROR] WebSocket connection to 'ws://localhost:1427/' failed: Error in connection establishment: net::ERR_CONNECTION_REFUSED @ http://localhost:1427/@vite/client:1034
[ 1410013ms] [ERROR] WebSocket connection to 'ws://localhost:1427/' failed: Error in connection establishment: net::ERR_CONNECTION_REFUSED @ http://localhost:1427/@vite/client:1034
[ 1415234ms] [ERROR] WebSocket connection to 'ws://localhost:1427/' failed: Error in connection establishment: net::ERR_CONNECTION_REFUSED @ http://localhost:1427/@vite/client:1034
[ 1421216ms] [ERROR] WebSocket connection to 'ws://localhost:1427/' failed: Error in connection establishment: net::ERR_CONNECTION_REFUSED @ http://localhost:1427/@vite/client:1034
[ 1425263ms] [ERROR] WebSocket connection to 'ws://localhost:1427/' failed: Error in connection establishment: net::ERR_CONNECTION_REFUSED @ http://localhost:1427/@vite/client:1034
[ 1427829ms] [ERROR] WebSocket connection to 'ws://localhost:1427/' failed: Error in connection establishment: net::ERR_CONNECTION_REFUSED @ http://localhost:1427/@vite/client:1034
[ 1432777ms] [ERROR] WebSocket connection to 'ws://localhost:1427/' failed: Error in connection establishment: net::ERR_CONNECTION_REFUSED @ http://localhost:1427/@vite/client:1034
[ 1437562ms] [ERROR] WebSocket connection to 'ws://localhost:1427/' failed: Error in connection establishment: net::ERR_CONNECTION_REFUSED @ http://localhost:1427/@vite/client:1034
[ 1441268ms] [ERROR] WebSocket connection to 'ws://localhost:1427/' failed: Error in connection establishment: net::ERR_CONNECTION_REFUSED @ http://localhost:1427/@vite/client:1034
[ 1446005ms] [ERROR] WebSocket connection to 'ws://localhost:1427/' failed: Error in connection establishment: net::ERR_CONNECTION_REFUSED @ http://localhost:1427/@vite/client:1034
[ 1449413ms] [ERROR] WebSocket connection to 'ws://localhost:1427/' failed: Error in connection establishment: net::ERR_CONNECTION_REFUSED @ http://localhost:1427/@vite/client:1034
[ 1453827ms] [ERROR] WebSocket connection to 'ws://localhost:1427/' failed: Error in connection establishment: net::ERR_CONNECTION_REFUSED @ http://localhost:1427/@vite/client:1034
[ 1458473ms] [ERROR] WebSocket connection to 'ws://localhost:1427/' failed: Error in connection establishment: net::ERR_CONNECTION_REFUSED @ http://localhost:1427/@vite/client:1034
[ 1464247ms] [ERROR] WebSocket connection to 'ws://localhost:1427/' failed: Error in connection establishment: net::ERR_CONNECTION_REFUSED @ http://localhost:1427/@vite/client:1034
[ 1466670ms] [ERROR] WebSocket connection to 'ws://localhost:1427/' failed: Error in connection establishment: net::ERR_CONNECTION_REFUSED @ http://localhost:1427/@vite/client:1034
[ 1469925ms] [ERROR] WebSocket connection to 'ws://localhost:1427/' failed: Error in connection establishment: net::ERR_CONNECTION_REFUSED @ http://localhost:1427/@vite/client:1034
[ 1474296ms] [ERROR] WebSocket connection to 'ws://localhost:1427/' failed: Error in connection establishment: net::ERR_CONNECTION_REFUSED @ http://localhost:1427/@vite/client:1034
[ 1476914ms] [ERROR] WebSocket connection to 'ws://localhost:1427/' failed: Error in connection establishment: net::ERR_CONNECTION_REFUSED @ http://localhost:1427/@vite/client:1034
[ 1482624ms] [ERROR] WebSocket connection to 'ws://localhost:1427/' failed: Error in connection establishment: net::ERR_CONNECTION_REFUSED @ http://localhost:1427/@vite/client:1034
[ 1485134ms] [ERROR] WebSocket connection to 'ws://localhost:1427/' failed: Error in connection establishment: net::ERR_CONNECTION_REFUSED @ http://localhost:1427/@vite/client:1034
[ 1489007ms] [ERROR] WebSocket connection to 'ws://localhost:1427/' failed: Error in connection establishment: net::ERR_CONNECTION_REFUSED @ http://localhost:1427/@vite/client:1034
[ 1491360ms] [ERROR] WebSocket connection to 'ws://localhost:1427/' failed: Error in connection establishment: net::ERR_CONNECTION_REFUSED @ http://localhost:1427/@vite/client:1034
[ 1496490ms] [ERROR] WebSocket connection to 'ws://localhost:1427/' failed: Error in connection establishment: net::ERR_CONNECTION_REFUSED @ http://localhost:1427/@vite/client:1034
[ 1499658ms] [ERROR] WebSocket connection to 'ws://localhost:1427/' failed: Error in connection establishment: net::ERR_CONNECTION_REFUSED @ http://localhost:1427/@vite/client:1034
[ 1503438ms] [ERROR] WebSocket connection to 'ws://localhost:1427/' failed: Error in connection establishment: net::ERR_CONNECTION_REFUSED @ http://localhost:1427/@vite/client:1034
[ 1507306ms] [ERROR] WebSocket connection to 'ws://localhost:1427/' failed: Error in connection establishment: net::ERR_CONNECTION_REFUSED @ http://localhost:1427/@vite/client:1034
[ 1509905ms] [ERROR] WebSocket connection to 'ws://localhost:1427/' failed: Error in connection establishment: net::ERR_CONNECTION_REFUSED @ http://localhost:1427/@vite/client:1034
[ 1512746ms] [ERROR] WebSocket connection to 'ws://localhost:1427/' failed: Error in connection establishment: net::ERR_CONNECTION_REFUSED @ http://localhost:1427/@vite/client:1034
[ 1516748ms] [ERROR] WebSocket connection to 'ws://localhost:1427/' failed: Error in connection establishment: net::ERR_CONNECTION_REFUSED @ http://localhost:1427/@vite/client:1034
[ 1519029ms] [ERROR] WebSocket connection to 'ws://localhost:1427/' failed: Error in connection establishment: net::ERR_CONNECTION_REFUSED @ http://localhost:1427/@vite/client:1034
[ 1522783ms] [ERROR] WebSocket connection to 'ws://localhost:1427/' failed: Error in connection establishment: net::ERR_CONNECTION_REFUSED @ http://localhost:1427/@vite/client:1034
[ 1528722ms] [ERROR] WebSocket connection to 'ws://localhost:1427/' failed: Error in connection establishment: net::ERR_CONNECTION_REFUSED @ http://localhost:1427/@vite/client:1034
[ 1531579ms] [ERROR] WebSocket connection to 'ws://localhost:1427/' failed: Error in connection establishment: net::ERR_CONNECTION_REFUSED @ http://localhost:1427/@vite/client:1034
[ 1535377ms] [ERROR] WebSocket connection to 'ws://localhost:1427/' failed: Error in connection establishment: net::ERR_CONNECTION_REFUSED @ http://localhost:1427/@vite/client:1034
[ 1538411ms] [ERROR] WebSocket connection to 'ws://localhost:1427/' failed: Error in connection establishment: net::ERR_CONNECTION_REFUSED @ http://localhost:1427/@vite/client:1034
[ 1543094ms] [ERROR] WebSocket connection to 'ws://localhost:1427/' failed: Error in connection establishment: net::ERR_CONNECTION_REFUSED @ http://localhost:1427/@vite/client:1034
[ 1546142ms] [ERROR] WebSocket connection to 'ws://localhost:1427/' failed: Error in connection establishment: net::ERR_CONNECTION_REFUSED @ http://localhost:1427/@vite/client:1034
[ 1549438ms] [ERROR] WebSocket connection to 'ws://localhost:1427/' failed: Error in connection establishment: net::ERR_CONNECTION_REFUSED @ http://localhost:1427/@vite/client:1034
[ 1552423ms] [ERROR] WebSocket connection to 'ws://localhost:1427/' failed: Error in connection establishment: net::ERR_CONNECTION_REFUSED @ http://localhost:1427/@vite/client:1034
[ 1557626ms] [ERROR] WebSocket connection to 'ws://localhost:1427/' failed: Error in connection establishment: net::ERR_CONNECTION_REFUSED @ http://localhost:1427/@vite/client:1034
[ 1561340ms] [ERROR] WebSocket connection to 'ws://localhost:1427/' failed: Error in connection establishment: net::ERR_CONNECTION_REFUSED @ http://localhost:1427/@vite/client:1034
[ 1567343ms] [ERROR] WebSocket connection to 'ws://localhost:1427/' failed: Error in connection establishment: net::ERR_CONNECTION_REFUSED @ http://localhost:1427/@vite/client:1034
[ 1570742ms] [ERROR] WebSocket connection to 'ws://localhost:1427/' failed: Error in connection establishment: net::ERR_CONNECTION_REFUSED @ http://localhost:1427/@vite/client:1034
[ 1573712ms] [ERROR] WebSocket connection to 'ws://localhost:1427/' failed: Error in connection establishment: net::ERR_CONNECTION_REFUSED @ http://localhost:1427/@vite/client:1034
[ 1576312ms] [ERROR] WebSocket connection to 'ws://localhost:1427/' failed: Error in connection establishment: net::ERR_CONNECTION_REFUSED @ http://localhost:1427/@vite/client:1034
[ 1580906ms] [ERROR] WebSocket connection to 'ws://localhost:1427/' failed: Error in connection establishment: net::ERR_CONNECTION_REFUSED @ http://localhost:1427/@vite/client:1034
[ 1584533ms] [ERROR] WebSocket connection to 'ws://localhost:1427/' failed: Error in connection establishment: net::ERR_CONNECTION_REFUSED @ http://localhost:1427/@vite/client:1034
[ 1588643ms] [ERROR] WebSocket connection to 'ws://localhost:1427/' failed: Error in connection establishment: net::ERR_CONNECTION_REFUSED @ http://localhost:1427/@vite/client:1034
[ 1591000ms] [ERROR] WebSocket connection to 'ws://localhost:1427/' failed: Error in connection establishment: net::ERR_CONNECTION_REFUSED @ http://localhost:1427/@vite/client:1034
[ 1594732ms] [ERROR] WebSocket connection to 'ws://localhost:1427/' failed: Error in connection establishment: net::ERR_CONNECTION_REFUSED @ http://localhost:1427/@vite/client:1034
[ 1599788ms] [ERROR] WebSocket connection to 'ws://localhost:1427/' failed: Error in connection establishment: net::ERR_CONNECTION_REFUSED @ http://localhost:1427/@vite/client:1034
[ 1604320ms] [ERROR] WebSocket connection to 'ws://localhost:1427/' failed: Error in connection establishment: net::ERR_CONNECTION_REFUSED @ http://localhost:1427/@vite/client:1034
[ 1609504ms] [ERROR] WebSocket connection to 'ws://localhost:1427/' failed: Error in connection establishment: net::ERR_CONNECTION_REFUSED @ http://localhost:1427/@vite/client:1034
[ 1613157ms] [ERROR] WebSocket connection to 'ws://localhost:1427/' failed: Error in connection establishment: net::ERR_CONNECTION_REFUSED @ http://localhost:1427/@vite/client:1034
[ 1617725ms] [ERROR] WebSocket connection to 'ws://localhost:1427/' failed: Error in connection establishment: net::ERR_CONNECTION_REFUSED @ http://localhost:1427/@vite/client:1034
[ 1620380ms] [ERROR] WebSocket connection to 'ws://localhost:1427/' failed: Error in connection establishment: net::ERR_CONNECTION_REFUSED @ http://localhost:1427/@vite/client:1034
[ 1624214ms] [ERROR] WebSocket connection to 'ws://localhost:1427/' failed: Error in connection establishment: net::ERR_CONNECTION_REFUSED @ http://localhost:1427/@vite/client:1034
[ 1629943ms] [ERROR] WebSocket connection to 'ws://localhost:1427/' failed: Error in connection establishment: net::ERR_CONNECTION_REFUSED @ http://localhost:1427/@vite/client:1034
[ 1633811ms] [ERROR] WebSocket connection to 'ws://localhost:1427/' failed: Error in connection establishment: net::ERR_CONNECTION_REFUSED @ http://localhost:1427/@vite/client:1034
[ 1637123ms] [ERROR] WebSocket connection to 'ws://localhost:1427/' failed: Error in connection establishment: net::ERR_CONNECTION_REFUSED @ http://localhost:1427/@vite/client:1034
[ 1640642ms] [ERROR] WebSocket connection to 'ws://localhost:1427/' failed: Error in connection establishment: net::ERR_CONNECTION_REFUSED @ http://localhost:1427/@vite/client:1034
[ 1643637ms] [ERROR] WebSocket connection to 'ws://localhost:1427/' failed: Error in connection establishment: net::ERR_CONNECTION_REFUSED @ http://localhost:1427/@vite/client:1034
[ 1645917ms] [ERROR] WebSocket connection to 'ws://localhost:1427/' failed: Error in connection establishment: net::ERR_CONNECTION_REFUSED @ http://localhost:1427/@vite/client:1034
[ 1649708ms] [ERROR] WebSocket connection to 'ws://localhost:1427/' failed: Error in connection establishment: net::ERR_CONNECTION_REFUSED @ http://localhost:1427/@vite/client:1034
[ 1653429ms] [ERROR] WebSocket connection to 'ws://localhost:1427/' failed: Error in connection establishment: net::ERR_CONNECTION_REFUSED @ http://localhost:1427/@vite/client:1034
[ 1658530ms] [ERROR] WebSocket connection to 'ws://localhost:1427/' failed: Error in connection establishment: net::ERR_CONNECTION_REFUSED @ http://localhost:1427/@vite/client:1034
[ 1662600ms] [ERROR] WebSocket connection to 'ws://localhost:1427/' failed: Error in connection establishment: net::ERR_CONNECTION_REFUSED @ http://localhost:1427/@vite/client:1034
[ 1666243ms] [ERROR] WebSocket connection to 'ws://localhost:1427/' failed: Error in connection establishment: net::ERR_CONNECTION_REFUSED @ http://localhost:1427/@vite/client:1034
[ 1669352ms] [ERROR] WebSocket connection to 'ws://localhost:1427/' failed: Error in connection establishment: net::ERR_CONNECTION_REFUSED @ http://localhost:1427/@vite/client:1034
[ 1674260ms] [ERROR] WebSocket connection to 'ws://localhost:1427/' failed: Error in connection establishment: net::ERR_CONNECTION_REFUSED @ http://localhost:1427/@vite/client:1034
[ 1678445ms] [ERROR] WebSocket connection to 'ws://localhost:1427/' failed: Error in connection establishment: net::ERR_CONNECTION_REFUSED @ http://localhost:1427/@vite/client:1034
[ 1680786ms] [ERROR] WebSocket connection to 'ws://localhost:1427/' failed: Error in connection establishment: net::ERR_CONNECTION_REFUSED @ http://localhost:1427/@vite/client:1034
[ 1685419ms] [ERROR] WebSocket connection to 'ws://localhost:1427/' failed: Error in connection establishment: net::ERR_CONNECTION_REFUSED @ http://localhost:1427/@vite/client:1034
[ 1691278ms] [ERROR] WebSocket connection to 'ws://localhost:1427/' failed: Error in connection establishment: net::ERR_CONNECTION_REFUSED @ http://localhost:1427/@vite/client:1034
[ 1695552ms] [ERROR] WebSocket connection to 'ws://localhost:1427/' failed: Error in connection establishment: net::ERR_CONNECTION_REFUSED @ http://localhost:1427/@vite/client:1034
[ 1698041ms] [ERROR] WebSocket connection to 'ws://localhost:1427/' failed: Error in connection establishment: net::ERR_CONNECTION_REFUSED @ http://localhost:1427/@vite/client:1034
[ 1701387ms] [ERROR] WebSocket connection to 'ws://localhost:1427/' failed: Error in connection establishment: net::ERR_CONNECTION_REFUSED @ http://localhost:1427/@vite/client:1034
[ 1707168ms] [ERROR] WebSocket connection to 'ws://localhost:1427/' failed: Error in connection establishment: net::ERR_CONNECTION_REFUSED @ http://localhost:1427/@vite/client:1034
[ 1711202ms] [ERROR] WebSocket connection to 'ws://localhost:1427/' failed: Error in connection establishment: net::ERR_CONNECTION_REFUSED @ http://localhost:1427/@vite/client:1034
[ 1715035ms] [ERROR] WebSocket connection to 'ws://localhost:1427/' failed: Error in connection establishment: net::ERR_CONNECTION_REFUSED @ http://localhost:1427/@vite/client:1034
[ 1718806ms] [ERROR] WebSocket connection to 'ws://localhost:1427/' failed: Error in connection establishment: net::ERR_CONNECTION_REFUSED @ http://localhost:1427/@vite/client:1034
[ 1722596ms] [ERROR] WebSocket connection to 'ws://localhost:1427/' failed: Error in connection establishment: net::ERR_CONNECTION_REFUSED @ http://localhost:1427/@vite/client:1034
[ 1726243ms] [ERROR] WebSocket connection to 'ws://localhost:1427/' failed: Error in connection establishment: net::ERR_CONNECTION_REFUSED @ http://localhost:1427/@vite/client:1034
[ 1731917ms] [ERROR] WebSocket connection to 'ws://localhost:1427/' failed: Error in connection establishment: net::ERR_CONNECTION_REFUSED @ http://localhost:1427/@vite/client:1034
[ 1736570ms] [ERROR] WebSocket connection to 'ws://localhost:1427/' failed: Error in connection establishment: net::ERR_CONNECTION_REFUSED @ http://localhost:1427/@vite/client:1034
[ 1740149ms] [ERROR] WebSocket connection to 'ws://localhost:1427/' failed: Error in connection establishment: net::ERR_CONNECTION_REFUSED @ http://localhost:1427/@vite/client:1034
[ 1743334ms] [ERROR] WebSocket connection to 'ws://localhost:1427/' failed: Error in connection establishment: net::ERR_CONNECTION_REFUSED @ http://localhost:1427/@vite/client:1034
[ 1746605ms] [ERROR] WebSocket connection to 'ws://localhost:1427/' failed: Error in connection establishment: net::ERR_CONNECTION_REFUSED @ http://localhost:1427/@vite/client:1034
[ 1751223ms] [ERROR] WebSocket connection to 'ws://localhost:1427/' failed: Error in connection establishment: net::ERR_CONNECTION_REFUSED @ http://localhost:1427/@vite/client:1034
[ 1754135ms] [ERROR] WebSocket connection to 'ws://localhost:1427/' failed: Error in connection establishment: net::ERR_CONNECTION_REFUSED @ http://localhost:1427/@vite/client:1034
[ 1755137ms] [ERROR] WebSocket connection to 'ws://localhost:1427/' failed: Error in connection establishment: net::ERR_CONNECTION_REFUSED @ http://localhost:1427/@vite/client:1034
[ 1756139ms] [ERROR] WebSocket connection to 'ws://localhost:1427/' failed: Error in connection establishment: net::ERR_CONNECTION_REFUSED @ http://localhost:1427/@vite/client:1034
[ 1757140ms] [ERROR] WebSocket connection to 'ws://localhost:1427/' failed: Error in connection establishment: net::ERR_CONNECTION_REFUSED @ http://localhost:1427/@vite/client:1034
[ 1758143ms] [ERROR] WebSocket connection to 'ws://localhost:1427/' failed: Error in connection establishment: net::ERR_CONNECTION_REFUSED @ http://localhost:1427/@vite/client:1034
[ 1759147ms] [ERROR] WebSocket connection to 'ws://localhost:1427/' failed: Error in connection establishment: net::ERR_CONNECTION_REFUSED @ http://localhost:1427/@vite/client:1034
[ 1760150ms] [ERROR] WebSocket connection to 'ws://localhost:1427/' failed: Error in connection establishment: net::ERR_CONNECTION_REFUSED @ http://localhost:1427/@vite/client:1034
[ 1761159ms] [ERROR] WebSocket connection to 'ws://localhost:1427/' failed: Error in connection establishment: net::ERR_CONNECTION_REFUSED @ http://localhost:1427/@vite/client:1034
[ 1762176ms] [ERROR] WebSocket connection to 'ws://localhost:1427/' failed: Error in connection establishment: net::ERR_CONNECTION_REFUSED @ http://localhost:1427/@vite/client:1034
[ 1763201ms] [ERROR] WebSocket connection to 'ws://localhost:1427/' failed: Error in connection establishment: net::ERR_CONNECTION_REFUSED @ http://localhost:1427/@vite/client:1034
[ 1764241ms] [ERROR] WebSocket connection to 'ws://localhost:1427/' failed: Error in connection establishment: net::ERR_CONNECTION_REFUSED @ http://localhost:1427/@vite/client:1034
[ 1765318ms] [ERROR] WebSocket connection to 'ws://localhost:1427/' failed: Error in connection establishment: net::ERR_CONNECTION_REFUSED @ http://localhost:1427/@vite/client:1034
[ 1766615ms] [ERROR] WebSocket connection to 'ws://localhost:1427/' failed: Error in connection establishment: net::ERR_CONNECTION_REFUSED @ http://localhost:1427/@vite/client:1034
[ 1767761ms] [ERROR] WebSocket connection to 'ws://localhost:1427/' failed: Error in connection establishment: net::ERR_CONNECTION_REFUSED @ http://localhost:1427/@vite/client:1034
[ 1769411ms] [ERROR] WebSocket connection to 'ws://localhost:1427/' failed: Error in connection establishment: net::ERR_CONNECTION_REFUSED @ http://localhost:1427/@vite/client:1034
[ 1771437ms] [ERROR] WebSocket connection to 'ws://localhost:1427/' failed: Error in connection establishment: net::ERR_CONNECTION_REFUSED @ http://localhost:1427/@vite/client:1034
[ 1774338ms] [ERROR] WebSocket connection to 'ws://localhost:1427/' failed: Error in connection establishment: net::ERR_CONNECTION_REFUSED @ http://localhost:1427/@vite/client:1034
[ 1779896ms] [ERROR] WebSocket connection to 'ws://localhost:1427/' failed: Error in connection establishment: net::ERR_CONNECTION_REFUSED @ http://localhost:1427/@vite/client:1034
[ 1783089ms] [ERROR] WebSocket connection to 'ws://localhost:1427/' failed: Error in connection establishment: net::ERR_CONNECTION_REFUSED @ http://localhost:1427/@vite/client:1034
[ 1787943ms] [ERROR] WebSocket connection to 'ws://localhost:1427/' failed: Error in connection establishment: net::ERR_CONNECTION_REFUSED @ http://localhost:1427/@vite/client:1034
[ 1790181ms] [ERROR] WebSocket connection to 'ws://localhost:1427/' failed: Error in connection establishment: net::ERR_CONNECTION_REFUSED @ http://localhost:1427/@vite/client:1034
[ 1794800ms] [ERROR] WebSocket connection to 'ws://localhost:1427/' failed: Error in connection establishment: net::ERR_CONNECTION_REFUSED @ http://localhost:1427/@vite/client:1034
[ 1800039ms] [WARNING] initArlenTheme: initial theme load failed: TypeError: Cannot read properties of undefined (reading 'invoke')
    at invoke (http://localhost:1427/node_modules/.vite/deps/@tauri-apps_api_core.js?v=6e0dd71b:111:37)
    at initArlenTheme (http://localhost:1427/@fs/home/tim/Repositories/arlen/sdk/ui-kit/src/lib/theme.ts:24:23)
    at http://localhost:1427/src/routes/+layout.svelte:89:8
    at untrack (http://localhost:1427/node_modules/.vite/deps/chunk-4UNHQVAP.js?v=6e0dd71b:4507:12)
    at $effect (http://localhost:1427/node_modules/.vite/deps/chunk-ORHBKCHQ.js?v=6e0dd71b:4311:23)
    at update_reaction (http://localhost:1427/node_modules/.vite/deps/chunk-4UNHQVAP.js?v=6e0dd71b:4189:18)
    at update_effect (http://localhost:1427/node_modules/.vite/deps/chunk-4UNHQVAP.js?v=6e0dd71b:4330:21)
    at flush_queued_effects (http://localhost:1427/node_modules/.vite/deps/chunk-4UNHQVAP.js?v=6e0dd71b:3309:7)
    at _Batch.process_fn (http://localhost:1427/node_modules/.vite/deps/chunk-4UNHQVAP.js?v=6e0dd71b:3001:3)
    at _Batch.flush (http://localhost:1427/node_modules/.vite/deps/chunk-4UNHQVAP.js?v=6e0dd71b:2731:59) @ http://localhost:1427/node_modules/@sveltejs/kit/src/runtime/client/client.js?v=6e0dd71b:3383
[ 1800050ms] TypeError: Cannot read properties of undefined (reading 'transformCallback')
    at transformCallback (http://localhost:1427/node_modules/.vite/deps/chunk-PEW2MXSX.js?v=6e0dd71b:22:37)
    at listen (http://localhost:1427/node_modules/.vite/deps/chunk-PEW2MXSX.js?v=6e0dd71b:132:14)
    at initArlenTheme (http://localhost:1427/@fs/home/tim/Repositories/arlen/sdk/ui-kit/src/lib/theme.ts:29:26)
