[     104ms] [ERROR] Failed to load resource: the server responded with a status of 404 (Not Found) @ http://localhost:1421/favicon.ico:0
[  224370ms] ReferenceError: AddProviderDialog is not defined

	in <unknown>
	in SidebarInset.svelte
	in SidebarProvider.svelte
	in +layout.svelte
	in root.svelte
	in undefined

    at $.add_svelte_meta.componentTag (http://localhost:1421/src/routes/ai/providers/+page.svelte?t=1782593794163:368:9)
    at Module.add_svelte_meta (http://localhost:1421/node_modules/.vite/deps/chunk-AWDPZUFH.js?v=c091b0bc:604:12)
    at _page (http://localhost:1421/src/routes/ai/providers/+page.svelte?t=1782593794163:367:4)
    at http://localhost:1421/node_modules/.vite/deps/chunk-N4BY4YM7.js?v=c091b0bc:317:56
    at update_reaction (http://localhost:1421/node_modules/.vite/deps/chunk-AWDPZUFH.js?v=c091b0bc:4075:18)
    at update_effect (http://localhost:1421/node_modules/.vite/deps/chunk-AWDPZUFH.js?v=c091b0bc:4216:21)
    at create_effect (http://localhost:1421/node_modules/.vite/deps/chunk-AWDPZUFH.js?v=c091b0bc:3558:7)
    at branch (http://localhost:1421/node_modules/.vite/deps/chunk-AWDPZUFH.js?v=c091b0bc:3738:10)
    at http://localhost:1421/node_modules/.vite/deps/chunk-N4BY4YM7.js?v=c091b0bc:311:17
    at update_reaction (http://localhost:1421/node_modules/.vite/deps/chunk-AWDPZUFH.js?v=c091b0bc:4075:18)
[  232942ms] ReferenceError: AddProviderDialog is not defined

	in <unknown>
	in SidebarInset.svelte
	in SidebarProvider.svelte
	in +layout.svelte
	in root.svelte
	in undefined

    at $.add_svelte_meta.componentTag (http://localhost:1421/src/routes/ai/providers/+page.svelte?t=1782593802643:366:26)
    at Module.add_svelte_meta (http://localhost:1421/node_modules/.vite/deps/chunk-AWDPZUFH.js?v=c091b0bc:604:12)
    at _page (http://localhost:1421/src/routes/ai/providers/+page.svelte?t=1782593802643:366:4)
    at http://localhost:1421/node_modules/.vite/deps/chunk-N4BY4YM7.js?v=c091b0bc:317:56
    at update_reaction (http://localhost:1421/node_modules/.vite/deps/chunk-AWDPZUFH.js?v=c091b0bc:4075:18)
    at update_effect (http://localhost:1421/node_modules/.vite/deps/chunk-AWDPZUFH.js?v=c091b0bc:4216:21)
    at create_effect (http://localhost:1421/node_modules/.vite/deps/chunk-AWDPZUFH.js?v=c091b0bc:3558:7)
    at branch (http://localhost:1421/node_modules/.vite/deps/chunk-AWDPZUFH.js?v=c091b0bc:3738:10)
    at http://localhost:1421/node_modules/.vite/deps/chunk-N4BY4YM7.js?v=c091b0bc:311:17
    at update_reaction (http://localhost:1421/node_modules/.vite/deps/chunk-AWDPZUFH.js?v=c091b0bc:4075:18)
