[ 4712687ms] [ERROR] [notifications] get_known_apps failed TypeError: Cannot read properties of undefined (reading 'invoke')
    at invoke (http://localhost:1421/node_modules/.vite/deps/chunk-G7S6KQDI.js?v=c091b0bc:109:37)
    at refreshKnownApps (http://localhost:1421/src/routes/notifications/+page.svelte:110:51)
    at http://localhost:1421/src/routes/notifications/+page.svelte:121:3
    at untrack (http://localhost:1421/node_modules/.vite/deps/chunk-AWDPZUFH.js?v=c091b0bc:4387:12)
    at $effect (http://localhost:1421/node_modules/.vite/deps/chunk-N4BY4YM7.js?v=c091b0bc:4224:23)
    at update_reaction (http://localhost:1421/node_modules/.vite/deps/chunk-AWDPZUFH.js?v=c091b0bc:4075:18)
    at update_effect (http://localhost:1421/node_modules/.vite/deps/chunk-AWDPZUFH.js?v=c091b0bc:4216:21)
    at flush_queued_effects (http://localhost:1421/node_modules/.vite/deps/chunk-AWDPZUFH.js?v=c091b0bc:3196:7)
    at _Batch.process_fn (http://localhost:1421/node_modules/.vite/deps/chunk-AWDPZUFH.js?v=c091b0bc:2970:5)
    at _Batch.flush (http://localhost:1421/node_modules/.vite/deps/chunk-AWDPZUFH.js?v=c091b0bc:2693:59) @ http://localhost:1421/src/routes/notifications/+page.svelte:113
[ 4715131ms] [WARNING] [displays] initial fetch failed: TypeError: Cannot read properties of undefined (reading 'invoke')
    at invoke (http://localhost:1421/node_modules/.vite/deps/chunk-G7S6KQDI.js?v=c091b0bc:109:37)
    at initDisplayStore (http://localhost:1421/src/lib/stores/displays.ts:11:27)
    at http://localhost:1421/src/routes/display/+page.svelte:80:45
    at untrack (http://localhost:1421/node_modules/.vite/deps/chunk-AWDPZUFH.js?v=c091b0bc:4387:12)
    at $effect (http://localhost:1421/node_modules/.vite/deps/chunk-N4BY4YM7.js?v=c091b0bc:4224:23)
    at update_reaction (http://localhost:1421/node_modules/.vite/deps/chunk-AWDPZUFH.js?v=c091b0bc:4075:18)
    at update_effect (http://localhost:1421/node_modules/.vite/deps/chunk-AWDPZUFH.js?v=c091b0bc:4216:21)
    at flush_queued_effects (http://localhost:1421/node_modules/.vite/deps/chunk-AWDPZUFH.js?v=c091b0bc:3196:7)
    at _Batch.process_fn (http://localhost:1421/node_modules/.vite/deps/chunk-AWDPZUFH.js?v=c091b0bc:2970:5)
    at _Batch.flush (http://localhost:1421/node_modules/.vite/deps/chunk-AWDPZUFH.js?v=c091b0bc:2693:59) @ http://localhost:1421/node_modules/@sveltejs/kit/src/runtime/client/client.js?v=c091b0bc:3322
[ 4715132ms] [WARNING] display_profiles_list failed: TypeError: Cannot read properties of undefined (reading 'invoke')
    at invoke (http://localhost:1421/node_modules/.vite/deps/chunk-G7S6KQDI.js?v=c091b0bc:109:37)
    at reload (http://localhost:1421/src/lib/components/displays/ProfileSection.svelte:73:51)
    at http://localhost:1421/src/lib/components/displays/ProfileSection.svelte:80:34
    at untrack (http://localhost:1421/node_modules/.vite/deps/chunk-AWDPZUFH.js?v=c091b0bc:4387:12)
    at $effect (http://localhost:1421/node_modules/.vite/deps/chunk-N4BY4YM7.js?v=c091b0bc:4224:23)
    at update_reaction (http://localhost:1421/node_modules/.vite/deps/chunk-AWDPZUFH.js?v=c091b0bc:4075:18)
    at update_effect (http://localhost:1421/node_modules/.vite/deps/chunk-AWDPZUFH.js?v=c091b0bc:4216:21)
    at flush_queued_effects (http://localhost:1421/node_modules/.vite/deps/chunk-AWDPZUFH.js?v=c091b0bc:3196:7)
    at _Batch.process_fn (http://localhost:1421/node_modules/.vite/deps/chunk-AWDPZUFH.js?v=c091b0bc:2970:5)
    at _Batch.flush (http://localhost:1421/node_modules/.vite/deps/chunk-AWDPZUFH.js?v=c091b0bc:2693:59) @ http://localhost:1421/node_modules/@sveltejs/kit/src/runtime/client/client.js?v=c091b0bc:3322
[ 4715132ms] [WARNING] brightness_get_devices failed: TypeError: Cannot read properties of undefined (reading 'invoke')
    at invoke (http://localhost:1421/node_modules/.vite/deps/chunk-G7S6KQDI.js?v=c091b0bc:109:37)
    at reload (http://localhost:1421/src/lib/components/displays/BrightnessSection.svelte:52:52)
    at http://localhost:1421/src/lib/components/displays/BrightnessSection.svelte:85:3
    at untrack (http://localhost:1421/node_modules/.vite/deps/chunk-AWDPZUFH.js?v=c091b0bc:4387:12)
    at $effect (http://localhost:1421/node_modules/.vite/deps/chunk-N4BY4YM7.js?v=c091b0bc:4224:23)
    at update_reaction (http://localhost:1421/node_modules/.vite/deps/chunk-AWDPZUFH.js?v=c091b0bc:4075:18)
    at update_effect (http://localhost:1421/node_modules/.vite/deps/chunk-AWDPZUFH.js?v=c091b0bc:4216:21)
    at flush_queued_effects (http://localhost:1421/node_modules/.vite/deps/chunk-AWDPZUFH.js?v=c091b0bc:3196:7)
    at _Batch.process_fn (http://localhost:1421/node_modules/.vite/deps/chunk-AWDPZUFH.js?v=c091b0bc:2970:5)
    at _Batch.flush (http://localhost:1421/node_modules/.vite/deps/chunk-AWDPZUFH.js?v=c091b0bc:2693:59) @ http://localhost:1421/node_modules/@sveltejs/kit/src/runtime/client/client.js?v=c091b0bc:3322
[ 4715133ms] [WARNING] night_light: read shell.toml failed: TypeError: Cannot read properties of undefined (reading 'invoke')
    at invoke (http://localhost:1421/node_modules/.vite/deps/chunk-G7S6KQDI.js?v=c091b0bc:109:37)
    at reloadFromDisk (http://localhost:1421/src/lib/components/displays/NightLightSection.svelte:63:51)
    at http://localhost:1421/src/lib/components/displays/NightLightSection.svelte:72:34
    at untrack (http://localhost:1421/node_modules/.vite/deps/chunk-AWDPZUFH.js?v=c091b0bc:4387:12)
    at $effect (http://localhost:1421/node_modules/.vite/deps/chunk-N4BY4YM7.js?v=c091b0bc:4224:23)
    at update_reaction (http://localhost:1421/node_modules/.vite/deps/chunk-AWDPZUFH.js?v=c091b0bc:4075:18)
    at update_effect (http://localhost:1421/node_modules/.vite/deps/chunk-AWDPZUFH.js?v=c091b0bc:4216:21)
    at flush_queued_effects (http://localhost:1421/node_modules/.vite/deps/chunk-AWDPZUFH.js?v=c091b0bc:3196:7)
    at _Batch.process_fn (http://localhost:1421/node_modules/.vite/deps/chunk-AWDPZUFH.js?v=c091b0bc:2970:5)
    at _Batch.flush (http://localhost:1421/node_modules/.vite/deps/chunk-AWDPZUFH.js?v=c091b0bc:2693:59) @ http://localhost:1421/node_modules/@sveltejs/kit/src/runtime/client/client.js?v=c091b0bc:3322
[ 4715169ms] TypeError: Cannot read properties of undefined (reading 'transformCallback')
    at transformCallback (http://localhost:1421/node_modules/.vite/deps/chunk-G7S6KQDI.js?v=c091b0bc:22:37)
    at listen (http://localhost:1421/node_modules/.vite/deps/chunk-LDCDX4M5.js?v=c091b0bc:37:14)
    at initDisplayStore (http://localhost:1421/src/lib/stores/displays.ts:19:27)
    at async Module.track_reactivity_loss (http://localhost:1421/node_modules/.vite/deps/chunk-AWDPZUFH.js?v=c091b0bc:1701:15)
    at async http://localhost:1421/src/routes/display/+page.svelte:80:15
[ 4715170ms] TypeError: Cannot read properties of undefined (reading 'transformCallback')
    at transformCallback (http://localhost:1421/node_modules/.vite/deps/chunk-G7S6KQDI.js?v=c091b0bc:22:37)
    at listen (http://localhost:1421/node_modules/.vite/deps/chunk-LDCDX4M5.js?v=c091b0bc:37:14)
    at http://localhost:1421/src/lib/components/displays/NightLightSection.svelte:77:52
[ 4716651ms] [WARNING] [displays] initial fetch failed: TypeError: Cannot read properties of undefined (reading 'invoke')
    at invoke (http://localhost:1421/node_modules/.vite/deps/chunk-G7S6KQDI.js?v=c091b0bc:109:37)
    at initDisplayStore (http://localhost:1421/src/lib/stores/displays.ts:11:27)
    at http://localhost:1421/src/routes/display/+page.svelte:80:45
    at untrack (http://localhost:1421/node_modules/.vite/deps/chunk-AWDPZUFH.js?v=c091b0bc:4387:12)
    at $effect (http://localhost:1421/node_modules/.vite/deps/chunk-N4BY4YM7.js?v=c091b0bc:4224:23)
    at update_reaction (http://localhost:1421/node_modules/.vite/deps/chunk-AWDPZUFH.js?v=c091b0bc:4075:18)
    at update_effect (http://localhost:1421/node_modules/.vite/deps/chunk-AWDPZUFH.js?v=c091b0bc:4216:21)
    at flush_queued_effects (http://localhost:1421/node_modules/.vite/deps/chunk-AWDPZUFH.js?v=c091b0bc:3196:7)
    at _Batch.process_fn (http://localhost:1421/node_modules/.vite/deps/chunk-AWDPZUFH.js?v=c091b0bc:2970:5)
    at _Batch.flush (http://localhost:1421/node_modules/.vite/deps/chunk-AWDPZUFH.js?v=c091b0bc:2693:59) @ http://localhost:1421/node_modules/@sveltejs/kit/src/runtime/client/client.js?v=c091b0bc:3322
[ 4716652ms] [WARNING] display_profiles_list failed: TypeError: Cannot read properties of undefined (reading 'invoke')
    at invoke (http://localhost:1421/node_modules/.vite/deps/chunk-G7S6KQDI.js?v=c091b0bc:109:37)
    at reload (http://localhost:1421/src/lib/components/displays/ProfileSection.svelte:73:51)
    at http://localhost:1421/src/lib/components/displays/ProfileSection.svelte:80:34
    at untrack (http://localhost:1421/node_modules/.vite/deps/chunk-AWDPZUFH.js?v=c091b0bc:4387:12)
    at $effect (http://localhost:1421/node_modules/.vite/deps/chunk-N4BY4YM7.js?v=c091b0bc:4224:23)
    at update_reaction (http://localhost:1421/node_modules/.vite/deps/chunk-AWDPZUFH.js?v=c091b0bc:4075:18)
    at update_effect (http://localhost:1421/node_modules/.vite/deps/chunk-AWDPZUFH.js?v=c091b0bc:4216:21)
    at flush_queued_effects (http://localhost:1421/node_modules/.vite/deps/chunk-AWDPZUFH.js?v=c091b0bc:3196:7)
    at _Batch.process_fn (http://localhost:1421/node_modules/.vite/deps/chunk-AWDPZUFH.js?v=c091b0bc:2970:5)
    at _Batch.flush (http://localhost:1421/node_modules/.vite/deps/chunk-AWDPZUFH.js?v=c091b0bc:2693:59) @ http://localhost:1421/node_modules/@sveltejs/kit/src/runtime/client/client.js?v=c091b0bc:3322
[ 4716652ms] [WARNING] brightness_get_devices failed: TypeError: Cannot read properties of undefined (reading 'invoke')
    at invoke (http://localhost:1421/node_modules/.vite/deps/chunk-G7S6KQDI.js?v=c091b0bc:109:37)
    at reload (http://localhost:1421/src/lib/components/displays/BrightnessSection.svelte:52:52)
    at http://localhost:1421/src/lib/components/displays/BrightnessSection.svelte:85:3
    at untrack (http://localhost:1421/node_modules/.vite/deps/chunk-AWDPZUFH.js?v=c091b0bc:4387:12)
    at $effect (http://localhost:1421/node_modules/.vite/deps/chunk-N4BY4YM7.js?v=c091b0bc:4224:23)
    at update_reaction (http://localhost:1421/node_modules/.vite/deps/chunk-AWDPZUFH.js?v=c091b0bc:4075:18)
    at update_effect (http://localhost:1421/node_modules/.vite/deps/chunk-AWDPZUFH.js?v=c091b0bc:4216:21)
    at flush_queued_effects (http://localhost:1421/node_modules/.vite/deps/chunk-AWDPZUFH.js?v=c091b0bc:3196:7)
    at _Batch.process_fn (http://localhost:1421/node_modules/.vite/deps/chunk-AWDPZUFH.js?v=c091b0bc:2970:5)
    at _Batch.flush (http://localhost:1421/node_modules/.vite/deps/chunk-AWDPZUFH.js?v=c091b0bc:2693:59) @ http://localhost:1421/node_modules/@sveltejs/kit/src/runtime/client/client.js?v=c091b0bc:3322
[ 4716653ms] [WARNING] night_light: read shell.toml failed: TypeError: Cannot read properties of undefined (reading 'invoke')
    at invoke (http://localhost:1421/node_modules/.vite/deps/chunk-G7S6KQDI.js?v=c091b0bc:109:37)
    at reloadFromDisk (http://localhost:1421/src/lib/components/displays/NightLightSection.svelte:63:51)
    at http://localhost:1421/src/lib/components/displays/NightLightSection.svelte:72:34
    at untrack (http://localhost:1421/node_modules/.vite/deps/chunk-AWDPZUFH.js?v=c091b0bc:4387:12)
    at $effect (http://localhost:1421/node_modules/.vite/deps/chunk-N4BY4YM7.js?v=c091b0bc:4224:23)
    at update_reaction (http://localhost:1421/node_modules/.vite/deps/chunk-AWDPZUFH.js?v=c091b0bc:4075:18)
    at update_effect (http://localhost:1421/node_modules/.vite/deps/chunk-AWDPZUFH.js?v=c091b0bc:4216:21)
    at flush_queued_effects (http://localhost:1421/node_modules/.vite/deps/chunk-AWDPZUFH.js?v=c091b0bc:3196:7)
    at _Batch.process_fn (http://localhost:1421/node_modules/.vite/deps/chunk-AWDPZUFH.js?v=c091b0bc:2970:5)
    at _Batch.flush (http://localhost:1421/node_modules/.vite/deps/chunk-AWDPZUFH.js?v=c091b0bc:2693:59) @ http://localhost:1421/node_modules/@sveltejs/kit/src/runtime/client/client.js?v=c091b0bc:3322
[ 4716663ms] TypeError: Cannot read properties of undefined (reading 'transformCallback')
    at transformCallback (http://localhost:1421/node_modules/.vite/deps/chunk-G7S6KQDI.js?v=c091b0bc:22:37)
    at listen (http://localhost:1421/node_modules/.vite/deps/chunk-LDCDX4M5.js?v=c091b0bc:37:14)
    at initDisplayStore (http://localhost:1421/src/lib/stores/displays.ts:19:27)
    at async Module.track_reactivity_loss (http://localhost:1421/node_modules/.vite/deps/chunk-AWDPZUFH.js?v=c091b0bc:1701:15)
    at async http://localhost:1421/src/routes/display/+page.svelte:80:15
[ 4716664ms] TypeError: Cannot read properties of undefined (reading 'transformCallback')
    at transformCallback (http://localhost:1421/node_modules/.vite/deps/chunk-G7S6KQDI.js?v=c091b0bc:22:37)
    at listen (http://localhost:1421/node_modules/.vite/deps/chunk-LDCDX4M5.js?v=c091b0bc:37:14)
    at http://localhost:1421/src/lib/components/displays/NightLightSection.svelte:77:52
[ 5123165ms] [ERROR] [notifications] get_known_apps failed TypeError: Cannot read properties of undefined (reading 'invoke')
    at invoke (http://localhost:1421/node_modules/.vite/deps/chunk-G7S6KQDI.js?v=c091b0bc:109:37)
    at refreshKnownApps (http://localhost:1421/src/routes/notifications/+page.svelte:110:51)
    at http://localhost:1421/src/routes/notifications/+page.svelte:121:3
    at untrack (http://localhost:1421/node_modules/.vite/deps/chunk-AWDPZUFH.js?v=c091b0bc:4387:12)
    at $effect (http://localhost:1421/node_modules/.vite/deps/chunk-N4BY4YM7.js?v=c091b0bc:4224:23)
    at update_reaction (http://localhost:1421/node_modules/.vite/deps/chunk-AWDPZUFH.js?v=c091b0bc:4075:18)
    at update_effect (http://localhost:1421/node_modules/.vite/deps/chunk-AWDPZUFH.js?v=c091b0bc:4216:21)
    at flush_queued_effects (http://localhost:1421/node_modules/.vite/deps/chunk-AWDPZUFH.js?v=c091b0bc:3196:7)
    at _Batch.process_fn (http://localhost:1421/node_modules/.vite/deps/chunk-AWDPZUFH.js?v=c091b0bc:2970:5)
    at _Batch.flush (http://localhost:1421/node_modules/.vite/deps/chunk-AWDPZUFH.js?v=c091b0bc:2693:59) @ http://localhost:1421/src/routes/notifications/+page.svelte:113
[ 9383566ms] [WARNING] [displays] initial fetch failed: TypeError: Cannot read properties of undefined (reading 'invoke')
    at invoke (http://localhost:1421/node_modules/.vite/deps/chunk-G7S6KQDI.js?v=c091b0bc:109:37)
    at initDisplayStore (http://localhost:1421/src/lib/stores/displays.ts:11:27)
    at http://localhost:1421/src/routes/display/+page.svelte:80:45
    at untrack (http://localhost:1421/node_modules/.vite/deps/chunk-AWDPZUFH.js?v=c091b0bc:4387:12)
    at $effect (http://localhost:1421/node_modules/.vite/deps/chunk-N4BY4YM7.js?v=c091b0bc:4224:23)
    at update_reaction (http://localhost:1421/node_modules/.vite/deps/chunk-AWDPZUFH.js?v=c091b0bc:4075:18)
    at update_effect (http://localhost:1421/node_modules/.vite/deps/chunk-AWDPZUFH.js?v=c091b0bc:4216:21)
    at flush_queued_effects (http://localhost:1421/node_modules/.vite/deps/chunk-AWDPZUFH.js?v=c091b0bc:3196:7)
    at _Batch.process_fn (http://localhost:1421/node_modules/.vite/deps/chunk-AWDPZUFH.js?v=c091b0bc:2970:5)
    at _Batch.flush (http://localhost:1421/node_modules/.vite/deps/chunk-AWDPZUFH.js?v=c091b0bc:2693:59) @ http://localhost:1421/node_modules/@sveltejs/kit/src/runtime/client/client.js?v=c091b0bc:3322
[ 9383567ms] [WARNING] display_profiles_list failed: TypeError: Cannot read properties of undefined (reading 'invoke')
    at invoke (http://localhost:1421/node_modules/.vite/deps/chunk-G7S6KQDI.js?v=c091b0bc:109:37)
    at reload (http://localhost:1421/src/lib/components/displays/ProfileSection.svelte:73:51)
    at http://localhost:1421/src/lib/components/displays/ProfileSection.svelte:80:34
    at untrack (http://localhost:1421/node_modules/.vite/deps/chunk-AWDPZUFH.js?v=c091b0bc:4387:12)
    at $effect (http://localhost:1421/node_modules/.vite/deps/chunk-N4BY4YM7.js?v=c091b0bc:4224:23)
    at update_reaction (http://localhost:1421/node_modules/.vite/deps/chunk-AWDPZUFH.js?v=c091b0bc:4075:18)
    at update_effect (http://localhost:1421/node_modules/.vite/deps/chunk-AWDPZUFH.js?v=c091b0bc:4216:21)
    at flush_queued_effects (http://localhost:1421/node_modules/.vite/deps/chunk-AWDPZUFH.js?v=c091b0bc:3196:7)
    at _Batch.process_fn (http://localhost:1421/node_modules/.vite/deps/chunk-AWDPZUFH.js?v=c091b0bc:2970:5)
    at _Batch.flush (http://localhost:1421/node_modules/.vite/deps/chunk-AWDPZUFH.js?v=c091b0bc:2693:59) @ http://localhost:1421/node_modules/@sveltejs/kit/src/runtime/client/client.js?v=c091b0bc:3322
[ 9383567ms] [WARNING] brightness_get_devices failed: TypeError: Cannot read properties of undefined (reading 'invoke')
    at invoke (http://localhost:1421/node_modules/.vite/deps/chunk-G7S6KQDI.js?v=c091b0bc:109:37)
    at reload (http://localhost:1421/src/lib/components/displays/BrightnessSection.svelte:52:52)
    at http://localhost:1421/src/lib/components/displays/BrightnessSection.svelte:85:3
    at untrack (http://localhost:1421/node_modules/.vite/deps/chunk-AWDPZUFH.js?v=c091b0bc:4387:12)
    at $effect (http://localhost:1421/node_modules/.vite/deps/chunk-N4BY4YM7.js?v=c091b0bc:4224:23)
    at update_reaction (http://localhost:1421/node_modules/.vite/deps/chunk-AWDPZUFH.js?v=c091b0bc:4075:18)
    at update_effect (http://localhost:1421/node_modules/.vite/deps/chunk-AWDPZUFH.js?v=c091b0bc:4216:21)
    at flush_queued_effects (http://localhost:1421/node_modules/.vite/deps/chunk-AWDPZUFH.js?v=c091b0bc:3196:7)
    at _Batch.process_fn (http://localhost:1421/node_modules/.vite/deps/chunk-AWDPZUFH.js?v=c091b0bc:2970:5)
    at _Batch.flush (http://localhost:1421/node_modules/.vite/deps/chunk-AWDPZUFH.js?v=c091b0bc:2693:59) @ http://localhost:1421/node_modules/@sveltejs/kit/src/runtime/client/client.js?v=c091b0bc:3322
[ 9383568ms] [WARNING] night_light: read shell.toml failed: TypeError: Cannot read properties of undefined (reading 'invoke')
    at invoke (http://localhost:1421/node_modules/.vite/deps/chunk-G7S6KQDI.js?v=c091b0bc:109:37)
    at reloadFromDisk (http://localhost:1421/src/lib/components/displays/NightLightSection.svelte:63:51)
    at http://localhost:1421/src/lib/components/displays/NightLightSection.svelte:72:34
    at untrack (http://localhost:1421/node_modules/.vite/deps/chunk-AWDPZUFH.js?v=c091b0bc:4387:12)
    at $effect (http://localhost:1421/node_modules/.vite/deps/chunk-N4BY4YM7.js?v=c091b0bc:4224:23)
    at update_reaction (http://localhost:1421/node_modules/.vite/deps/chunk-AWDPZUFH.js?v=c091b0bc:4075:18)
    at update_effect (http://localhost:1421/node_modules/.vite/deps/chunk-AWDPZUFH.js?v=c091b0bc:4216:21)
    at flush_queued_effects (http://localhost:1421/node_modules/.vite/deps/chunk-AWDPZUFH.js?v=c091b0bc:3196:7)
    at _Batch.process_fn (http://localhost:1421/node_modules/.vite/deps/chunk-AWDPZUFH.js?v=c091b0bc:2970:5)
    at _Batch.flush (http://localhost:1421/node_modules/.vite/deps/chunk-AWDPZUFH.js?v=c091b0bc:2693:59) @ http://localhost:1421/node_modules/@sveltejs/kit/src/runtime/client/client.js?v=c091b0bc:3322
[ 9383577ms] TypeError: Cannot read properties of undefined (reading 'transformCallback')
    at transformCallback (http://localhost:1421/node_modules/.vite/deps/chunk-G7S6KQDI.js?v=c091b0bc:22:37)
    at listen (http://localhost:1421/node_modules/.vite/deps/chunk-LDCDX4M5.js?v=c091b0bc:37:14)
    at initDisplayStore (http://localhost:1421/src/lib/stores/displays.ts:19:27)
    at async Module.track_reactivity_loss (http://localhost:1421/node_modules/.vite/deps/chunk-AWDPZUFH.js?v=c091b0bc:1701:15)
    at async http://localhost:1421/src/routes/display/+page.svelte:80:15
[ 9383578ms] TypeError: Cannot read properties of undefined (reading 'transformCallback')
    at transformCallback (http://localhost:1421/node_modules/.vite/deps/chunk-G7S6KQDI.js?v=c091b0bc:22:37)
    at listen (http://localhost:1421/node_modules/.vite/deps/chunk-LDCDX4M5.js?v=c091b0bc:37:14)
    at http://localhost:1421/src/lib/components/displays/NightLightSection.svelte:77:52
[11952522ms] [WARNING] about_get_system_info failed: TypeError: Cannot read properties of undefined (reading 'invoke')
    at invoke (http://localhost:1421/node_modules/.vite/deps/chunk-G7S6KQDI.js?v=c091b0bc:109:37)
    at refresh (http://localhost:1421/src/routes/about/+page.svelte:47:47)
    at untrack (http://localhost:1421/node_modules/.vite/deps/chunk-AWDPZUFH.js?v=c091b0bc:4387:12)
    at $effect (http://localhost:1421/node_modules/.vite/deps/chunk-N4BY4YM7.js?v=c091b0bc:4224:23)
    at update_reaction (http://localhost:1421/node_modules/.vite/deps/chunk-AWDPZUFH.js?v=c091b0bc:4075:18)
    at update_effect (http://localhost:1421/node_modules/.vite/deps/chunk-AWDPZUFH.js?v=c091b0bc:4216:21)
    at flush_queued_effects (http://localhost:1421/node_modules/.vite/deps/chunk-AWDPZUFH.js?v=c091b0bc:3196:7)
    at _Batch.process_fn (http://localhost:1421/node_modules/.vite/deps/chunk-AWDPZUFH.js?v=c091b0bc:2970:5)
    at _Batch.flush (http://localhost:1421/node_modules/.vite/deps/chunk-AWDPZUFH.js?v=c091b0bc:2693:59)
    at Array.<anonymous> (http://localhost:1421/node_modules/.vite/deps/chunk-AWDPZUFH.js?v=c091b0bc:2808:19) @ http://localhost:1421/node_modules/@sveltejs/kit/src/runtime/client/client.js?v=c091b0bc:3322
[11953460ms] [ERROR] [notifications] get_known_apps failed TypeError: Cannot read properties of undefined (reading 'invoke')
    at invoke (http://localhost:1421/node_modules/.vite/deps/chunk-G7S6KQDI.js?v=c091b0bc:109:37)
    at refreshKnownApps (http://localhost:1421/src/routes/notifications/+page.svelte:110:51)
    at http://localhost:1421/src/routes/notifications/+page.svelte:121:3
    at untrack (http://localhost:1421/node_modules/.vite/deps/chunk-AWDPZUFH.js?v=c091b0bc:4387:12)
    at $effect (http://localhost:1421/node_modules/.vite/deps/chunk-N4BY4YM7.js?v=c091b0bc:4224:23)
    at update_reaction (http://localhost:1421/node_modules/.vite/deps/chunk-AWDPZUFH.js?v=c091b0bc:4075:18)
    at update_effect (http://localhost:1421/node_modules/.vite/deps/chunk-AWDPZUFH.js?v=c091b0bc:4216:21)
    at flush_queued_effects (http://localhost:1421/node_modules/.vite/deps/chunk-AWDPZUFH.js?v=c091b0bc:3196:7)
    at _Batch.process_fn (http://localhost:1421/node_modules/.vite/deps/chunk-AWDPZUFH.js?v=c091b0bc:2970:5)
    at _Batch.flush (http://localhost:1421/node_modules/.vite/deps/chunk-AWDPZUFH.js?v=c091b0bc:2693:59) @ http://localhost:1421/src/routes/notifications/+page.svelte:113
[11955104ms] [WARNING] about_get_system_info failed: TypeError: Cannot read properties of undefined (reading 'invoke')
    at invoke (http://localhost:1421/node_modules/.vite/deps/chunk-G7S6KQDI.js?v=c091b0bc:109:37)
    at refresh (http://localhost:1421/src/routes/about/+page.svelte:47:47)
    at untrack (http://localhost:1421/node_modules/.vite/deps/chunk-AWDPZUFH.js?v=c091b0bc:4387:12)
    at $effect (http://localhost:1421/node_modules/.vite/deps/chunk-N4BY4YM7.js?v=c091b0bc:4224:23)
    at update_reaction (http://localhost:1421/node_modules/.vite/deps/chunk-AWDPZUFH.js?v=c091b0bc:4075:18)
    at update_effect (http://localhost:1421/node_modules/.vite/deps/chunk-AWDPZUFH.js?v=c091b0bc:4216:21)
    at flush_queued_effects (http://localhost:1421/node_modules/.vite/deps/chunk-AWDPZUFH.js?v=c091b0bc:3196:7)
    at _Batch.process_fn (http://localhost:1421/node_modules/.vite/deps/chunk-AWDPZUFH.js?v=c091b0bc:2970:5)
    at _Batch.flush (http://localhost:1421/node_modules/.vite/deps/chunk-AWDPZUFH.js?v=c091b0bc:2693:59)
    at Array.<anonymous> (http://localhost:1421/node_modules/.vite/deps/chunk-AWDPZUFH.js?v=c091b0bc:2808:19) @ http://localhost:1421/node_modules/@sveltejs/kit/src/runtime/client/client.js?v=c091b0bc:3322
[11960156ms] [WARNING] open_url(https://github.com/arlenos/docs) failed: TypeError: Cannot read properties of undefined (reading 'invoke')
    at invoke (http://localhost:1421/node_modules/.vite/deps/chunk-G7S6KQDI.js?v=c091b0bc:109:37)
    at openUrl (http://localhost:1421/src/routes/about/+page.svelte:59:35)
    at HTMLButtonElement.onclick (http://localhost:1421/src/routes/about/+page.svelte:403:30)
    at HTMLDivElement.handle_event_propagation (http://localhost:1421/node_modules/.vite/deps/chunk-XYNYIV7W.js?v=c091b0bc:141:22) @ http://localhost:1421/node_modules/@sveltejs/kit/src/runtime/client/client.js?v=c091b0bc:3322
[11961594ms] [WARNING] open_url(https://github.com/arlenos/desktop-shell/issues/new) failed: TypeError: Cannot read properties of undefined (reading 'invoke')
    at invoke (http://localhost:1421/node_modules/.vite/deps/chunk-G7S6KQDI.js?v=c091b0bc:109:37)
    at openUrl (http://localhost:1421/src/routes/about/+page.svelte:59:35)
    at HTMLButtonElement.onclick (http://localhost:1421/src/routes/about/+page.svelte:507:30)
    at HTMLDivElement.handle_event_propagation (http://localhost:1421/node_modules/.vite/deps/chunk-XYNYIV7W.js?v=c091b0bc:141:22) @ http://localhost:1421/node_modules/@sveltejs/kit/src/runtime/client/client.js?v=c091b0bc:3322
[11962595ms] [WARNING] open_url(https://github.com/arlenos) failed: TypeError: Cannot read properties of undefined (reading 'invoke')
    at invoke (http://localhost:1421/node_modules/.vite/deps/chunk-G7S6KQDI.js?v=c091b0bc:109:37)
    at openUrl (http://localhost:1421/src/routes/about/+page.svelte:59:35)
    at HTMLButtonElement.onclick (http://localhost:1421/src/routes/about/+page.svelte:455:30)
    at HTMLDivElement.handle_event_propagation (http://localhost:1421/node_modules/.vite/deps/chunk-XYNYIV7W.js?v=c091b0bc:141:22) @ http://localhost:1421/node_modules/@sveltejs/kit/src/runtime/client/client.js?v=c091b0bc:3322
[11964872ms] [WARNING] [displays] initial fetch failed: TypeError: Cannot read properties of undefined (reading 'invoke')
    at invoke (http://localhost:1421/node_modules/.vite/deps/chunk-G7S6KQDI.js?v=c091b0bc:109:37)
    at initDisplayStore (http://localhost:1421/src/lib/stores/displays.ts:11:27)
    at http://localhost:1421/src/routes/display/+page.svelte:80:45
    at untrack (http://localhost:1421/node_modules/.vite/deps/chunk-AWDPZUFH.js?v=c091b0bc:4387:12)
    at $effect (http://localhost:1421/node_modules/.vite/deps/chunk-N4BY4YM7.js?v=c091b0bc:4224:23)
    at update_reaction (http://localhost:1421/node_modules/.vite/deps/chunk-AWDPZUFH.js?v=c091b0bc:4075:18)
    at update_effect (http://localhost:1421/node_modules/.vite/deps/chunk-AWDPZUFH.js?v=c091b0bc:4216:21)
    at flush_queued_effects (http://localhost:1421/node_modules/.vite/deps/chunk-AWDPZUFH.js?v=c091b0bc:3196:7)
    at _Batch.process_fn (http://localhost:1421/node_modules/.vite/deps/chunk-AWDPZUFH.js?v=c091b0bc:2970:5)
    at _Batch.flush (http://localhost:1421/node_modules/.vite/deps/chunk-AWDPZUFH.js?v=c091b0bc:2693:59) @ http://localhost:1421/node_modules/@sveltejs/kit/src/runtime/client/client.js?v=c091b0bc:3322
[11964873ms] [WARNING] display_profiles_list failed: TypeError: Cannot read properties of undefined (reading 'invoke')
    at invoke (http://localhost:1421/node_modules/.vite/deps/chunk-G7S6KQDI.js?v=c091b0bc:109:37)
    at reload (http://localhost:1421/src/lib/components/displays/ProfileSection.svelte:73:51)
    at http://localhost:1421/src/lib/components/displays/ProfileSection.svelte:80:34
    at untrack (http://localhost:1421/node_modules/.vite/deps/chunk-AWDPZUFH.js?v=c091b0bc:4387:12)
    at $effect (http://localhost:1421/node_modules/.vite/deps/chunk-N4BY4YM7.js?v=c091b0bc:4224:23)
    at update_reaction (http://localhost:1421/node_modules/.vite/deps/chunk-AWDPZUFH.js?v=c091b0bc:4075:18)
    at update_effect (http://localhost:1421/node_modules/.vite/deps/chunk-AWDPZUFH.js?v=c091b0bc:4216:21)
    at flush_queued_effects (http://localhost:1421/node_modules/.vite/deps/chunk-AWDPZUFH.js?v=c091b0bc:3196:7)
    at _Batch.process_fn (http://localhost:1421/node_modules/.vite/deps/chunk-AWDPZUFH.js?v=c091b0bc:2970:5)
    at _Batch.flush (http://localhost:1421/node_modules/.vite/deps/chunk-AWDPZUFH.js?v=c091b0bc:2693:59) @ http://localhost:1421/node_modules/@sveltejs/kit/src/runtime/client/client.js?v=c091b0bc:3322
[11964873ms] [WARNING] brightness_get_devices failed: TypeError: Cannot read properties of undefined (reading 'invoke')
    at invoke (http://localhost:1421/node_modules/.vite/deps/chunk-G7S6KQDI.js?v=c091b0bc:109:37)
    at reload (http://localhost:1421/src/lib/components/displays/BrightnessSection.svelte:52:52)
    at http://localhost:1421/src/lib/components/displays/BrightnessSection.svelte:85:3
    at untrack (http://localhost:1421/node_modules/.vite/deps/chunk-AWDPZUFH.js?v=c091b0bc:4387:12)
    at $effect (http://localhost:1421/node_modules/.vite/deps/chunk-N4BY4YM7.js?v=c091b0bc:4224:23)
    at update_reaction (http://localhost:1421/node_modules/.vite/deps/chunk-AWDPZUFH.js?v=c091b0bc:4075:18)
    at update_effect (http://localhost:1421/node_modules/.vite/deps/chunk-AWDPZUFH.js?v=c091b0bc:4216:21)
    at flush_queued_effects (http://localhost:1421/node_modules/.vite/deps/chunk-AWDPZUFH.js?v=c091b0bc:3196:7)
    at _Batch.process_fn (http://localhost:1421/node_modules/.vite/deps/chunk-AWDPZUFH.js?v=c091b0bc:2970:5)
    at _Batch.flush (http://localhost:1421/node_modules/.vite/deps/chunk-AWDPZUFH.js?v=c091b0bc:2693:59) @ http://localhost:1421/node_modules/@sveltejs/kit/src/runtime/client/client.js?v=c091b0bc:3322
[11964873ms] [WARNING] night_light: read shell.toml failed: TypeError: Cannot read properties of undefined (reading 'invoke')
    at invoke (http://localhost:1421/node_modules/.vite/deps/chunk-G7S6KQDI.js?v=c091b0bc:109:37)
    at reloadFromDisk (http://localhost:1421/src/lib/components/displays/NightLightSection.svelte:63:51)
    at http://localhost:1421/src/lib/components/displays/NightLightSection.svelte:72:34
    at untrack (http://localhost:1421/node_modules/.vite/deps/chunk-AWDPZUFH.js?v=c091b0bc:4387:12)
    at $effect (http://localhost:1421/node_modules/.vite/deps/chunk-N4BY4YM7.js?v=c091b0bc:4224:23)
    at update_reaction (http://localhost:1421/node_modules/.vite/deps/chunk-AWDPZUFH.js?v=c091b0bc:4075:18)
    at update_effect (http://localhost:1421/node_modules/.vite/deps/chunk-AWDPZUFH.js?v=c091b0bc:4216:21)
    at flush_queued_effects (http://localhost:1421/node_modules/.vite/deps/chunk-AWDPZUFH.js?v=c091b0bc:3196:7)
    at _Batch.process_fn (http://localhost:1421/node_modules/.vite/deps/chunk-AWDPZUFH.js?v=c091b0bc:2970:5)
    at _Batch.flush (http://localhost:1421/node_modules/.vite/deps/chunk-AWDPZUFH.js?v=c091b0bc:2693:59) @ http://localhost:1421/node_modules/@sveltejs/kit/src/runtime/client/client.js?v=c091b0bc:3322
[11964886ms] TypeError: Cannot read properties of undefined (reading 'transformCallback')
    at transformCallback (http://localhost:1421/node_modules/.vite/deps/chunk-G7S6KQDI.js?v=c091b0bc:22:37)
    at listen (http://localhost:1421/node_modules/.vite/deps/chunk-LDCDX4M5.js?v=c091b0bc:37:14)
    at initDisplayStore (http://localhost:1421/src/lib/stores/displays.ts:19:27)
    at async Module.track_reactivity_loss (http://localhost:1421/node_modules/.vite/deps/chunk-AWDPZUFH.js?v=c091b0bc:1701:15)
    at async http://localhost:1421/src/routes/display/+page.svelte:80:15
[11964887ms] TypeError: Cannot read properties of undefined (reading 'transformCallback')
    at transformCallback (http://localhost:1421/node_modules/.vite/deps/chunk-G7S6KQDI.js?v=c091b0bc:22:37)
    at listen (http://localhost:1421/node_modules/.vite/deps/chunk-LDCDX4M5.js?v=c091b0bc:37:14)
    at http://localhost:1421/src/lib/components/displays/NightLightSection.svelte:77:52
[12489711ms] [ERROR] [notifications] get_known_apps failed TypeError: Cannot read properties of undefined (reading 'invoke')
    at invoke (http://localhost:1421/node_modules/.vite/deps/chunk-G7S6KQDI.js?v=c091b0bc:109:37)
    at refreshKnownApps (http://localhost:1421/src/routes/notifications/+page.svelte:110:51)
    at http://localhost:1421/src/routes/notifications/+page.svelte:121:3
    at untrack (http://localhost:1421/node_modules/.vite/deps/chunk-AWDPZUFH.js?v=c091b0bc:4387:12)
    at $effect (http://localhost:1421/node_modules/.vite/deps/chunk-N4BY4YM7.js?v=c091b0bc:4224:23)
    at update_reaction (http://localhost:1421/node_modules/.vite/deps/chunk-AWDPZUFH.js?v=c091b0bc:4075:18)
    at update_effect (http://localhost:1421/node_modules/.vite/deps/chunk-AWDPZUFH.js?v=c091b0bc:4216:21)
    at flush_queued_effects (http://localhost:1421/node_modules/.vite/deps/chunk-AWDPZUFH.js?v=c091b0bc:3196:7)
    at _Batch.process_fn (http://localhost:1421/node_modules/.vite/deps/chunk-AWDPZUFH.js?v=c091b0bc:2970:5)
    at _Batch.flush (http://localhost:1421/node_modules/.vite/deps/chunk-AWDPZUFH.js?v=c091b0bc:2693:59) @ http://localhost:1421/src/routes/notifications/+page.svelte:113
[12490646ms] [WARNING] about_get_system_info failed: TypeError: Cannot read properties of undefined (reading 'invoke')
    at invoke (http://localhost:1421/node_modules/.vite/deps/chunk-G7S6KQDI.js?v=c091b0bc:109:37)
    at refresh (http://localhost:1421/src/routes/about/+page.svelte:47:47)
    at untrack (http://localhost:1421/node_modules/.vite/deps/chunk-AWDPZUFH.js?v=c091b0bc:4387:12)
    at $effect (http://localhost:1421/node_modules/.vite/deps/chunk-N4BY4YM7.js?v=c091b0bc:4224:23)
    at update_reaction (http://localhost:1421/node_modules/.vite/deps/chunk-AWDPZUFH.js?v=c091b0bc:4075:18)
    at update_effect (http://localhost:1421/node_modules/.vite/deps/chunk-AWDPZUFH.js?v=c091b0bc:4216:21)
    at flush_queued_effects (http://localhost:1421/node_modules/.vite/deps/chunk-AWDPZUFH.js?v=c091b0bc:3196:7)
    at _Batch.process_fn (http://localhost:1421/node_modules/.vite/deps/chunk-AWDPZUFH.js?v=c091b0bc:2970:5)
    at _Batch.flush (http://localhost:1421/node_modules/.vite/deps/chunk-AWDPZUFH.js?v=c091b0bc:2693:59)
    at Array.<anonymous> (http://localhost:1421/node_modules/.vite/deps/chunk-AWDPZUFH.js?v=c091b0bc:2808:19) @ http://localhost:1421/node_modules/@sveltejs/kit/src/runtime/client/client.js?v=c091b0bc:3322
[12884385ms] [WARNING] [displays] initial fetch failed: TypeError: Cannot read properties of undefined (reading 'invoke')
    at invoke (http://localhost:1421/node_modules/.vite/deps/chunk-G7S6KQDI.js?v=c091b0bc:109:37)
    at initDisplayStore (http://localhost:1421/src/lib/stores/displays.ts:11:27)
    at http://localhost:1421/src/routes/display/+page.svelte?t=1782639975565:80:45
    at untrack (http://localhost:1421/node_modules/.vite/deps/chunk-AWDPZUFH.js?v=c091b0bc:4387:12)
    at $effect (http://localhost:1421/node_modules/.vite/deps/chunk-N4BY4YM7.js?v=c091b0bc:4224:23)
    at update_reaction (http://localhost:1421/node_modules/.vite/deps/chunk-AWDPZUFH.js?v=c091b0bc:4075:18)
    at update_effect (http://localhost:1421/node_modules/.vite/deps/chunk-AWDPZUFH.js?v=c091b0bc:4216:21)
    at flush_queued_effects (http://localhost:1421/node_modules/.vite/deps/chunk-AWDPZUFH.js?v=c091b0bc:3196:7)
    at _Batch.process_fn (http://localhost:1421/node_modules/.vite/deps/chunk-AWDPZUFH.js?v=c091b0bc:2970:5)
    at _Batch.flush (http://localhost:1421/node_modules/.vite/deps/chunk-AWDPZUFH.js?v=c091b0bc:2693:59) @ http://localhost:1421/node_modules/@sveltejs/kit/src/runtime/client/client.js?v=c091b0bc:3322
[12884386ms] [WARNING] display_profiles_list failed: TypeError: Cannot read properties of undefined (reading 'invoke')
    at invoke (http://localhost:1421/node_modules/.vite/deps/chunk-G7S6KQDI.js?v=c091b0bc:109:37)
    at reload (http://localhost:1421/src/lib/components/displays/ProfileSection.svelte:73:51)
    at http://localhost:1421/src/lib/components/displays/ProfileSection.svelte:80:34
    at untrack (http://localhost:1421/node_modules/.vite/deps/chunk-AWDPZUFH.js?v=c091b0bc:4387:12)
    at $effect (http://localhost:1421/node_modules/.vite/deps/chunk-N4BY4YM7.js?v=c091b0bc:4224:23)
    at update_reaction (http://localhost:1421/node_modules/.vite/deps/chunk-AWDPZUFH.js?v=c091b0bc:4075:18)
    at update_effect (http://localhost:1421/node_modules/.vite/deps/chunk-AWDPZUFH.js?v=c091b0bc:4216:21)
    at flush_queued_effects (http://localhost:1421/node_modules/.vite/deps/chunk-AWDPZUFH.js?v=c091b0bc:3196:7)
    at _Batch.process_fn (http://localhost:1421/node_modules/.vite/deps/chunk-AWDPZUFH.js?v=c091b0bc:2970:5)
    at _Batch.flush (http://localhost:1421/node_modules/.vite/deps/chunk-AWDPZUFH.js?v=c091b0bc:2693:59) @ http://localhost:1421/node_modules/@sveltejs/kit/src/runtime/client/client.js?v=c091b0bc:3322
[12884386ms] [WARNING] brightness_get_devices failed: TypeError: Cannot read properties of undefined (reading 'invoke')
    at invoke (http://localhost:1421/node_modules/.vite/deps/chunk-G7S6KQDI.js?v=c091b0bc:109:37)
    at reload (http://localhost:1421/src/lib/components/displays/BrightnessSection.svelte?t=1782639975565:52:52)
    at http://localhost:1421/src/lib/components/displays/BrightnessSection.svelte?t=1782639975565:85:3
    at untrack (http://localhost:1421/node_modules/.vite/deps/chunk-AWDPZUFH.js?v=c091b0bc:4387:12)
    at $effect (http://localhost:1421/node_modules/.vite/deps/chunk-N4BY4YM7.js?v=c091b0bc:4224:23)
    at update_reaction (http://localhost:1421/node_modules/.vite/deps/chunk-AWDPZUFH.js?v=c091b0bc:4075:18)
    at update_effect (http://localhost:1421/node_modules/.vite/deps/chunk-AWDPZUFH.js?v=c091b0bc:4216:21)
    at flush_queued_effects (http://localhost:1421/node_modules/.vite/deps/chunk-AWDPZUFH.js?v=c091b0bc:3196:7)
    at _Batch.process_fn (http://localhost:1421/node_modules/.vite/deps/chunk-AWDPZUFH.js?v=c091b0bc:2970:5)
    at _Batch.flush (http://localhost:1421/node_modules/.vite/deps/chunk-AWDPZUFH.js?v=c091b0bc:2693:59) @ http://localhost:1421/node_modules/@sveltejs/kit/src/runtime/client/client.js?v=c091b0bc:3322
[12884387ms] [WARNING] night_light: read shell.toml failed: TypeError: Cannot read properties of undefined (reading 'invoke')
    at invoke (http://localhost:1421/node_modules/.vite/deps/chunk-G7S6KQDI.js?v=c091b0bc:109:37)
    at reloadFromDisk (http://localhost:1421/src/lib/components/displays/NightLightSection.svelte?t=1782639975565:63:51)
    at http://localhost:1421/src/lib/components/displays/NightLightSection.svelte?t=1782639975565:72:34
    at untrack (http://localhost:1421/node_modules/.vite/deps/chunk-AWDPZUFH.js?v=c091b0bc:4387:12)
    at $effect (http://localhost:1421/node_modules/.vite/deps/chunk-N4BY4YM7.js?v=c091b0bc:4224:23)
    at update_reaction (http://localhost:1421/node_modules/.vite/deps/chunk-AWDPZUFH.js?v=c091b0bc:4075:18)
    at update_effect (http://localhost:1421/node_modules/.vite/deps/chunk-AWDPZUFH.js?v=c091b0bc:4216:21)
    at flush_queued_effects (http://localhost:1421/node_modules/.vite/deps/chunk-AWDPZUFH.js?v=c091b0bc:3196:7)
    at _Batch.process_fn (http://localhost:1421/node_modules/.vite/deps/chunk-AWDPZUFH.js?v=c091b0bc:2970:5)
    at _Batch.flush (http://localhost:1421/node_modules/.vite/deps/chunk-AWDPZUFH.js?v=c091b0bc:2693:59) @ http://localhost:1421/node_modules/@sveltejs/kit/src/runtime/client/client.js?v=c091b0bc:3322
[12884402ms] TypeError: Cannot read properties of undefined (reading 'transformCallback')
    at transformCallback (http://localhost:1421/node_modules/.vite/deps/chunk-G7S6KQDI.js?v=c091b0bc:22:37)
    at listen (http://localhost:1421/node_modules/.vite/deps/chunk-LDCDX4M5.js?v=c091b0bc:37:14)
    at initDisplayStore (http://localhost:1421/src/lib/stores/displays.ts:19:27)
    at async Module.track_reactivity_loss (http://localhost:1421/node_modules/.vite/deps/chunk-AWDPZUFH.js?v=c091b0bc:1701:15)
    at async http://localhost:1421/src/routes/display/+page.svelte?t=1782639975565:80:15
[12884403ms] TypeError: Cannot read properties of undefined (reading 'transformCallback')
    at transformCallback (http://localhost:1421/node_modules/.vite/deps/chunk-G7S6KQDI.js?v=c091b0bc:22:37)
    at listen (http://localhost:1421/node_modules/.vite/deps/chunk-LDCDX4M5.js?v=c091b0bc:37:14)
    at http://localhost:1421/src/lib/components/displays/NightLightSection.svelte?t=1782639975565:77:52
