[   11369ms] [ERROR] Failed to load resource: the server responded with a status of 404 (Not Found) @ http://localhost:1423/src/routes/rail-demo/+page.svelte?t=1782564363430:0
[   11369ms] [ERROR] [vite] Failed to reload /src/routes/rail-demo/+page.svelte. This could be due to syntax errors or importing non-existent modules. (see errors above) @ http://localhost:1423/@vite/client:881
[   11371ms] TypeError: Cannot read properties of undefined (reading 'default')
    at http://localhost:1423/src/routes/rail-demo/+page.svelte?t=1782564348352:90:30
    at http://localhost:1423/@vite/client:46:60
    at http://localhost:1423/@vite/client:213:11
    at http://localhost:1423/@vite/client:186:58
    at Array.forEach (<anonymous>)
    at HMRClient.queueUpdate (http://localhost:1423/@vite/client:186:36)
    at async Promise.all (index 0)
    at async handleMessage (http://localhost:1423/@vite/client:927:7)
[   11541ms] [ERROR] Failed to load resource: the server responded with a status of 404 (Not Found) @ http://localhost:1423/rail-demo:0
[   11573ms] [WARNING] The next HMR update will cause the page to reload @ http://localhost:1423/node_modules/@sveltejs/kit/src/runtime/client/client.js?v=7577d241:3377
[   11573ms] [ERROR] SvelteKitError: Not found: /rail-demo
    at navigate (http://localhost:1423/node_modules/@sveltejs/kit/src/runtime/client/client.js?v=7577d241:1748:24)
    at async Module.start (http://localhost:1423/node_modules/@sveltejs/kit/src/runtime/client/client.js?v=7577d241:393:3) @ http://localhost:1423/@fs/home/tim/Repositories/arlen/apps/harness/.svelte-kit/generated/client/app.js:23
[  441428ms] [ERROR] Failed to load resource: the server responded with a status of 404 (Not Found) @ http://localhost:1423/rail-demo:0
[  441626ms] [WARNING] The next HMR update will cause the page to reload @ http://localhost:1423/node_modules/@sveltejs/kit/src/runtime/client/client.js?v=7577d241:3377
[  441626ms] [ERROR] SvelteKitError: Not found: /rail-demo
    at navigate (http://localhost:1423/node_modules/@sveltejs/kit/src/runtime/client/client.js?v=7577d241:1748:24)
    at async Module.start (http://localhost:1423/node_modules/@sveltejs/kit/src/runtime/client/client.js?v=7577d241:393:3) @ http://localhost:1423/@fs/home/tim/Repositories/arlen/apps/harness/.svelte-kit/generated/client/app.js:23
[  447953ms] [ERROR] Failed to load resource: the server responded with a status of 404 (Not Found) @ http://localhost:1423/rail-demo:0
[  448070ms] [WARNING] The next HMR update will cause the page to reload @ http://localhost:1423/node_modules/@sveltejs/kit/src/runtime/client/client.js?v=7577d241:3377
[  448070ms] [ERROR] SvelteKitError: Not found: /rail-demo
    at navigate (http://localhost:1423/node_modules/@sveltejs/kit/src/runtime/client/client.js?v=7577d241:1748:24)
    at async Module.start (http://localhost:1423/node_modules/@sveltejs/kit/src/runtime/client/client.js?v=7577d241:393:3) @ http://localhost:1423/@fs/home/tim/Repositories/arlen/apps/harness/.svelte-kit/generated/client/app.js:23
[  454015ms] [ERROR] Failed to load resource: the server responded with a status of 404 (Not Found) @ http://localhost:1423/rail-demo:0
[  454069ms] [WARNING] The next HMR update will cause the page to reload @ http://localhost:1423/node_modules/@sveltejs/kit/src/runtime/client/client.js?v=7577d241:3377
[  454070ms] [ERROR] SvelteKitError: Not found: /rail-demo
    at navigate (http://localhost:1423/node_modules/@sveltejs/kit/src/runtime/client/client.js?v=7577d241:1748:24)
    at async Module.start (http://localhost:1423/node_modules/@sveltejs/kit/src/runtime/client/client.js?v=7577d241:393:3) @ http://localhost:1423/@fs/home/tim/Repositories/arlen/apps/harness/.svelte-kit/generated/client/app.js:23
[  470827ms] [ERROR] Failed to load resource: the server responded with a status of 404 (Not Found) @ http://localhost:1423/rail-demo:0
[  470860ms] [WARNING] The next HMR update will cause the page to reload @ http://localhost:1423/node_modules/@sveltejs/kit/src/runtime/client/client.js?v=7577d241:3377
[  470860ms] [ERROR] SvelteKitError: Not found: /rail-demo
    at navigate (http://localhost:1423/node_modules/@sveltejs/kit/src/runtime/client/client.js?v=7577d241:1748:24)
    at async Module.start (http://localhost:1423/node_modules/@sveltejs/kit/src/runtime/client/client.js?v=7577d241:393:3) @ http://localhost:1423/@fs/home/tim/Repositories/arlen/apps/harness/.svelte-kit/generated/client/app.js:23
